[2023-12-14T11:03:50.741+0000] {taskinstance.py:1159} INFO - Dependencies all met for dep_context=non-requeueable deps ti=<TaskInstance: etl_local_to_gcs_to_bigquery.loads_raw_data_to_gcs.upload_raw_data_2015_to_gcs manual__2023-12-14T11:02:33.751879+00:00 [queued]>
[2023-12-14T11:03:50.757+0000] {taskinstance.py:1159} INFO - Dependencies all met for dep_context=requeueable deps ti=<TaskInstance: etl_local_to_gcs_to_bigquery.loads_raw_data_to_gcs.upload_raw_data_2015_to_gcs manual__2023-12-14T11:02:33.751879+00:00 [queued]>
[2023-12-14T11:03:50.758+0000] {taskinstance.py:1361} INFO - Starting attempt 1 of 1
[2023-12-14T11:03:50.779+0000] {taskinstance.py:1382} INFO - Executing <Task(PythonOperator): loads_raw_data_to_gcs.upload_raw_data_2015_to_gcs> on 2023-12-14 11:02:33.751879+00:00
[2023-12-14T11:03:50.788+0000] {standard_task_runner.py:57} INFO - Started process 2545 to run task
[2023-12-14T11:03:50.794+0000] {standard_task_runner.py:84} INFO - Running: ['***', 'tasks', 'run', 'etl_local_to_gcs_to_bigquery', 'loads_raw_data_to_gcs.upload_raw_data_2015_to_gcs', 'manual__2023-12-14T11:02:33.751879+00:00', '--job-id', '301', '--raw', '--subdir', 'DAGS_FOLDER/etl_gcs_to_bq.py', '--cfg-path', '/tmp/tmp8wxzpflz']
[2023-12-14T11:03:50.799+0000] {standard_task_runner.py:85} INFO - Job 301: Subtask loads_raw_data_to_gcs.upload_raw_data_2015_to_gcs
[2023-12-14T11:03:50.876+0000] {task_command.py:416} INFO - Running <TaskInstance: etl_local_to_gcs_to_bigquery.loads_raw_data_to_gcs.upload_raw_data_2015_to_gcs manual__2023-12-14T11:02:33.751879+00:00 [running]> on host c0a30b49a736
[2023-12-14T11:03:50.988+0000] {taskinstance.py:1662} INFO - Exporting env vars: AIRFLOW_CTX_DAG_OWNER='***' AIRFLOW_CTX_DAG_ID='etl_local_to_gcs_to_bigquery' AIRFLOW_CTX_TASK_ID='loads_raw_data_to_gcs.upload_raw_data_2015_to_gcs' AIRFLOW_CTX_EXECUTION_DATE='2023-12-14T11:02:33.751879+00:00' AIRFLOW_CTX_TRY_NUMBER='1' AIRFLOW_CTX_DAG_RUN_ID='manual__2023-12-14T11:02:33.751879+00:00'
[2023-12-14T11:03:50.995+0000] {crypto.py:82} WARNING - empty cryptography key - values will not be stored encrypted.
[2023-12-14T11:03:50.996+0000] {connection.py:232} WARNING - Connection schemes (type: google_cloud_platform) shall not contain '_' according to RFC3986.
[2023-12-14T11:03:50.998+0000] {base.py:73} INFO - Using connection ID 'google_cloud_default' for task execution.
[2023-12-14T11:03:52.210+0000] {gcs.py:562} INFO - File /opt/***/dataset/raw/Indeks-Standar-Pencemar-Udara-di-SPKU-Bulan-Januari-Tahun-2015.csv uploaded to raw/Indeks-Standar-Pencemar-Udara-di-SPKU-Bulan-Januari-Tahun-2015.csv in ampun_puh_sepuh bucket
[2023-12-14T11:03:52.213+0000] {connection.py:232} WARNING - Connection schemes (type: google_cloud_platform) shall not contain '_' according to RFC3986.
[2023-12-14T11:03:52.214+0000] {base.py:73} INFO - Using connection ID 'google_cloud_default' for task execution.
[2023-12-14T11:03:53.068+0000] {gcs.py:562} INFO - File /opt/***/dataset/raw/Indeks-Standar-Pencemar-Udara-di-SPKU-Bulan-Februari-Tahun-2015.csv uploaded to raw/Indeks-Standar-Pencemar-Udara-di-SPKU-Bulan-Februari-Tahun-2015.csv in ampun_puh_sepuh bucket
[2023-12-14T11:03:53.071+0000] {connection.py:232} WARNING - Connection schemes (type: google_cloud_platform) shall not contain '_' according to RFC3986.
[2023-12-14T11:03:53.072+0000] {base.py:73} INFO - Using connection ID 'google_cloud_default' for task execution.
[2023-12-14T11:03:54.094+0000] {gcs.py:562} INFO - File /opt/***/dataset/raw/Indeks-Standar-Pencemar-Udara-di-SPKU-Bulan-Maret-Tahun-2015.csv uploaded to raw/Indeks-Standar-Pencemar-Udara-di-SPKU-Bulan-Maret-Tahun-2015.csv in ampun_puh_sepuh bucket
[2023-12-14T11:03:54.099+0000] {connection.py:232} WARNING - Connection schemes (type: google_cloud_platform) shall not contain '_' according to RFC3986.
[2023-12-14T11:03:54.103+0000] {base.py:73} INFO - Using connection ID 'google_cloud_default' for task execution.
[2023-12-14T11:03:55.117+0000] {gcs.py:562} INFO - File /opt/***/dataset/raw/Indeks-Standar-Pencemar-Udara-di-SPKU-Bulan-April-Tahun-2015.csv uploaded to raw/Indeks-Standar-Pencemar-Udara-di-SPKU-Bulan-April-Tahun-2015.csv in ampun_puh_sepuh bucket
[2023-12-14T11:03:55.120+0000] {connection.py:232} WARNING - Connection schemes (type: google_cloud_platform) shall not contain '_' according to RFC3986.
[2023-12-14T11:03:55.123+0000] {base.py:73} INFO - Using connection ID 'google_cloud_default' for task execution.
[2023-12-14T11:03:56.345+0000] {gcs.py:562} INFO - File /opt/***/dataset/raw/Indeks-Standar-Pencemar-Udara-di-SPKU-Bulan-Mei-Tahun-2015.csv uploaded to raw/Indeks-Standar-Pencemar-Udara-di-SPKU-Bulan-Mei-Tahun-2015.csv in ampun_puh_sepuh bucket
[2023-12-14T11:03:56.348+0000] {connection.py:232} WARNING - Connection schemes (type: google_cloud_platform) shall not contain '_' according to RFC3986.
[2023-12-14T11:03:56.350+0000] {base.py:73} INFO - Using connection ID 'google_cloud_default' for task execution.
[2023-12-14T11:03:57.316+0000] {gcs.py:562} INFO - File /opt/***/dataset/raw/Indeks-Standar-Pencemar-Udara-di-SPKU-Bulan-Juni-Tahun-2015.csv uploaded to raw/Indeks-Standar-Pencemar-Udara-di-SPKU-Bulan-Juni-Tahun-2015.csv in ampun_puh_sepuh bucket
[2023-12-14T11:03:57.318+0000] {connection.py:232} WARNING - Connection schemes (type: google_cloud_platform) shall not contain '_' according to RFC3986.
[2023-12-14T11:03:57.320+0000] {base.py:73} INFO - Using connection ID 'google_cloud_default' for task execution.
[2023-12-14T11:03:58.394+0000] {gcs.py:562} INFO - File /opt/***/dataset/raw/Indeks-Standar-Pencemar-Udara-di-SPKU-Bulan-Juli-Tahun-2015.csv uploaded to raw/Indeks-Standar-Pencemar-Udara-di-SPKU-Bulan-Juli-Tahun-2015.csv in ampun_puh_sepuh bucket
[2023-12-14T11:03:58.397+0000] {connection.py:232} WARNING - Connection schemes (type: google_cloud_platform) shall not contain '_' according to RFC3986.
[2023-12-14T11:03:58.399+0000] {base.py:73} INFO - Using connection ID 'google_cloud_default' for task execution.
[2023-12-14T11:03:59.418+0000] {gcs.py:562} INFO - File /opt/***/dataset/raw/Indeks-Standar-Pencemar-Udara-di-SPKU-Bulan-Agustus-Tahun-2015.csv uploaded to raw/Indeks-Standar-Pencemar-Udara-di-SPKU-Bulan-Agustus-Tahun-2015.csv in ampun_puh_sepuh bucket
[2023-12-14T11:03:59.422+0000] {connection.py:232} WARNING - Connection schemes (type: google_cloud_platform) shall not contain '_' according to RFC3986.
[2023-12-14T11:03:59.425+0000] {base.py:73} INFO - Using connection ID 'google_cloud_default' for task execution.
[2023-12-14T11:04:00.442+0000] {gcs.py:562} INFO - File /opt/***/dataset/raw/Indeks-Standar-Pencemar-Udara-di-SPKU-Bulan-September-Tahun-2015.csv uploaded to raw/Indeks-Standar-Pencemar-Udara-di-SPKU-Bulan-September-Tahun-2015.csv in ampun_puh_sepuh bucket
[2023-12-14T11:04:00.446+0000] {connection.py:232} WARNING - Connection schemes (type: google_cloud_platform) shall not contain '_' according to RFC3986.
[2023-12-14T11:04:00.447+0000] {base.py:73} INFO - Using connection ID 'google_cloud_default' for task execution.
[2023-12-14T11:04:01.583+0000] {gcs.py:562} INFO - File /opt/***/dataset/raw/Indeks-Standar-Pencemar-Udara-di-SPKU-Bulan-Oktober-Tahun-2015.csv uploaded to raw/Indeks-Standar-Pencemar-Udara-di-SPKU-Bulan-Oktober-Tahun-2015.csv in ampun_puh_sepuh bucket
[2023-12-14T11:04:01.585+0000] {connection.py:232} WARNING - Connection schemes (type: google_cloud_platform) shall not contain '_' according to RFC3986.
[2023-12-14T11:04:01.586+0000] {base.py:73} INFO - Using connection ID 'google_cloud_default' for task execution.
[2023-12-14T11:04:02.694+0000] {gcs.py:562} INFO - File /opt/***/dataset/raw/Indeks-Standar-Pencemar-Udara-di-SPKU-Bulan-November-Tahun-2015.csv uploaded to raw/Indeks-Standar-Pencemar-Udara-di-SPKU-Bulan-November-Tahun-2015.csv in ampun_puh_sepuh bucket
[2023-12-14T11:04:02.697+0000] {connection.py:232} WARNING - Connection schemes (type: google_cloud_platform) shall not contain '_' according to RFC3986.
[2023-12-14T11:04:02.698+0000] {base.py:73} INFO - Using connection ID 'google_cloud_default' for task execution.
[2023-12-14T11:04:03.923+0000] {gcs.py:562} INFO - File /opt/***/dataset/raw/Indeks-Standar-Pencemar-Udara-di-SPKU-Bulan-Desember-Tahun-2015.csv uploaded to raw/Indeks-Standar-Pencemar-Udara-di-SPKU-Bulan-Desember-Tahun-2015.csv in ampun_puh_sepuh bucket
[2023-12-14T11:04:03.925+0000] {python.py:194} INFO - Done. Returned value was: None
[2023-12-14T11:04:03.959+0000] {taskinstance.py:1400} INFO - Marking task as SUCCESS. dag_id=etl_local_to_gcs_to_bigquery, task_id=loads_raw_data_to_gcs.upload_raw_data_2015_to_gcs, execution_date=20231214T110233, start_date=20231214T110350, end_date=20231214T110403
[2023-12-14T11:04:04.047+0000] {local_task_job_runner.py:228} INFO - Task exited with return code 0
[2023-12-14T11:04:04.185+0000] {taskinstance.py:2778} INFO - 1 downstream tasks scheduled from follow-on schedule check
