[2023-12-14T07:40:12.293+0000] {processor.py:157} INFO - Started process (PID=44) to work on /opt/airflow/dags/etl_local_to_psql.py
[2023-12-14T07:40:12.301+0000] {processor.py:829} INFO - Processing file /opt/airflow/dags/etl_local_to_psql.py for tasks to queue
[2023-12-14T07:40:12.326+0000] {logging_mixin.py:154} INFO - [2023-12-14T07:40:12.325+0000] {dagbag.py:536} INFO - Filling up the DagBag from /opt/airflow/dags/etl_local_to_psql.py
[2023-12-14T07:40:12.458+0000] {processor.py:839} INFO - DAG(s) dict_keys(['etl_local_to_psql']) retrieved from /opt/airflow/dags/etl_local_to_psql.py
[2023-12-14T07:40:12.911+0000] {logging_mixin.py:154} INFO - [2023-12-14T07:40:12.910+0000] {dag.py:2941} INFO - Sync 1 DAGs
[2023-12-14T07:40:12.969+0000] {logging_mixin.py:154} INFO - [2023-12-14T07:40:12.968+0000] {dag.py:3722} INFO - Setting next_dagrun for etl_local_to_psql to None, run_after=None
[2023-12-14T07:40:13.164+0000] {processor.py:179} INFO - Processing /opt/airflow/dags/etl_local_to_psql.py took 0.903 seconds
[2023-12-14T07:40:43.893+0000] {processor.py:157} INFO - Started process (PID=54) to work on /opt/airflow/dags/etl_local_to_psql.py
[2023-12-14T07:40:43.919+0000] {processor.py:829} INFO - Processing file /opt/airflow/dags/etl_local_to_psql.py for tasks to queue
[2023-12-14T07:40:43.944+0000] {logging_mixin.py:154} INFO - [2023-12-14T07:40:43.937+0000] {dagbag.py:536} INFO - Filling up the DagBag from /opt/airflow/dags/etl_local_to_psql.py
[2023-12-14T07:40:44.058+0000] {processor.py:839} INFO - DAG(s) dict_keys(['etl_local_to_psql']) retrieved from /opt/airflow/dags/etl_local_to_psql.py
[2023-12-14T07:40:44.222+0000] {logging_mixin.py:154} INFO - [2023-12-14T07:40:44.222+0000] {dag.py:2941} INFO - Sync 1 DAGs
[2023-12-14T07:40:44.364+0000] {logging_mixin.py:154} INFO - [2023-12-14T07:40:44.363+0000] {dag.py:3722} INFO - Setting next_dagrun for etl_local_to_psql to None, run_after=None
[2023-12-14T07:40:44.621+0000] {processor.py:179} INFO - Processing /opt/airflow/dags/etl_local_to_psql.py took 0.772 seconds
[2023-12-14T07:41:15.593+0000] {processor.py:157} INFO - Started process (PID=64) to work on /opt/airflow/dags/etl_local_to_psql.py
[2023-12-14T07:41:15.622+0000] {processor.py:829} INFO - Processing file /opt/airflow/dags/etl_local_to_psql.py for tasks to queue
[2023-12-14T07:41:15.735+0000] {logging_mixin.py:154} INFO - [2023-12-14T07:41:15.734+0000] {dagbag.py:536} INFO - Filling up the DagBag from /opt/airflow/dags/etl_local_to_psql.py
[2023-12-14T07:41:15.903+0000] {processor.py:839} INFO - DAG(s) dict_keys(['etl_local_to_psql']) retrieved from /opt/airflow/dags/etl_local_to_psql.py
[2023-12-14T07:41:16.062+0000] {logging_mixin.py:154} INFO - [2023-12-14T07:41:16.060+0000] {dag.py:2941} INFO - Sync 1 DAGs
[2023-12-14T07:41:16.155+0000] {logging_mixin.py:154} INFO - [2023-12-14T07:41:16.154+0000] {dag.py:3722} INFO - Setting next_dagrun for etl_local_to_psql to None, run_after=None
[2023-12-14T07:41:16.242+0000] {processor.py:179} INFO - Processing /opt/airflow/dags/etl_local_to_psql.py took 0.678 seconds
[2023-12-14T07:41:46.809+0000] {processor.py:157} INFO - Started process (PID=75) to work on /opt/airflow/dags/etl_local_to_psql.py
[2023-12-14T07:41:46.814+0000] {processor.py:829} INFO - Processing file /opt/airflow/dags/etl_local_to_psql.py for tasks to queue
[2023-12-14T07:41:46.826+0000] {logging_mixin.py:154} INFO - [2023-12-14T07:41:46.825+0000] {dagbag.py:536} INFO - Filling up the DagBag from /opt/airflow/dags/etl_local_to_psql.py
[2023-12-14T07:41:46.878+0000] {processor.py:839} INFO - DAG(s) dict_keys(['etl_local_to_psql']) retrieved from /opt/airflow/dags/etl_local_to_psql.py
[2023-12-14T07:41:46.966+0000] {logging_mixin.py:154} INFO - [2023-12-14T07:41:46.966+0000] {dag.py:2941} INFO - Sync 1 DAGs
[2023-12-14T07:41:47.032+0000] {logging_mixin.py:154} INFO - [2023-12-14T07:41:47.031+0000] {dag.py:3722} INFO - Setting next_dagrun for etl_local_to_psql to None, run_after=None
[2023-12-14T07:41:47.116+0000] {processor.py:179} INFO - Processing /opt/airflow/dags/etl_local_to_psql.py took 0.318 seconds
[2023-12-14T07:42:17.807+0000] {processor.py:157} INFO - Started process (PID=86) to work on /opt/airflow/dags/etl_local_to_psql.py
[2023-12-14T07:42:17.826+0000] {processor.py:829} INFO - Processing file /opt/airflow/dags/etl_local_to_psql.py for tasks to queue
[2023-12-14T07:42:17.862+0000] {logging_mixin.py:154} INFO - [2023-12-14T07:42:17.861+0000] {dagbag.py:536} INFO - Filling up the DagBag from /opt/airflow/dags/etl_local_to_psql.py
[2023-12-14T07:42:18.048+0000] {processor.py:839} INFO - DAG(s) dict_keys(['etl_local_to_psql']) retrieved from /opt/airflow/dags/etl_local_to_psql.py
[2023-12-14T07:42:18.360+0000] {logging_mixin.py:154} INFO - [2023-12-14T07:42:18.359+0000] {dag.py:2941} INFO - Sync 1 DAGs
[2023-12-14T07:42:18.565+0000] {logging_mixin.py:154} INFO - [2023-12-14T07:42:18.564+0000] {dag.py:3722} INFO - Setting next_dagrun for etl_local_to_psql to None, run_after=None
[2023-12-14T07:42:18.828+0000] {processor.py:179} INFO - Processing /opt/airflow/dags/etl_local_to_psql.py took 1.128 seconds
[2023-12-14T07:42:49.354+0000] {processor.py:157} INFO - Started process (PID=96) to work on /opt/airflow/dags/etl_local_to_psql.py
[2023-12-14T07:42:49.359+0000] {processor.py:829} INFO - Processing file /opt/airflow/dags/etl_local_to_psql.py for tasks to queue
[2023-12-14T07:42:49.388+0000] {logging_mixin.py:154} INFO - [2023-12-14T07:42:49.387+0000] {dagbag.py:536} INFO - Filling up the DagBag from /opt/airflow/dags/etl_local_to_psql.py
[2023-12-14T07:42:49.488+0000] {processor.py:839} INFO - DAG(s) dict_keys(['etl_local_to_psql']) retrieved from /opt/airflow/dags/etl_local_to_psql.py
[2023-12-14T07:42:49.899+0000] {logging_mixin.py:154} INFO - [2023-12-14T07:42:49.898+0000] {dag.py:2941} INFO - Sync 1 DAGs
[2023-12-14T07:42:49.982+0000] {logging_mixin.py:154} INFO - [2023-12-14T07:42:49.981+0000] {dag.py:3722} INFO - Setting next_dagrun for etl_local_to_psql to None, run_after=None
[2023-12-14T07:42:50.140+0000] {processor.py:179} INFO - Processing /opt/airflow/dags/etl_local_to_psql.py took 0.845 seconds
[2023-12-14T07:43:20.307+0000] {processor.py:157} INFO - Started process (PID=105) to work on /opt/airflow/dags/etl_local_to_psql.py
[2023-12-14T07:43:20.317+0000] {processor.py:829} INFO - Processing file /opt/airflow/dags/etl_local_to_psql.py for tasks to queue
[2023-12-14T07:43:20.349+0000] {logging_mixin.py:154} INFO - [2023-12-14T07:43:20.347+0000] {dagbag.py:536} INFO - Filling up the DagBag from /opt/airflow/dags/etl_local_to_psql.py
[2023-12-14T07:43:20.468+0000] {processor.py:839} INFO - DAG(s) dict_keys(['etl_local_to_psql']) retrieved from /opt/airflow/dags/etl_local_to_psql.py
[2023-12-14T07:43:20.602+0000] {logging_mixin.py:154} INFO - [2023-12-14T07:43:20.601+0000] {dag.py:2941} INFO - Sync 1 DAGs
[2023-12-14T07:43:20.642+0000] {logging_mixin.py:154} INFO - [2023-12-14T07:43:20.642+0000] {dag.py:3722} INFO - Setting next_dagrun for etl_local_to_psql to None, run_after=None
[2023-12-14T07:43:20.730+0000] {processor.py:179} INFO - Processing /opt/airflow/dags/etl_local_to_psql.py took 0.452 seconds
[2023-12-14T07:43:50.954+0000] {processor.py:157} INFO - Started process (PID=115) to work on /opt/airflow/dags/etl_local_to_psql.py
[2023-12-14T07:43:50.962+0000] {processor.py:829} INFO - Processing file /opt/airflow/dags/etl_local_to_psql.py for tasks to queue
[2023-12-14T07:43:50.983+0000] {logging_mixin.py:154} INFO - [2023-12-14T07:43:50.983+0000] {dagbag.py:536} INFO - Filling up the DagBag from /opt/airflow/dags/etl_local_to_psql.py
[2023-12-14T07:43:51.045+0000] {processor.py:839} INFO - DAG(s) dict_keys(['etl_local_to_psql']) retrieved from /opt/airflow/dags/etl_local_to_psql.py
[2023-12-14T07:43:51.145+0000] {logging_mixin.py:154} INFO - [2023-12-14T07:43:51.145+0000] {dag.py:2941} INFO - Sync 1 DAGs
[2023-12-14T07:43:51.978+0000] {logging_mixin.py:154} INFO - [2023-12-14T07:43:51.977+0000] {dag.py:3722} INFO - Setting next_dagrun for etl_local_to_psql to None, run_after=None
[2023-12-14T07:43:52.119+0000] {processor.py:179} INFO - Processing /opt/airflow/dags/etl_local_to_psql.py took 1.184 seconds
[2023-12-14T07:44:23.379+0000] {processor.py:157} INFO - Started process (PID=127) to work on /opt/airflow/dags/etl_local_to_psql.py
[2023-12-14T07:44:23.388+0000] {processor.py:829} INFO - Processing file /opt/airflow/dags/etl_local_to_psql.py for tasks to queue
[2023-12-14T07:44:23.400+0000] {logging_mixin.py:154} INFO - [2023-12-14T07:44:23.396+0000] {dagbag.py:536} INFO - Filling up the DagBag from /opt/airflow/dags/etl_local_to_psql.py
[2023-12-14T07:44:23.458+0000] {processor.py:839} INFO - DAG(s) dict_keys(['etl_local_to_psql']) retrieved from /opt/airflow/dags/etl_local_to_psql.py
[2023-12-14T07:44:23.586+0000] {logging_mixin.py:154} INFO - [2023-12-14T07:44:23.586+0000] {dag.py:2941} INFO - Sync 1 DAGs
[2023-12-14T07:44:23.678+0000] {logging_mixin.py:154} INFO - [2023-12-14T07:44:23.677+0000] {dag.py:3722} INFO - Setting next_dagrun for etl_local_to_psql to None, run_after=None
[2023-12-14T07:44:23.762+0000] {processor.py:179} INFO - Processing /opt/airflow/dags/etl_local_to_psql.py took 0.425 seconds
[2023-12-14T07:44:54.529+0000] {processor.py:157} INFO - Started process (PID=137) to work on /opt/airflow/dags/etl_local_to_psql.py
[2023-12-14T07:44:54.564+0000] {processor.py:829} INFO - Processing file /opt/airflow/dags/etl_local_to_psql.py for tasks to queue
[2023-12-14T07:44:54.597+0000] {logging_mixin.py:154} INFO - [2023-12-14T07:44:54.585+0000] {dagbag.py:536} INFO - Filling up the DagBag from /opt/airflow/dags/etl_local_to_psql.py
[2023-12-14T07:44:54.707+0000] {processor.py:839} INFO - DAG(s) dict_keys(['etl_local_to_psql']) retrieved from /opt/airflow/dags/etl_local_to_psql.py
[2023-12-14T07:44:54.862+0000] {logging_mixin.py:154} INFO - [2023-12-14T07:44:54.861+0000] {dag.py:2941} INFO - Sync 1 DAGs
[2023-12-14T07:44:54.954+0000] {logging_mixin.py:154} INFO - [2023-12-14T07:44:54.954+0000] {dag.py:3722} INFO - Setting next_dagrun for etl_local_to_psql to None, run_after=None
[2023-12-14T07:44:55.053+0000] {processor.py:179} INFO - Processing /opt/airflow/dags/etl_local_to_psql.py took 0.554 seconds
[2023-12-14T07:45:26.045+0000] {processor.py:157} INFO - Started process (PID=147) to work on /opt/airflow/dags/etl_local_to_psql.py
[2023-12-14T07:45:26.058+0000] {processor.py:829} INFO - Processing file /opt/airflow/dags/etl_local_to_psql.py for tasks to queue
[2023-12-14T07:45:26.123+0000] {logging_mixin.py:154} INFO - [2023-12-14T07:45:26.115+0000] {dagbag.py:536} INFO - Filling up the DagBag from /opt/airflow/dags/etl_local_to_psql.py
[2023-12-14T07:45:26.623+0000] {processor.py:839} INFO - DAG(s) dict_keys(['etl_local_to_psql']) retrieved from /opt/airflow/dags/etl_local_to_psql.py
[2023-12-14T07:45:26.922+0000] {logging_mixin.py:154} INFO - [2023-12-14T07:45:26.920+0000] {dag.py:2941} INFO - Sync 1 DAGs
[2023-12-14T07:45:27.053+0000] {logging_mixin.py:154} INFO - [2023-12-14T07:45:27.052+0000] {dag.py:3722} INFO - Setting next_dagrun for etl_local_to_psql to None, run_after=None
[2023-12-14T07:45:27.394+0000] {processor.py:179} INFO - Processing /opt/airflow/dags/etl_local_to_psql.py took 1.441 seconds
[2023-12-14T07:45:57.976+0000] {processor.py:157} INFO - Started process (PID=156) to work on /opt/airflow/dags/etl_local_to_psql.py
[2023-12-14T07:45:57.990+0000] {processor.py:829} INFO - Processing file /opt/airflow/dags/etl_local_to_psql.py for tasks to queue
[2023-12-14T07:45:58.010+0000] {logging_mixin.py:154} INFO - [2023-12-14T07:45:58.009+0000] {dagbag.py:536} INFO - Filling up the DagBag from /opt/airflow/dags/etl_local_to_psql.py
[2023-12-14T07:45:58.067+0000] {processor.py:839} INFO - DAG(s) dict_keys(['etl_local_to_psql']) retrieved from /opt/airflow/dags/etl_local_to_psql.py
[2023-12-14T07:45:58.170+0000] {logging_mixin.py:154} INFO - [2023-12-14T07:45:58.170+0000] {dag.py:2941} INFO - Sync 1 DAGs
[2023-12-14T07:45:58.225+0000] {logging_mixin.py:154} INFO - [2023-12-14T07:45:58.225+0000] {dag.py:3722} INFO - Setting next_dagrun for etl_local_to_psql to None, run_after=None
[2023-12-14T07:45:58.329+0000] {processor.py:179} INFO - Processing /opt/airflow/dags/etl_local_to_psql.py took 0.383 seconds
[2023-12-14T07:46:28.587+0000] {processor.py:157} INFO - Started process (PID=165) to work on /opt/airflow/dags/etl_local_to_psql.py
[2023-12-14T07:46:28.591+0000] {processor.py:829} INFO - Processing file /opt/airflow/dags/etl_local_to_psql.py for tasks to queue
[2023-12-14T07:46:28.602+0000] {logging_mixin.py:154} INFO - [2023-12-14T07:46:28.601+0000] {dagbag.py:536} INFO - Filling up the DagBag from /opt/airflow/dags/etl_local_to_psql.py
[2023-12-14T07:46:28.639+0000] {processor.py:839} INFO - DAG(s) dict_keys(['etl_local_to_psql']) retrieved from /opt/airflow/dags/etl_local_to_psql.py
[2023-12-14T07:46:28.700+0000] {logging_mixin.py:154} INFO - [2023-12-14T07:46:28.700+0000] {dag.py:2941} INFO - Sync 1 DAGs
[2023-12-14T07:46:28.733+0000] {logging_mixin.py:154} INFO - [2023-12-14T07:46:28.732+0000] {dag.py:3722} INFO - Setting next_dagrun for etl_local_to_psql to None, run_after=None
[2023-12-14T07:46:28.791+0000] {processor.py:179} INFO - Processing /opt/airflow/dags/etl_local_to_psql.py took 0.216 seconds
[2023-12-14T07:46:59.076+0000] {processor.py:157} INFO - Started process (PID=175) to work on /opt/airflow/dags/etl_local_to_psql.py
[2023-12-14T07:46:59.080+0000] {processor.py:829} INFO - Processing file /opt/airflow/dags/etl_local_to_psql.py for tasks to queue
[2023-12-14T07:46:59.093+0000] {logging_mixin.py:154} INFO - [2023-12-14T07:46:59.092+0000] {dagbag.py:536} INFO - Filling up the DagBag from /opt/airflow/dags/etl_local_to_psql.py
[2023-12-14T07:46:59.218+0000] {processor.py:839} INFO - DAG(s) dict_keys(['etl_local_to_psql']) retrieved from /opt/airflow/dags/etl_local_to_psql.py
[2023-12-14T07:46:59.355+0000] {logging_mixin.py:154} INFO - [2023-12-14T07:46:59.355+0000] {dag.py:2941} INFO - Sync 1 DAGs
[2023-12-14T07:46:59.405+0000] {logging_mixin.py:154} INFO - [2023-12-14T07:46:59.405+0000] {dag.py:3722} INFO - Setting next_dagrun for etl_local_to_psql to None, run_after=None
[2023-12-14T07:46:59.474+0000] {processor.py:179} INFO - Processing /opt/airflow/dags/etl_local_to_psql.py took 0.410 seconds
[2023-12-14T07:47:29.940+0000] {processor.py:157} INFO - Started process (PID=185) to work on /opt/airflow/dags/etl_local_to_psql.py
[2023-12-14T07:47:29.943+0000] {processor.py:829} INFO - Processing file /opt/airflow/dags/etl_local_to_psql.py for tasks to queue
[2023-12-14T07:47:29.952+0000] {logging_mixin.py:154} INFO - [2023-12-14T07:47:29.951+0000] {dagbag.py:536} INFO - Filling up the DagBag from /opt/airflow/dags/etl_local_to_psql.py
[2023-12-14T07:47:29.985+0000] {processor.py:839} INFO - DAG(s) dict_keys(['etl_local_to_psql']) retrieved from /opt/airflow/dags/etl_local_to_psql.py
[2023-12-14T07:47:30.054+0000] {logging_mixin.py:154} INFO - [2023-12-14T07:47:30.053+0000] {dag.py:2941} INFO - Sync 1 DAGs
[2023-12-14T07:47:30.089+0000] {logging_mixin.py:154} INFO - [2023-12-14T07:47:30.088+0000] {dag.py:3722} INFO - Setting next_dagrun for etl_local_to_psql to None, run_after=None
[2023-12-14T07:47:30.158+0000] {processor.py:179} INFO - Processing /opt/airflow/dags/etl_local_to_psql.py took 0.225 seconds
[2023-12-14T07:48:00.569+0000] {processor.py:157} INFO - Started process (PID=196) to work on /opt/airflow/dags/etl_local_to_psql.py
[2023-12-14T07:48:00.572+0000] {processor.py:829} INFO - Processing file /opt/airflow/dags/etl_local_to_psql.py for tasks to queue
[2023-12-14T07:48:00.580+0000] {logging_mixin.py:154} INFO - [2023-12-14T07:48:00.578+0000] {dagbag.py:536} INFO - Filling up the DagBag from /opt/airflow/dags/etl_local_to_psql.py
[2023-12-14T07:48:00.611+0000] {processor.py:839} INFO - DAG(s) dict_keys(['etl_local_to_psql']) retrieved from /opt/airflow/dags/etl_local_to_psql.py
[2023-12-14T07:48:00.665+0000] {logging_mixin.py:154} INFO - [2023-12-14T07:48:00.665+0000] {dag.py:2941} INFO - Sync 1 DAGs
[2023-12-14T07:48:00.699+0000] {logging_mixin.py:154} INFO - [2023-12-14T07:48:00.699+0000] {dag.py:3722} INFO - Setting next_dagrun for etl_local_to_psql to None, run_after=None
[2023-12-14T07:48:00.763+0000] {processor.py:179} INFO - Processing /opt/airflow/dags/etl_local_to_psql.py took 0.202 seconds
[2023-12-14T07:48:31.987+0000] {processor.py:157} INFO - Started process (PID=206) to work on /opt/airflow/dags/etl_local_to_psql.py
[2023-12-14T07:48:32.032+0000] {processor.py:829} INFO - Processing file /opt/airflow/dags/etl_local_to_psql.py for tasks to queue
[2023-12-14T07:48:32.048+0000] {logging_mixin.py:154} INFO - [2023-12-14T07:48:32.047+0000] {dagbag.py:536} INFO - Filling up the DagBag from /opt/airflow/dags/etl_local_to_psql.py
[2023-12-14T07:48:32.198+0000] {processor.py:839} INFO - DAG(s) dict_keys(['etl_local_to_psql']) retrieved from /opt/airflow/dags/etl_local_to_psql.py
[2023-12-14T07:48:32.337+0000] {logging_mixin.py:154} INFO - [2023-12-14T07:48:32.336+0000] {dag.py:2941} INFO - Sync 1 DAGs
[2023-12-14T07:48:32.403+0000] {logging_mixin.py:154} INFO - [2023-12-14T07:48:32.403+0000] {dag.py:3722} INFO - Setting next_dagrun for etl_local_to_psql to None, run_after=None
[2023-12-14T07:48:32.556+0000] {processor.py:179} INFO - Processing /opt/airflow/dags/etl_local_to_psql.py took 0.839 seconds
[2023-12-14T07:49:03.437+0000] {processor.py:157} INFO - Started process (PID=216) to work on /opt/airflow/dags/etl_local_to_psql.py
[2023-12-14T07:49:03.443+0000] {processor.py:829} INFO - Processing file /opt/airflow/dags/etl_local_to_psql.py for tasks to queue
[2023-12-14T07:49:03.469+0000] {logging_mixin.py:154} INFO - [2023-12-14T07:49:03.467+0000] {dagbag.py:536} INFO - Filling up the DagBag from /opt/airflow/dags/etl_local_to_psql.py
[2023-12-14T07:49:03.639+0000] {processor.py:839} INFO - DAG(s) dict_keys(['etl_local_to_psql']) retrieved from /opt/airflow/dags/etl_local_to_psql.py
[2023-12-14T07:49:03.836+0000] {logging_mixin.py:154} INFO - [2023-12-14T07:49:03.834+0000] {dag.py:2941} INFO - Sync 1 DAGs
[2023-12-14T07:49:03.989+0000] {logging_mixin.py:154} INFO - [2023-12-14T07:49:03.988+0000] {dag.py:3722} INFO - Setting next_dagrun for etl_local_to_psql to None, run_after=None
[2023-12-14T07:49:04.238+0000] {processor.py:179} INFO - Processing /opt/airflow/dags/etl_local_to_psql.py took 0.876 seconds
[2023-12-14T07:49:35.303+0000] {processor.py:157} INFO - Started process (PID=224) to work on /opt/airflow/dags/etl_local_to_psql.py
[2023-12-14T07:49:35.306+0000] {processor.py:829} INFO - Processing file /opt/airflow/dags/etl_local_to_psql.py for tasks to queue
[2023-12-14T07:49:35.315+0000] {logging_mixin.py:154} INFO - [2023-12-14T07:49:35.313+0000] {dagbag.py:536} INFO - Filling up the DagBag from /opt/airflow/dags/etl_local_to_psql.py
[2023-12-14T07:49:35.347+0000] {processor.py:839} INFO - DAG(s) dict_keys(['etl_local_to_psql']) retrieved from /opt/airflow/dags/etl_local_to_psql.py
[2023-12-14T07:49:35.410+0000] {logging_mixin.py:154} INFO - [2023-12-14T07:49:35.409+0000] {dag.py:2941} INFO - Sync 1 DAGs
[2023-12-14T07:49:35.443+0000] {logging_mixin.py:154} INFO - [2023-12-14T07:49:35.443+0000] {dag.py:3722} INFO - Setting next_dagrun for etl_local_to_psql to None, run_after=None
[2023-12-14T07:49:35.494+0000] {processor.py:179} INFO - Processing /opt/airflow/dags/etl_local_to_psql.py took 0.199 seconds
[2023-12-14T07:50:06.074+0000] {processor.py:157} INFO - Started process (PID=234) to work on /opt/airflow/dags/etl_local_to_psql.py
[2023-12-14T07:50:06.076+0000] {processor.py:829} INFO - Processing file /opt/airflow/dags/etl_local_to_psql.py for tasks to queue
[2023-12-14T07:50:06.089+0000] {logging_mixin.py:154} INFO - [2023-12-14T07:50:06.088+0000] {dagbag.py:536} INFO - Filling up the DagBag from /opt/airflow/dags/etl_local_to_psql.py
[2023-12-14T07:50:06.145+0000] {processor.py:839} INFO - DAG(s) dict_keys(['etl_local_to_psql']) retrieved from /opt/airflow/dags/etl_local_to_psql.py
[2023-12-14T07:50:06.240+0000] {logging_mixin.py:154} INFO - [2023-12-14T07:50:06.239+0000] {dag.py:2941} INFO - Sync 1 DAGs
[2023-12-14T07:50:06.294+0000] {logging_mixin.py:154} INFO - [2023-12-14T07:50:06.292+0000] {dag.py:3722} INFO - Setting next_dagrun for etl_local_to_psql to None, run_after=None
[2023-12-14T07:50:06.362+0000] {processor.py:179} INFO - Processing /opt/airflow/dags/etl_local_to_psql.py took 0.302 seconds
[2023-12-14T07:50:36.615+0000] {processor.py:157} INFO - Started process (PID=245) to work on /opt/airflow/dags/etl_local_to_psql.py
[2023-12-14T07:50:36.621+0000] {processor.py:829} INFO - Processing file /opt/airflow/dags/etl_local_to_psql.py for tasks to queue
[2023-12-14T07:50:36.628+0000] {logging_mixin.py:154} INFO - [2023-12-14T07:50:36.627+0000] {dagbag.py:536} INFO - Filling up the DagBag from /opt/airflow/dags/etl_local_to_psql.py
[2023-12-14T07:50:36.662+0000] {processor.py:839} INFO - DAG(s) dict_keys(['etl_local_to_psql']) retrieved from /opt/airflow/dags/etl_local_to_psql.py
[2023-12-14T07:50:36.727+0000] {logging_mixin.py:154} INFO - [2023-12-14T07:50:36.726+0000] {dag.py:2941} INFO - Sync 1 DAGs
[2023-12-14T07:50:36.760+0000] {logging_mixin.py:154} INFO - [2023-12-14T07:50:36.760+0000] {dag.py:3722} INFO - Setting next_dagrun for etl_local_to_psql to None, run_after=None
[2023-12-14T07:50:36.817+0000] {processor.py:179} INFO - Processing /opt/airflow/dags/etl_local_to_psql.py took 0.210 seconds
[2023-12-14T07:51:07.355+0000] {processor.py:157} INFO - Started process (PID=255) to work on /opt/airflow/dags/etl_local_to_psql.py
[2023-12-14T07:51:07.359+0000] {processor.py:829} INFO - Processing file /opt/airflow/dags/etl_local_to_psql.py for tasks to queue
[2023-12-14T07:51:07.378+0000] {logging_mixin.py:154} INFO - [2023-12-14T07:51:07.376+0000] {dagbag.py:536} INFO - Filling up the DagBag from /opt/airflow/dags/etl_local_to_psql.py
[2023-12-14T07:51:07.420+0000] {processor.py:839} INFO - DAG(s) dict_keys(['etl_local_to_psql']) retrieved from /opt/airflow/dags/etl_local_to_psql.py
[2023-12-14T07:51:07.484+0000] {logging_mixin.py:154} INFO - [2023-12-14T07:51:07.484+0000] {dag.py:2941} INFO - Sync 1 DAGs
[2023-12-14T07:51:07.524+0000] {logging_mixin.py:154} INFO - [2023-12-14T07:51:07.523+0000] {dag.py:3722} INFO - Setting next_dagrun for etl_local_to_psql to None, run_after=None
[2023-12-14T07:51:07.591+0000] {processor.py:179} INFO - Processing /opt/airflow/dags/etl_local_to_psql.py took 0.259 seconds
[2023-12-14T07:51:38.255+0000] {processor.py:157} INFO - Started process (PID=264) to work on /opt/airflow/dags/etl_local_to_psql.py
[2023-12-14T07:51:38.271+0000] {processor.py:829} INFO - Processing file /opt/airflow/dags/etl_local_to_psql.py for tasks to queue
[2023-12-14T07:51:38.298+0000] {logging_mixin.py:154} INFO - [2023-12-14T07:51:38.297+0000] {dagbag.py:536} INFO - Filling up the DagBag from /opt/airflow/dags/etl_local_to_psql.py
[2023-12-14T07:51:38.422+0000] {processor.py:839} INFO - DAG(s) dict_keys(['etl_local_to_psql']) retrieved from /opt/airflow/dags/etl_local_to_psql.py
[2023-12-14T07:51:38.512+0000] {logging_mixin.py:154} INFO - [2023-12-14T07:51:38.511+0000] {dag.py:2941} INFO - Sync 1 DAGs
[2023-12-14T07:51:38.568+0000] {logging_mixin.py:154} INFO - [2023-12-14T07:51:38.567+0000] {dag.py:3722} INFO - Setting next_dagrun for etl_local_to_psql to None, run_after=None
[2023-12-14T07:51:38.652+0000] {processor.py:179} INFO - Processing /opt/airflow/dags/etl_local_to_psql.py took 0.434 seconds
[2023-12-14T07:52:09.040+0000] {processor.py:157} INFO - Started process (PID=274) to work on /opt/airflow/dags/etl_local_to_psql.py
[2023-12-14T07:52:09.050+0000] {processor.py:829} INFO - Processing file /opt/airflow/dags/etl_local_to_psql.py for tasks to queue
[2023-12-14T07:52:09.065+0000] {logging_mixin.py:154} INFO - [2023-12-14T07:52:09.064+0000] {dagbag.py:536} INFO - Filling up the DagBag from /opt/airflow/dags/etl_local_to_psql.py
[2023-12-14T07:52:09.217+0000] {processor.py:839} INFO - DAG(s) dict_keys(['etl_local_to_psql']) retrieved from /opt/airflow/dags/etl_local_to_psql.py
[2023-12-14T07:52:09.644+0000] {logging_mixin.py:154} INFO - [2023-12-14T07:52:09.643+0000] {dag.py:2941} INFO - Sync 1 DAGs
[2023-12-14T07:52:09.692+0000] {logging_mixin.py:154} INFO - [2023-12-14T07:52:09.691+0000] {dag.py:3722} INFO - Setting next_dagrun for etl_local_to_psql to None, run_after=None
[2023-12-14T07:52:09.791+0000] {processor.py:179} INFO - Processing /opt/airflow/dags/etl_local_to_psql.py took 0.772 seconds
[2023-12-14T07:52:40.864+0000] {processor.py:157} INFO - Started process (PID=284) to work on /opt/airflow/dags/etl_local_to_psql.py
[2023-12-14T07:52:40.867+0000] {processor.py:829} INFO - Processing file /opt/airflow/dags/etl_local_to_psql.py for tasks to queue
[2023-12-14T07:52:40.897+0000] {logging_mixin.py:154} INFO - [2023-12-14T07:52:40.892+0000] {dagbag.py:536} INFO - Filling up the DagBag from /opt/airflow/dags/etl_local_to_psql.py
[2023-12-14T07:52:40.991+0000] {processor.py:839} INFO - DAG(s) dict_keys(['etl_local_to_psql']) retrieved from /opt/airflow/dags/etl_local_to_psql.py
[2023-12-14T07:52:41.092+0000] {logging_mixin.py:154} INFO - [2023-12-14T07:52:41.092+0000] {dag.py:2941} INFO - Sync 1 DAGs
[2023-12-14T07:52:41.156+0000] {logging_mixin.py:154} INFO - [2023-12-14T07:52:41.156+0000] {dag.py:3722} INFO - Setting next_dagrun for etl_local_to_psql to None, run_after=None
[2023-12-14T07:52:41.289+0000] {processor.py:179} INFO - Processing /opt/airflow/dags/etl_local_to_psql.py took 0.433 seconds
[2023-12-14T07:53:11.421+0000] {processor.py:157} INFO - Started process (PID=294) to work on /opt/airflow/dags/etl_local_to_psql.py
[2023-12-14T07:53:11.426+0000] {processor.py:829} INFO - Processing file /opt/airflow/dags/etl_local_to_psql.py for tasks to queue
[2023-12-14T07:53:11.448+0000] {logging_mixin.py:154} INFO - [2023-12-14T07:53:11.447+0000] {dagbag.py:536} INFO - Filling up the DagBag from /opt/airflow/dags/etl_local_to_psql.py
[2023-12-14T07:53:11.519+0000] {processor.py:839} INFO - DAG(s) dict_keys(['etl_local_to_psql']) retrieved from /opt/airflow/dags/etl_local_to_psql.py
[2023-12-14T07:53:11.630+0000] {logging_mixin.py:154} INFO - [2023-12-14T07:53:11.630+0000] {dag.py:2941} INFO - Sync 1 DAGs
[2023-12-14T07:53:11.680+0000] {logging_mixin.py:154} INFO - [2023-12-14T07:53:11.680+0000] {dag.py:3722} INFO - Setting next_dagrun for etl_local_to_psql to None, run_after=None
[2023-12-14T07:53:11.774+0000] {processor.py:179} INFO - Processing /opt/airflow/dags/etl_local_to_psql.py took 0.371 seconds
[2023-12-14T07:53:42.298+0000] {processor.py:157} INFO - Started process (PID=311) to work on /opt/airflow/dags/etl_local_to_psql.py
[2023-12-14T07:53:42.309+0000] {processor.py:829} INFO - Processing file /opt/airflow/dags/etl_local_to_psql.py for tasks to queue
[2023-12-14T07:53:42.327+0000] {logging_mixin.py:154} INFO - [2023-12-14T07:53:42.326+0000] {dagbag.py:536} INFO - Filling up the DagBag from /opt/airflow/dags/etl_local_to_psql.py
[2023-12-14T07:53:42.427+0000] {processor.py:839} INFO - DAG(s) dict_keys(['etl_local_to_psql']) retrieved from /opt/airflow/dags/etl_local_to_psql.py
[2023-12-14T07:53:42.558+0000] {logging_mixin.py:154} INFO - [2023-12-14T07:53:42.557+0000] {dag.py:2941} INFO - Sync 1 DAGs
[2023-12-14T07:53:42.647+0000] {logging_mixin.py:154} INFO - [2023-12-14T07:53:42.646+0000] {dag.py:3722} INFO - Setting next_dagrun for etl_local_to_psql to None, run_after=None
[2023-12-14T07:53:42.730+0000] {processor.py:179} INFO - Processing /opt/airflow/dags/etl_local_to_psql.py took 0.451 seconds
[2023-12-14T07:54:13.360+0000] {processor.py:157} INFO - Started process (PID=322) to work on /opt/airflow/dags/etl_local_to_psql.py
[2023-12-14T07:54:13.363+0000] {processor.py:829} INFO - Processing file /opt/airflow/dags/etl_local_to_psql.py for tasks to queue
[2023-12-14T07:54:13.374+0000] {logging_mixin.py:154} INFO - [2023-12-14T07:54:13.372+0000] {dagbag.py:536} INFO - Filling up the DagBag from /opt/airflow/dags/etl_local_to_psql.py
[2023-12-14T07:54:13.437+0000] {processor.py:839} INFO - DAG(s) dict_keys(['etl_local_to_psql']) retrieved from /opt/airflow/dags/etl_local_to_psql.py
[2023-12-14T07:54:13.493+0000] {logging_mixin.py:154} INFO - [2023-12-14T07:54:13.493+0000] {dag.py:2941} INFO - Sync 1 DAGs
[2023-12-14T07:54:13.523+0000] {logging_mixin.py:154} INFO - [2023-12-14T07:54:13.523+0000] {dag.py:3722} INFO - Setting next_dagrun for etl_local_to_psql to None, run_after=None
[2023-12-14T07:54:13.570+0000] {processor.py:179} INFO - Processing /opt/airflow/dags/etl_local_to_psql.py took 0.225 seconds
[2023-12-14T07:54:43.957+0000] {processor.py:157} INFO - Started process (PID=331) to work on /opt/airflow/dags/etl_local_to_psql.py
[2023-12-14T07:54:43.972+0000] {processor.py:829} INFO - Processing file /opt/airflow/dags/etl_local_to_psql.py for tasks to queue
[2023-12-14T07:54:44.009+0000] {logging_mixin.py:154} INFO - [2023-12-14T07:54:44.008+0000] {dagbag.py:536} INFO - Filling up the DagBag from /opt/airflow/dags/etl_local_to_psql.py
[2023-12-14T07:54:44.101+0000] {processor.py:839} INFO - DAG(s) dict_keys(['etl_local_to_psql']) retrieved from /opt/airflow/dags/etl_local_to_psql.py
[2023-12-14T07:54:44.305+0000] {logging_mixin.py:154} INFO - [2023-12-14T07:54:44.304+0000] {dag.py:2941} INFO - Sync 1 DAGs
[2023-12-14T07:54:44.385+0000] {logging_mixin.py:154} INFO - [2023-12-14T07:54:44.384+0000] {dag.py:3722} INFO - Setting next_dagrun for etl_local_to_psql to None, run_after=None
[2023-12-14T07:54:44.478+0000] {processor.py:179} INFO - Processing /opt/airflow/dags/etl_local_to_psql.py took 0.542 seconds
[2023-12-14T07:55:15.420+0000] {processor.py:157} INFO - Started process (PID=341) to work on /opt/airflow/dags/etl_local_to_psql.py
[2023-12-14T07:55:15.436+0000] {processor.py:829} INFO - Processing file /opt/airflow/dags/etl_local_to_psql.py for tasks to queue
[2023-12-14T07:55:15.479+0000] {logging_mixin.py:154} INFO - [2023-12-14T07:55:15.460+0000] {dagbag.py:536} INFO - Filling up the DagBag from /opt/airflow/dags/etl_local_to_psql.py
[2023-12-14T07:55:15.633+0000] {processor.py:839} INFO - DAG(s) dict_keys(['etl_local_to_psql']) retrieved from /opt/airflow/dags/etl_local_to_psql.py
[2023-12-14T07:55:15.850+0000] {logging_mixin.py:154} INFO - [2023-12-14T07:55:15.848+0000] {dag.py:2941} INFO - Sync 1 DAGs
[2023-12-14T07:55:15.993+0000] {logging_mixin.py:154} INFO - [2023-12-14T07:55:15.991+0000] {dag.py:3722} INFO - Setting next_dagrun for etl_local_to_psql to None, run_after=None
[2023-12-14T07:55:16.143+0000] {processor.py:179} INFO - Processing /opt/airflow/dags/etl_local_to_psql.py took 0.749 seconds
[2023-12-14T07:55:46.384+0000] {processor.py:157} INFO - Started process (PID=351) to work on /opt/airflow/dags/etl_local_to_psql.py
[2023-12-14T07:55:46.393+0000] {processor.py:829} INFO - Processing file /opt/airflow/dags/etl_local_to_psql.py for tasks to queue
[2023-12-14T07:55:46.415+0000] {logging_mixin.py:154} INFO - [2023-12-14T07:55:46.413+0000] {dagbag.py:536} INFO - Filling up the DagBag from /opt/airflow/dags/etl_local_to_psql.py
[2023-12-14T07:55:46.488+0000] {processor.py:839} INFO - DAG(s) dict_keys(['etl_local_to_psql']) retrieved from /opt/airflow/dags/etl_local_to_psql.py
[2023-12-14T07:55:46.626+0000] {logging_mixin.py:154} INFO - [2023-12-14T07:55:46.625+0000] {dag.py:2941} INFO - Sync 1 DAGs
[2023-12-14T07:55:46.692+0000] {logging_mixin.py:154} INFO - [2023-12-14T07:55:46.691+0000] {dag.py:3722} INFO - Setting next_dagrun for etl_local_to_psql to None, run_after=None
[2023-12-14T07:55:46.795+0000] {processor.py:179} INFO - Processing /opt/airflow/dags/etl_local_to_psql.py took 0.438 seconds
[2023-12-14T07:56:17.254+0000] {processor.py:157} INFO - Started process (PID=361) to work on /opt/airflow/dags/etl_local_to_psql.py
[2023-12-14T07:56:17.260+0000] {processor.py:829} INFO - Processing file /opt/airflow/dags/etl_local_to_psql.py for tasks to queue
[2023-12-14T07:56:17.278+0000] {logging_mixin.py:154} INFO - [2023-12-14T07:56:17.274+0000] {dagbag.py:536} INFO - Filling up the DagBag from /opt/airflow/dags/etl_local_to_psql.py
[2023-12-14T07:56:17.368+0000] {processor.py:839} INFO - DAG(s) dict_keys(['etl_local_to_psql']) retrieved from /opt/airflow/dags/etl_local_to_psql.py
[2023-12-14T07:56:17.516+0000] {logging_mixin.py:154} INFO - [2023-12-14T07:56:17.516+0000] {dag.py:2941} INFO - Sync 1 DAGs
[2023-12-14T07:56:17.583+0000] {logging_mixin.py:154} INFO - [2023-12-14T07:56:17.582+0000] {dag.py:3722} INFO - Setting next_dagrun for etl_local_to_psql to None, run_after=None
[2023-12-14T07:56:17.697+0000] {processor.py:179} INFO - Processing /opt/airflow/dags/etl_local_to_psql.py took 0.456 seconds
[2023-12-14T07:56:47.998+0000] {processor.py:157} INFO - Started process (PID=372) to work on /opt/airflow/dags/etl_local_to_psql.py
[2023-12-14T07:56:48.003+0000] {processor.py:829} INFO - Processing file /opt/airflow/dags/etl_local_to_psql.py for tasks to queue
[2023-12-14T07:56:48.012+0000] {logging_mixin.py:154} INFO - [2023-12-14T07:56:48.011+0000] {dagbag.py:536} INFO - Filling up the DagBag from /opt/airflow/dags/etl_local_to_psql.py
[2023-12-14T07:56:48.053+0000] {processor.py:839} INFO - DAG(s) dict_keys(['etl_local_to_psql']) retrieved from /opt/airflow/dags/etl_local_to_psql.py
[2023-12-14T07:56:48.137+0000] {logging_mixin.py:154} INFO - [2023-12-14T07:56:48.136+0000] {dag.py:2941} INFO - Sync 1 DAGs
[2023-12-14T07:56:48.188+0000] {logging_mixin.py:154} INFO - [2023-12-14T07:56:48.187+0000] {dag.py:3722} INFO - Setting next_dagrun for etl_local_to_psql to None, run_after=None
[2023-12-14T07:56:48.272+0000] {processor.py:179} INFO - Processing /opt/airflow/dags/etl_local_to_psql.py took 0.284 seconds
[2023-12-14T07:57:18.558+0000] {processor.py:157} INFO - Started process (PID=382) to work on /opt/airflow/dags/etl_local_to_psql.py
[2023-12-14T07:57:18.563+0000] {processor.py:829} INFO - Processing file /opt/airflow/dags/etl_local_to_psql.py for tasks to queue
[2023-12-14T07:57:18.570+0000] {logging_mixin.py:154} INFO - [2023-12-14T07:57:18.569+0000] {dagbag.py:536} INFO - Filling up the DagBag from /opt/airflow/dags/etl_local_to_psql.py
[2023-12-14T07:57:18.603+0000] {processor.py:839} INFO - DAG(s) dict_keys(['etl_local_to_psql']) retrieved from /opt/airflow/dags/etl_local_to_psql.py
[2023-12-14T07:57:18.664+0000] {logging_mixin.py:154} INFO - [2023-12-14T07:57:18.664+0000] {dag.py:2941} INFO - Sync 1 DAGs
[2023-12-14T07:57:18.698+0000] {logging_mixin.py:154} INFO - [2023-12-14T07:57:18.698+0000] {dag.py:3722} INFO - Setting next_dagrun for etl_local_to_psql to None, run_after=None
[2023-12-14T07:57:18.765+0000] {processor.py:179} INFO - Processing /opt/airflow/dags/etl_local_to_psql.py took 0.215 seconds
[2023-12-14T07:57:49.130+0000] {processor.py:157} INFO - Started process (PID=392) to work on /opt/airflow/dags/etl_local_to_psql.py
[2023-12-14T07:57:49.139+0000] {processor.py:829} INFO - Processing file /opt/airflow/dags/etl_local_to_psql.py for tasks to queue
[2023-12-14T07:57:49.150+0000] {logging_mixin.py:154} INFO - [2023-12-14T07:57:49.149+0000] {dagbag.py:536} INFO - Filling up the DagBag from /opt/airflow/dags/etl_local_to_psql.py
[2023-12-14T07:57:49.190+0000] {processor.py:839} INFO - DAG(s) dict_keys(['etl_local_to_psql']) retrieved from /opt/airflow/dags/etl_local_to_psql.py
[2023-12-14T07:57:49.388+0000] {logging_mixin.py:154} INFO - [2023-12-14T07:57:49.387+0000] {dag.py:2941} INFO - Sync 1 DAGs
[2023-12-14T07:57:49.437+0000] {logging_mixin.py:154} INFO - [2023-12-14T07:57:49.436+0000] {dag.py:3722} INFO - Setting next_dagrun for etl_local_to_psql to None, run_after=None
[2023-12-14T07:57:49.486+0000] {processor.py:179} INFO - Processing /opt/airflow/dags/etl_local_to_psql.py took 0.371 seconds
