[2023-12-04T18:26:52.556+0000] {taskinstance.py:1159} INFO - Dependencies all met for dep_context=non-requeueable deps ti=<TaskInstance: etl_local_to_psql.ingest_task scheduled__2023-08-02T06:00:00+00:00 [queued]>
[2023-12-04T18:26:52.684+0000] {taskinstance.py:1159} INFO - Dependencies all met for dep_context=requeueable deps ti=<TaskInstance: etl_local_to_psql.ingest_task scheduled__2023-08-02T06:00:00+00:00 [queued]>
[2023-12-04T18:26:52.699+0000] {taskinstance.py:1361} INFO - Starting attempt 1 of 1
[2023-12-04T18:26:53.215+0000] {taskinstance.py:1382} INFO - Executing <Task(BashOperator): ingest_task> on 2023-08-02 06:00:00+00:00
[2023-12-04T18:26:53.304+0000] {standard_task_runner.py:57} INFO - Started process 1424 to run task
[2023-12-04T18:26:53.337+0000] {standard_task_runner.py:84} INFO - Running: ['***', 'tasks', 'run', 'etl_local_to_psql', 'ingest_task', 'scheduled__2023-08-02T06:00:00+00:00', '--job-id', '35', '--raw', '--subdir', 'DAGS_FOLDER/etl_local_to_psql.py', '--cfg-path', '/tmp/tmpv2_oo9bd']
[2023-12-04T18:26:53.361+0000] {standard_task_runner.py:85} INFO - Job 35: Subtask ingest_task
[2023-12-04T18:26:53.764+0000] {task_command.py:416} INFO - Running <TaskInstance: etl_local_to_psql.ingest_task scheduled__2023-08-02T06:00:00+00:00 [running]> on host 9ac898278c26
[2023-12-04T18:26:54.411+0000] {taskinstance.py:1662} INFO - Exporting env vars: AIRFLOW_CTX_DAG_OWNER='***' AIRFLOW_CTX_DAG_ID='etl_local_to_psql' AIRFLOW_CTX_TASK_ID='ingest_task' AIRFLOW_CTX_EXECUTION_DATE='2023-08-02T06:00:00+00:00' AIRFLOW_CTX_TRY_NUMBER='1' AIRFLOW_CTX_DAG_RUN_ID='scheduled__2023-08-02T06:00:00+00:00'
[2023-12-04T18:26:54.420+0000] {subprocess.py:63} INFO - Tmp dir root location: /tmp
[2023-12-04T18:26:54.437+0000] {subprocess.py:75} INFO - Running command: ['/bin/bash', '-c', 'ls /opt/***']
[2023-12-04T18:26:54.584+0000] {subprocess.py:86} INFO - Output:
[2023-12-04T18:26:54.621+0000] {subprocess.py:93} INFO - ***-worker.pid
[2023-12-04T18:26:54.622+0000] {subprocess.py:93} INFO - ***.cfg
[2023-12-04T18:26:54.626+0000] {subprocess.py:93} INFO - dags
[2023-12-04T18:26:54.628+0000] {subprocess.py:93} INFO - dataset
[2023-12-04T18:26:54.630+0000] {subprocess.py:93} INFO - logs
[2023-12-04T18:26:54.633+0000] {subprocess.py:93} INFO - output.parquet
[2023-12-04T18:26:54.636+0000] {subprocess.py:93} INFO - plugins
[2023-12-04T18:26:54.637+0000] {subprocess.py:93} INFO - requirements.txt
[2023-12-04T18:26:54.639+0000] {subprocess.py:93} INFO - scripts
[2023-12-04T18:26:54.640+0000] {subprocess.py:93} INFO - webserver_config.py
[2023-12-04T18:26:54.643+0000] {subprocess.py:97} INFO - Command exited with return code 0
[2023-12-04T18:26:54.763+0000] {taskinstance.py:1400} INFO - Marking task as SUCCESS. dag_id=etl_local_to_psql, task_id=ingest_task, execution_date=20230802T060000, start_date=20231204T182652, end_date=20231204T182654
[2023-12-04T18:26:54.937+0000] {local_task_job_runner.py:228} INFO - Task exited with return code 0
[2023-12-04T18:26:55.012+0000] {taskinstance.py:2778} INFO - 0 downstream tasks scheduled from follow-on schedule check
