[2023-12-07T16:52:06.499+0000] {taskinstance.py:1159} INFO - Dependencies all met for dep_context=non-requeueable deps ti=<TaskInstance: etl_local_to_gcs_to_bigquery.loads_raw_data_to_gcs.upload_raw_data_2014_to_gcs manual__2023-12-07T16:23:04.448993+00:00 [queued]>
[2023-12-07T16:52:06.519+0000] {taskinstance.py:1159} INFO - Dependencies all met for dep_context=requeueable deps ti=<TaskInstance: etl_local_to_gcs_to_bigquery.loads_raw_data_to_gcs.upload_raw_data_2014_to_gcs manual__2023-12-07T16:23:04.448993+00:00 [queued]>
[2023-12-07T16:52:06.521+0000] {taskinstance.py:1361} INFO - Starting attempt 1 of 1
[2023-12-07T16:52:06.551+0000] {taskinstance.py:1382} INFO - Executing <Task(PythonOperator): loads_raw_data_to_gcs.upload_raw_data_2014_to_gcs> on 2023-12-07 16:23:04.448993+00:00
[2023-12-07T16:52:06.564+0000] {standard_task_runner.py:57} INFO - Started process 5957 to run task
[2023-12-07T16:52:06.570+0000] {standard_task_runner.py:84} INFO - Running: ['***', 'tasks', 'run', 'etl_local_to_gcs_to_bigquery', 'loads_raw_data_to_gcs.upload_raw_data_2014_to_gcs', 'manual__2023-12-07T16:23:04.448993+00:00', '--job-id', '176', '--raw', '--subdir', 'DAGS_FOLDER/etl_gcs_to_bq.py', '--cfg-path', '/tmp/tmpirw9r0m5']
[2023-12-07T16:52:06.574+0000] {standard_task_runner.py:85} INFO - Job 176: Subtask loads_raw_data_to_gcs.upload_raw_data_2014_to_gcs
[2023-12-07T16:52:06.635+0000] {task_command.py:416} INFO - Running <TaskInstance: etl_local_to_gcs_to_bigquery.loads_raw_data_to_gcs.upload_raw_data_2014_to_gcs manual__2023-12-07T16:23:04.448993+00:00 [running]> on host f19d185ad9e6
[2023-12-07T16:52:06.784+0000] {taskinstance.py:1662} INFO - Exporting env vars: AIRFLOW_CTX_DAG_OWNER='***' AIRFLOW_CTX_DAG_ID='etl_local_to_gcs_to_bigquery' AIRFLOW_CTX_TASK_ID='loads_raw_data_to_gcs.upload_raw_data_2014_to_gcs' AIRFLOW_CTX_EXECUTION_DATE='2023-12-07T16:23:04.448993+00:00' AIRFLOW_CTX_TRY_NUMBER='1' AIRFLOW_CTX_DAG_RUN_ID='manual__2023-12-07T16:23:04.448993+00:00'
[2023-12-07T16:52:06.791+0000] {crypto.py:82} WARNING - empty cryptography key - values will not be stored encrypted.
[2023-12-07T16:52:06.792+0000] {connection.py:232} WARNING - Connection schemes (type: google_cloud_platform) shall not contain '_' according to RFC3986.
[2023-12-07T16:52:06.798+0000] {base.py:73} INFO - Using connection ID 'google_cloud_default' for task execution.
[2023-12-07T16:52:08.297+0000] {gcs.py:562} INFO - File /opt/***/dataset/raw/Indeks-Standar-Pencemar-Udara-di-SPKU-Bulan-Januari-Tahun-2014.csv uploaded to raw/Indeks-Standar-Pencemar-Udara-di-SPKU-Bulan-Januari-Tahun-2014.csv in ampun_puh_sepuh bucket
[2023-12-07T16:52:08.302+0000] {connection.py:232} WARNING - Connection schemes (type: google_cloud_platform) shall not contain '_' according to RFC3986.
[2023-12-07T16:52:08.304+0000] {base.py:73} INFO - Using connection ID 'google_cloud_default' for task execution.
[2023-12-07T16:52:09.438+0000] {gcs.py:562} INFO - File /opt/***/dataset/raw/Indeks-Standar-Pencemar-Udara-di-SPKU-Bulan-Februari-Tahun-2014.csv uploaded to raw/Indeks-Standar-Pencemar-Udara-di-SPKU-Bulan-Februari-Tahun-2014.csv in ampun_puh_sepuh bucket
[2023-12-07T16:52:09.445+0000] {connection.py:232} WARNING - Connection schemes (type: google_cloud_platform) shall not contain '_' according to RFC3986.
[2023-12-07T16:52:09.447+0000] {base.py:73} INFO - Using connection ID 'google_cloud_default' for task execution.
[2023-12-07T16:52:10.551+0000] {gcs.py:562} INFO - File /opt/***/dataset/raw/Indeks-Standar-Pencemar-Udara-di-SPKU-Bulan-Maret-Tahun-2014.csv uploaded to raw/Indeks-Standar-Pencemar-Udara-di-SPKU-Bulan-Maret-Tahun-2014.csv in ampun_puh_sepuh bucket
[2023-12-07T16:52:10.556+0000] {connection.py:232} WARNING - Connection schemes (type: google_cloud_platform) shall not contain '_' according to RFC3986.
[2023-12-07T16:52:10.558+0000] {base.py:73} INFO - Using connection ID 'google_cloud_default' for task execution.
[2023-12-07T16:52:11.573+0000] {gcs.py:562} INFO - File /opt/***/dataset/raw/Indeks-Standar-Pencemar-Udara-di-SPKU-Bulan-April-Tahun-2014.csv uploaded to raw/Indeks-Standar-Pencemar-Udara-di-SPKU-Bulan-April-Tahun-2014.csv in ampun_puh_sepuh bucket
[2023-12-07T16:52:11.580+0000] {connection.py:232} WARNING - Connection schemes (type: google_cloud_platform) shall not contain '_' according to RFC3986.
[2023-12-07T16:52:11.584+0000] {base.py:73} INFO - Using connection ID 'google_cloud_default' for task execution.
[2023-12-07T16:52:12.596+0000] {gcs.py:562} INFO - File /opt/***/dataset/raw/Indeks-Standar-Pencemar-Udara-di-SPKU-Bulan-Mei-Tahun-2014.csv uploaded to raw/Indeks-Standar-Pencemar-Udara-di-SPKU-Bulan-Mei-Tahun-2014.csv in ampun_puh_sepuh bucket
[2023-12-07T16:52:12.601+0000] {connection.py:232} WARNING - Connection schemes (type: google_cloud_platform) shall not contain '_' according to RFC3986.
[2023-12-07T16:52:12.604+0000] {base.py:73} INFO - Using connection ID 'google_cloud_default' for task execution.
[2023-12-07T16:52:13.674+0000] {gcs.py:562} INFO - File /opt/***/dataset/raw/Indeks-Standar-Pencemar-Udara-di-SPKU-Bulan-Juni-Tahun-2014.csv uploaded to raw/Indeks-Standar-Pencemar-Udara-di-SPKU-Bulan-Juni-Tahun-2014.csv in ampun_puh_sepuh bucket
[2023-12-07T16:52:13.679+0000] {connection.py:232} WARNING - Connection schemes (type: google_cloud_platform) shall not contain '_' according to RFC3986.
[2023-12-07T16:52:13.681+0000] {base.py:73} INFO - Using connection ID 'google_cloud_default' for task execution.
[2023-12-07T16:52:14.646+0000] {gcs.py:562} INFO - File /opt/***/dataset/raw/Indeks-Standar-Pencemar-Udara-di-SPKU-Bulan-Juli-Tahun-2014.csv uploaded to raw/Indeks-Standar-Pencemar-Udara-di-SPKU-Bulan-Juli-Tahun-2014.csv in ampun_puh_sepuh bucket
[2023-12-07T16:52:14.650+0000] {connection.py:232} WARNING - Connection schemes (type: google_cloud_platform) shall not contain '_' according to RFC3986.
[2023-12-07T16:52:14.653+0000] {base.py:73} INFO - Using connection ID 'google_cloud_default' for task execution.
[2023-12-07T16:52:15.670+0000] {gcs.py:562} INFO - File /opt/***/dataset/raw/Indeks-Standar-Pencemar-Udara-di-SPKU-Bulan-Agustus-Tahun-2014.csv uploaded to raw/Indeks-Standar-Pencemar-Udara-di-SPKU-Bulan-Agustus-Tahun-2014.csv in ampun_puh_sepuh bucket
[2023-12-07T16:52:15.677+0000] {connection.py:232} WARNING - Connection schemes (type: google_cloud_platform) shall not contain '_' according to RFC3986.
[2023-12-07T16:52:15.683+0000] {base.py:73} INFO - Using connection ID 'google_cloud_default' for task execution.
[2023-12-07T16:52:16.692+0000] {gcs.py:562} INFO - File /opt/***/dataset/raw/Indeks-Standar-Pencemar-Udara-di-SPKU-Bulan-September-Tahun-2014.csv uploaded to raw/Indeks-Standar-Pencemar-Udara-di-SPKU-Bulan-September-Tahun-2014.csv in ampun_puh_sepuh bucket
[2023-12-07T16:52:16.694+0000] {connection.py:232} WARNING - Connection schemes (type: google_cloud_platform) shall not contain '_' according to RFC3986.
[2023-12-07T16:52:16.696+0000] {base.py:73} INFO - Using connection ID 'google_cloud_default' for task execution.
[2023-12-07T16:52:17.562+0000] {gcs.py:562} INFO - File /opt/***/dataset/raw/Indeks-Standar-Pencemar-Udara-di-SPKU-Bulan-Oktober-Tahun-2014.csv uploaded to raw/Indeks-Standar-Pencemar-Udara-di-SPKU-Bulan-Oktober-Tahun-2014.csv in ampun_puh_sepuh bucket
[2023-12-07T16:52:17.566+0000] {connection.py:232} WARNING - Connection schemes (type: google_cloud_platform) shall not contain '_' according to RFC3986.
[2023-12-07T16:52:17.568+0000] {base.py:73} INFO - Using connection ID 'google_cloud_default' for task execution.
[2023-12-07T16:52:18.535+0000] {gcs.py:562} INFO - File /opt/***/dataset/raw/Indeks-Standar-Pencemar-Udara-di-SPKU-Bulan-November-Tahun-2014.csv uploaded to raw/Indeks-Standar-Pencemar-Udara-di-SPKU-Bulan-November-Tahun-2014.csv in ampun_puh_sepuh bucket
[2023-12-07T16:52:18.538+0000] {connection.py:232} WARNING - Connection schemes (type: google_cloud_platform) shall not contain '_' according to RFC3986.
[2023-12-07T16:52:18.540+0000] {base.py:73} INFO - Using connection ID 'google_cloud_default' for task execution.
[2023-12-07T16:52:19.561+0000] {gcs.py:562} INFO - File /opt/***/dataset/raw/Indeks-Standar-Pencemar-Udara-di-SPKU-Bulan-Desember-Tahun-2014.csv uploaded to raw/Indeks-Standar-Pencemar-Udara-di-SPKU-Bulan-Desember-Tahun-2014.csv in ampun_puh_sepuh bucket
[2023-12-07T16:52:19.563+0000] {python.py:194} INFO - Done. Returned value was: None
[2023-12-07T16:52:19.584+0000] {taskinstance.py:1400} INFO - Marking task as SUCCESS. dag_id=etl_local_to_gcs_to_bigquery, task_id=loads_raw_data_to_gcs.upload_raw_data_2014_to_gcs, execution_date=20231207T162304, start_date=20231207T165206, end_date=20231207T165219
[2023-12-07T16:52:19.646+0000] {local_task_job_runner.py:228} INFO - Task exited with return code 0
[2023-12-07T16:52:19.696+0000] {taskinstance.py:2778} INFO - 1 downstream tasks scheduled from follow-on schedule check
