[2023-12-14T11:04:06.017+0000] {taskinstance.py:1159} INFO - Dependencies all met for dep_context=non-requeueable deps ti=<TaskInstance: etl_local_to_gcs_to_bigquery.loads_raw_data_to_gcs.upload_raw_data_2016_to_gcs manual__2023-12-14T11:02:33.751879+00:00 [queued]>
[2023-12-14T11:04:06.035+0000] {taskinstance.py:1159} INFO - Dependencies all met for dep_context=requeueable deps ti=<TaskInstance: etl_local_to_gcs_to_bigquery.loads_raw_data_to_gcs.upload_raw_data_2016_to_gcs manual__2023-12-14T11:02:33.751879+00:00 [queued]>
[2023-12-14T11:04:06.036+0000] {taskinstance.py:1361} INFO - Starting attempt 1 of 1
[2023-12-14T11:04:06.057+0000] {taskinstance.py:1382} INFO - Executing <Task(PythonOperator): loads_raw_data_to_gcs.upload_raw_data_2016_to_gcs> on 2023-12-14 11:02:33.751879+00:00
[2023-12-14T11:04:06.068+0000] {standard_task_runner.py:57} INFO - Started process 2555 to run task
[2023-12-14T11:04:06.074+0000] {standard_task_runner.py:84} INFO - Running: ['***', 'tasks', 'run', 'etl_local_to_gcs_to_bigquery', 'loads_raw_data_to_gcs.upload_raw_data_2016_to_gcs', 'manual__2023-12-14T11:02:33.751879+00:00', '--job-id', '302', '--raw', '--subdir', 'DAGS_FOLDER/etl_gcs_to_bq.py', '--cfg-path', '/tmp/tmpl0vrcu4f']
[2023-12-14T11:04:06.079+0000] {standard_task_runner.py:85} INFO - Job 302: Subtask loads_raw_data_to_gcs.upload_raw_data_2016_to_gcs
[2023-12-14T11:04:06.144+0000] {task_command.py:416} INFO - Running <TaskInstance: etl_local_to_gcs_to_bigquery.loads_raw_data_to_gcs.upload_raw_data_2016_to_gcs manual__2023-12-14T11:02:33.751879+00:00 [running]> on host c0a30b49a736
[2023-12-14T11:04:06.262+0000] {taskinstance.py:1662} INFO - Exporting env vars: AIRFLOW_CTX_DAG_OWNER='***' AIRFLOW_CTX_DAG_ID='etl_local_to_gcs_to_bigquery' AIRFLOW_CTX_TASK_ID='loads_raw_data_to_gcs.upload_raw_data_2016_to_gcs' AIRFLOW_CTX_EXECUTION_DATE='2023-12-14T11:02:33.751879+00:00' AIRFLOW_CTX_TRY_NUMBER='1' AIRFLOW_CTX_DAG_RUN_ID='manual__2023-12-14T11:02:33.751879+00:00'
[2023-12-14T11:04:06.266+0000] {crypto.py:82} WARNING - empty cryptography key - values will not be stored encrypted.
[2023-12-14T11:04:06.267+0000] {connection.py:232} WARNING - Connection schemes (type: google_cloud_platform) shall not contain '_' according to RFC3986.
[2023-12-14T11:04:06.269+0000] {base.py:73} INFO - Using connection ID 'google_cloud_default' for task execution.
[2023-12-14T11:04:07.402+0000] {gcs.py:562} INFO - File /opt/***/dataset/raw/Indeks-Standar-Pencemar-Udara-di-SPKU-Bulan-Januari-Tahun-2016.csv uploaded to raw/Indeks-Standar-Pencemar-Udara-di-SPKU-Bulan-Januari-Tahun-2016.csv in ampun_puh_sepuh bucket
[2023-12-14T11:04:07.405+0000] {connection.py:232} WARNING - Connection schemes (type: google_cloud_platform) shall not contain '_' according to RFC3986.
[2023-12-14T11:04:07.407+0000] {base.py:73} INFO - Using connection ID 'google_cloud_default' for task execution.
[2023-12-14T11:04:08.427+0000] {gcs.py:562} INFO - File /opt/***/dataset/raw/Indeks-Standar-Pencemar-Udara-di-SPKU-Bulan-Februari-Tahun-2016.csv uploaded to raw/Indeks-Standar-Pencemar-Udara-di-SPKU-Bulan-Februari-Tahun-2016.csv in ampun_puh_sepuh bucket
[2023-12-14T11:04:08.432+0000] {connection.py:232} WARNING - Connection schemes (type: google_cloud_platform) shall not contain '_' according to RFC3986.
[2023-12-14T11:04:08.434+0000] {base.py:73} INFO - Using connection ID 'google_cloud_default' for task execution.
[2023-12-14T11:04:09.655+0000] {gcs.py:562} INFO - File /opt/***/dataset/raw/Indeks-Standar-Pencemar-Udara-di-SPKU-Bulan-Maret-Tahun-2016.csv uploaded to raw/Indeks-Standar-Pencemar-Udara-di-SPKU-Bulan-Maret-Tahun-2016.csv in ampun_puh_sepuh bucket
[2023-12-14T11:04:09.659+0000] {connection.py:232} WARNING - Connection schemes (type: google_cloud_platform) shall not contain '_' according to RFC3986.
[2023-12-14T11:04:09.663+0000] {base.py:73} INFO - Using connection ID 'google_cloud_default' for task execution.
[2023-12-14T11:04:10.628+0000] {gcs.py:562} INFO - File /opt/***/dataset/raw/Indeks-Standar-Pencemar-Udara-di-SPKU-Bulan-April-Tahun-2016.csv uploaded to raw/Indeks-Standar-Pencemar-Udara-di-SPKU-Bulan-April-Tahun-2016.csv in ampun_puh_sepuh bucket
[2023-12-14T11:04:10.636+0000] {connection.py:232} WARNING - Connection schemes (type: google_cloud_platform) shall not contain '_' according to RFC3986.
[2023-12-14T11:04:10.641+0000] {base.py:73} INFO - Using connection ID 'google_cloud_default' for task execution.
[2023-12-14T11:04:11.702+0000] {gcs.py:562} INFO - File /opt/***/dataset/raw/Indeks-Standar-Pencemar-Udara-di-SPKU-Bulan-Mei-Tahun-2016.csv uploaded to raw/Indeks-Standar-Pencemar-Udara-di-SPKU-Bulan-Mei-Tahun-2016.csv in ampun_puh_sepuh bucket
[2023-12-14T11:04:11.705+0000] {connection.py:232} WARNING - Connection schemes (type: google_cloud_platform) shall not contain '_' according to RFC3986.
[2023-12-14T11:04:11.707+0000] {base.py:73} INFO - Using connection ID 'google_cloud_default' for task execution.
[2023-12-14T11:04:12.524+0000] {gcs.py:562} INFO - File /opt/***/dataset/raw/Indeks-Standar-Pencemar-Udara-di-SPKU-Bulan-Juni-Tahun-2016.csv uploaded to raw/Indeks-Standar-Pencemar-Udara-di-SPKU-Bulan-Juni-Tahun-2016.csv in ampun_puh_sepuh bucket
[2023-12-14T11:04:12.529+0000] {connection.py:232} WARNING - Connection schemes (type: google_cloud_platform) shall not contain '_' according to RFC3986.
[2023-12-14T11:04:12.532+0000] {base.py:73} INFO - Using connection ID 'google_cloud_default' for task execution.
[2023-12-14T11:04:13.568+0000] {gcs.py:562} INFO - File /opt/***/dataset/raw/Indeks-Standar-Pencemar-Udara-di-SPKU-Bulan-Juli-Tahun-2016.csv uploaded to raw/Indeks-Standar-Pencemar-Udara-di-SPKU-Bulan-Juli-Tahun-2016.csv in ampun_puh_sepuh bucket
[2023-12-14T11:04:13.586+0000] {connection.py:232} WARNING - Connection schemes (type: google_cloud_platform) shall not contain '_' according to RFC3986.
[2023-12-14T11:04:13.592+0000] {base.py:73} INFO - Using connection ID 'google_cloud_default' for task execution.
[2023-12-14T11:04:14.775+0000] {gcs.py:562} INFO - File /opt/***/dataset/raw/Indeks-Standar-Pencemar-Udara-di-SPKU-Bulan-Agustus-Tahun-2016.csv uploaded to raw/Indeks-Standar-Pencemar-Udara-di-SPKU-Bulan-Agustus-Tahun-2016.csv in ampun_puh_sepuh bucket
[2023-12-14T11:04:14.779+0000] {connection.py:232} WARNING - Connection schemes (type: google_cloud_platform) shall not contain '_' according to RFC3986.
[2023-12-14T11:04:14.782+0000] {base.py:73} INFO - Using connection ID 'google_cloud_default' for task execution.
[2023-12-14T11:04:15.798+0000] {gcs.py:562} INFO - File /opt/***/dataset/raw/Indeks-Standar-Pencemar-Udara-di-SPKU-Bulan-September-Tahun-2016.csv uploaded to raw/Indeks-Standar-Pencemar-Udara-di-SPKU-Bulan-September-Tahun-2016.csv in ampun_puh_sepuh bucket
[2023-12-14T11:04:15.801+0000] {connection.py:232} WARNING - Connection schemes (type: google_cloud_platform) shall not contain '_' according to RFC3986.
[2023-12-14T11:04:15.802+0000] {base.py:73} INFO - Using connection ID 'google_cloud_default' for task execution.
[2023-12-14T11:04:16.822+0000] {gcs.py:562} INFO - File /opt/***/dataset/raw/Indeks-Standar-Pencemar-Udara-di-SPKU-Bulan-Oktober-Tahun-2016.csv uploaded to raw/Indeks-Standar-Pencemar-Udara-di-SPKU-Bulan-Oktober-Tahun-2016.csv in ampun_puh_sepuh bucket
[2023-12-14T11:04:16.825+0000] {connection.py:232} WARNING - Connection schemes (type: google_cloud_platform) shall not contain '_' according to RFC3986.
[2023-12-14T11:04:16.826+0000] {base.py:73} INFO - Using connection ID 'google_cloud_default' for task execution.
[2023-12-14T11:04:17.847+0000] {gcs.py:562} INFO - File /opt/***/dataset/raw/Indeks-Standar-Pencemar-Udara-di-SPKU-Bulan-November-Tahun-2016.csv uploaded to raw/Indeks-Standar-Pencemar-Udara-di-SPKU-Bulan-November-Tahun-2016.csv in ampun_puh_sepuh bucket
[2023-12-14T11:04:17.849+0000] {connection.py:232} WARNING - Connection schemes (type: google_cloud_platform) shall not contain '_' according to RFC3986.
[2023-12-14T11:04:17.857+0000] {base.py:73} INFO - Using connection ID 'google_cloud_default' for task execution.
[2023-12-14T11:04:18.871+0000] {gcs.py:562} INFO - File /opt/***/dataset/raw/Indeks-Standar-Pencemar-Udara-di-SPKU-Bulan-Desember-Tahun-2016.csv uploaded to raw/Indeks-Standar-Pencemar-Udara-di-SPKU-Bulan-Desember-Tahun-2016.csv in ampun_puh_sepuh bucket
[2023-12-14T11:04:18.873+0000] {python.py:194} INFO - Done. Returned value was: None
[2023-12-14T11:04:18.903+0000] {taskinstance.py:1400} INFO - Marking task as SUCCESS. dag_id=etl_local_to_gcs_to_bigquery, task_id=loads_raw_data_to_gcs.upload_raw_data_2016_to_gcs, execution_date=20231214T110233, start_date=20231214T110406, end_date=20231214T110418
[2023-12-14T11:04:18.994+0000] {local_task_job_runner.py:228} INFO - Task exited with return code 0
[2023-12-14T11:04:19.050+0000] {taskinstance.py:2778} INFO - 1 downstream tasks scheduled from follow-on schedule check
