[2023-12-04T18:26:53.155+0000] {taskinstance.py:1159} INFO - Dependencies all met for dep_context=non-requeueable deps ti=<TaskInstance: etl_local_to_psql.ingest_task scheduled__2023-10-02T06:00:00+00:00 [queued]>
[2023-12-04T18:26:53.330+0000] {taskinstance.py:1159} INFO - Dependencies all met for dep_context=requeueable deps ti=<TaskInstance: etl_local_to_psql.ingest_task scheduled__2023-10-02T06:00:00+00:00 [queued]>
[2023-12-04T18:26:53.337+0000] {taskinstance.py:1361} INFO - Starting attempt 1 of 1
[2023-12-04T18:26:53.452+0000] {taskinstance.py:1382} INFO - Executing <Task(BashOperator): ingest_task> on 2023-10-02 06:00:00+00:00
[2023-12-04T18:26:53.509+0000] {standard_task_runner.py:57} INFO - Started process 1426 to run task
[2023-12-04T18:26:53.540+0000] {standard_task_runner.py:84} INFO - Running: ['***', 'tasks', 'run', 'etl_local_to_psql', 'ingest_task', 'scheduled__2023-10-02T06:00:00+00:00', '--job-id', '37', '--raw', '--subdir', 'DAGS_FOLDER/etl_local_to_psql.py', '--cfg-path', '/tmp/tmph1zg6oyh']
[2023-12-04T18:26:53.545+0000] {standard_task_runner.py:85} INFO - Job 37: Subtask ingest_task
[2023-12-04T18:26:53.811+0000] {task_command.py:416} INFO - Running <TaskInstance: etl_local_to_psql.ingest_task scheduled__2023-10-02T06:00:00+00:00 [running]> on host 9ac898278c26
[2023-12-04T18:26:54.359+0000] {taskinstance.py:1662} INFO - Exporting env vars: AIRFLOW_CTX_DAG_OWNER='***' AIRFLOW_CTX_DAG_ID='etl_local_to_psql' AIRFLOW_CTX_TASK_ID='ingest_task' AIRFLOW_CTX_EXECUTION_DATE='2023-10-02T06:00:00+00:00' AIRFLOW_CTX_TRY_NUMBER='1' AIRFLOW_CTX_DAG_RUN_ID='scheduled__2023-10-02T06:00:00+00:00'
[2023-12-04T18:26:54.363+0000] {subprocess.py:63} INFO - Tmp dir root location: /tmp
[2023-12-04T18:26:54.376+0000] {subprocess.py:75} INFO - Running command: ['/bin/bash', '-c', 'ls /opt/***']
[2023-12-04T18:26:54.497+0000] {subprocess.py:86} INFO - Output:
[2023-12-04T18:26:54.507+0000] {subprocess.py:93} INFO - ***-worker.pid
[2023-12-04T18:26:54.508+0000] {subprocess.py:93} INFO - ***.cfg
[2023-12-04T18:26:54.510+0000] {subprocess.py:93} INFO - dags
[2023-12-04T18:26:54.515+0000] {subprocess.py:93} INFO - dataset
[2023-12-04T18:26:54.515+0000] {subprocess.py:93} INFO - logs
[2023-12-04T18:26:54.517+0000] {subprocess.py:93} INFO - output.parquet
[2023-12-04T18:26:54.519+0000] {subprocess.py:93} INFO - plugins
[2023-12-04T18:26:54.521+0000] {subprocess.py:93} INFO - requirements.txt
[2023-12-04T18:26:54.527+0000] {subprocess.py:93} INFO - scripts
[2023-12-04T18:26:54.535+0000] {subprocess.py:93} INFO - webserver_config.py
[2023-12-04T18:26:54.539+0000] {subprocess.py:97} INFO - Command exited with return code 0
[2023-12-04T18:26:54.753+0000] {taskinstance.py:1400} INFO - Marking task as SUCCESS. dag_id=etl_local_to_psql, task_id=ingest_task, execution_date=20231002T060000, start_date=20231204T182653, end_date=20231204T182654
[2023-12-04T18:26:54.933+0000] {local_task_job_runner.py:228} INFO - Task exited with return code 0
[2023-12-04T18:26:55.026+0000] {taskinstance.py:2778} INFO - 0 downstream tasks scheduled from follow-on schedule check
