[2023-12-04T18:26:50.418+0000] {taskinstance.py:1159} INFO - Dependencies all met for dep_context=non-requeueable deps ti=<TaskInstance: etl_local_to_psql.ingest_task scheduled__2023-02-02T06:00:00+00:00 [queued]>
[2023-12-04T18:26:50.608+0000] {taskinstance.py:1159} INFO - Dependencies all met for dep_context=requeueable deps ti=<TaskInstance: etl_local_to_psql.ingest_task scheduled__2023-02-02T06:00:00+00:00 [queued]>
[2023-12-04T18:26:50.627+0000] {taskinstance.py:1361} INFO - Starting attempt 1 of 1
[2023-12-04T18:26:50.839+0000] {taskinstance.py:1382} INFO - Executing <Task(BashOperator): ingest_task> on 2023-02-02 06:00:00+00:00
[2023-12-04T18:26:50.909+0000] {standard_task_runner.py:57} INFO - Started process 1417 to run task
[2023-12-04T18:26:50.967+0000] {standard_task_runner.py:84} INFO - Running: ['***', 'tasks', 'run', 'etl_local_to_psql', 'ingest_task', 'scheduled__2023-02-02T06:00:00+00:00', '--job-id', '32', '--raw', '--subdir', 'DAGS_FOLDER/etl_local_to_psql.py', '--cfg-path', '/tmp/tmpk8rx53r8']
[2023-12-04T18:26:50.982+0000] {standard_task_runner.py:85} INFO - Job 32: Subtask ingest_task
[2023-12-04T18:26:51.433+0000] {task_command.py:416} INFO - Running <TaskInstance: etl_local_to_psql.ingest_task scheduled__2023-02-02T06:00:00+00:00 [running]> on host 9ac898278c26
[2023-12-04T18:26:52.619+0000] {taskinstance.py:1662} INFO - Exporting env vars: AIRFLOW_CTX_DAG_OWNER='***' AIRFLOW_CTX_DAG_ID='etl_local_to_psql' AIRFLOW_CTX_TASK_ID='ingest_task' AIRFLOW_CTX_EXECUTION_DATE='2023-02-02T06:00:00+00:00' AIRFLOW_CTX_TRY_NUMBER='1' AIRFLOW_CTX_DAG_RUN_ID='scheduled__2023-02-02T06:00:00+00:00'
[2023-12-04T18:26:52.625+0000] {subprocess.py:63} INFO - Tmp dir root location: /tmp
[2023-12-04T18:26:52.639+0000] {subprocess.py:75} INFO - Running command: ['/bin/bash', '-c', 'ls /opt/***']
[2023-12-04T18:26:53.018+0000] {subprocess.py:86} INFO - Output:
[2023-12-04T18:26:53.144+0000] {subprocess.py:93} INFO - ***-worker.pid
[2023-12-04T18:26:53.147+0000] {subprocess.py:93} INFO - ***.cfg
[2023-12-04T18:26:53.149+0000] {subprocess.py:93} INFO - dags
[2023-12-04T18:26:53.150+0000] {subprocess.py:93} INFO - dataset
[2023-12-04T18:26:53.150+0000] {subprocess.py:93} INFO - logs
[2023-12-04T18:26:53.151+0000] {subprocess.py:93} INFO - output.parquet
[2023-12-04T18:26:53.152+0000] {subprocess.py:93} INFO - plugins
[2023-12-04T18:26:53.153+0000] {subprocess.py:93} INFO - requirements.txt
[2023-12-04T18:26:53.156+0000] {subprocess.py:93} INFO - scripts
[2023-12-04T18:26:53.193+0000] {subprocess.py:93} INFO - webserver_config.py
[2023-12-04T18:26:53.205+0000] {subprocess.py:97} INFO - Command exited with return code 0
[2023-12-04T18:26:53.385+0000] {taskinstance.py:1400} INFO - Marking task as SUCCESS. dag_id=etl_local_to_psql, task_id=ingest_task, execution_date=20230202T060000, start_date=20231204T182650, end_date=20231204T182653
[2023-12-04T18:26:53.569+0000] {local_task_job_runner.py:228} INFO - Task exited with return code 0
[2023-12-04T18:26:53.748+0000] {taskinstance.py:2778} INFO - 0 downstream tasks scheduled from follow-on schedule check
