[2023-12-14T11:03:34.893+0000] {taskinstance.py:1159} INFO - Dependencies all met for dep_context=non-requeueable deps ti=<TaskInstance: etl_local_to_gcs_to_bigquery.loads_raw_data_to_gcs.upload_raw_data_2014_to_gcs manual__2023-12-14T11:02:33.751879+00:00 [queued]>
[2023-12-14T11:03:34.927+0000] {taskinstance.py:1159} INFO - Dependencies all met for dep_context=requeueable deps ti=<TaskInstance: etl_local_to_gcs_to_bigquery.loads_raw_data_to_gcs.upload_raw_data_2014_to_gcs manual__2023-12-14T11:02:33.751879+00:00 [queued]>
[2023-12-14T11:03:34.928+0000] {taskinstance.py:1361} INFO - Starting attempt 1 of 1
[2023-12-14T11:03:34.960+0000] {taskinstance.py:1382} INFO - Executing <Task(PythonOperator): loads_raw_data_to_gcs.upload_raw_data_2014_to_gcs> on 2023-12-14 11:02:33.751879+00:00
[2023-12-14T11:03:34.971+0000] {standard_task_runner.py:57} INFO - Started process 2542 to run task
[2023-12-14T11:03:34.977+0000] {standard_task_runner.py:84} INFO - Running: ['***', 'tasks', 'run', 'etl_local_to_gcs_to_bigquery', 'loads_raw_data_to_gcs.upload_raw_data_2014_to_gcs', 'manual__2023-12-14T11:02:33.751879+00:00', '--job-id', '300', '--raw', '--subdir', 'DAGS_FOLDER/etl_gcs_to_bq.py', '--cfg-path', '/tmp/tmpr36x1qu5']
[2023-12-14T11:03:34.982+0000] {standard_task_runner.py:85} INFO - Job 300: Subtask loads_raw_data_to_gcs.upload_raw_data_2014_to_gcs
[2023-12-14T11:03:35.045+0000] {task_command.py:416} INFO - Running <TaskInstance: etl_local_to_gcs_to_bigquery.loads_raw_data_to_gcs.upload_raw_data_2014_to_gcs manual__2023-12-14T11:02:33.751879+00:00 [running]> on host c0a30b49a736
[2023-12-14T11:03:35.152+0000] {taskinstance.py:1662} INFO - Exporting env vars: AIRFLOW_CTX_DAG_OWNER='***' AIRFLOW_CTX_DAG_ID='etl_local_to_gcs_to_bigquery' AIRFLOW_CTX_TASK_ID='loads_raw_data_to_gcs.upload_raw_data_2014_to_gcs' AIRFLOW_CTX_EXECUTION_DATE='2023-12-14T11:02:33.751879+00:00' AIRFLOW_CTX_TRY_NUMBER='1' AIRFLOW_CTX_DAG_RUN_ID='manual__2023-12-14T11:02:33.751879+00:00'
[2023-12-14T11:03:35.158+0000] {crypto.py:82} WARNING - empty cryptography key - values will not be stored encrypted.
[2023-12-14T11:03:35.159+0000] {connection.py:232} WARNING - Connection schemes (type: google_cloud_platform) shall not contain '_' according to RFC3986.
[2023-12-14T11:03:35.161+0000] {base.py:73} INFO - Using connection ID 'google_cloud_default' for task execution.
[2023-12-14T11:03:36.276+0000] {gcs.py:562} INFO - File /opt/***/dataset/raw/Indeks-Standar-Pencemar-Udara-di-SPKU-Bulan-Januari-Tahun-2014.csv uploaded to raw/Indeks-Standar-Pencemar-Udara-di-SPKU-Bulan-Januari-Tahun-2014.csv in ampun_puh_sepuh bucket
[2023-12-14T11:03:36.279+0000] {connection.py:232} WARNING - Connection schemes (type: google_cloud_platform) shall not contain '_' according to RFC3986.
[2023-12-14T11:03:36.280+0000] {base.py:73} INFO - Using connection ID 'google_cloud_default' for task execution.
[2023-12-14T11:03:37.503+0000] {gcs.py:562} INFO - File /opt/***/dataset/raw/Indeks-Standar-Pencemar-Udara-di-SPKU-Bulan-Februari-Tahun-2014.csv uploaded to raw/Indeks-Standar-Pencemar-Udara-di-SPKU-Bulan-Februari-Tahun-2014.csv in ampun_puh_sepuh bucket
[2023-12-14T11:03:37.508+0000] {connection.py:232} WARNING - Connection schemes (type: google_cloud_platform) shall not contain '_' according to RFC3986.
[2023-12-14T11:03:37.510+0000] {base.py:73} INFO - Using connection ID 'google_cloud_default' for task execution.
[2023-12-14T11:03:38.455+0000] {gcs.py:562} INFO - File /opt/***/dataset/raw/Indeks-Standar-Pencemar-Udara-di-SPKU-Bulan-Maret-Tahun-2014.csv uploaded to raw/Indeks-Standar-Pencemar-Udara-di-SPKU-Bulan-Maret-Tahun-2014.csv in ampun_puh_sepuh bucket
[2023-12-14T11:03:38.458+0000] {connection.py:232} WARNING - Connection schemes (type: google_cloud_platform) shall not contain '_' according to RFC3986.
[2023-12-14T11:03:38.459+0000] {base.py:73} INFO - Using connection ID 'google_cloud_default' for task execution.
[2023-12-14T11:03:39.757+0000] {gcs.py:562} INFO - File /opt/***/dataset/raw/Indeks-Standar-Pencemar-Udara-di-SPKU-Bulan-April-Tahun-2014.csv uploaded to raw/Indeks-Standar-Pencemar-Udara-di-SPKU-Bulan-April-Tahun-2014.csv in ampun_puh_sepuh bucket
[2023-12-14T11:03:39.764+0000] {connection.py:232} WARNING - Connection schemes (type: google_cloud_platform) shall not contain '_' according to RFC3986.
[2023-12-14T11:03:39.768+0000] {base.py:73} INFO - Using connection ID 'google_cloud_default' for task execution.
[2023-12-14T11:03:40.985+0000] {gcs.py:562} INFO - File /opt/***/dataset/raw/Indeks-Standar-Pencemar-Udara-di-SPKU-Bulan-Mei-Tahun-2014.csv uploaded to raw/Indeks-Standar-Pencemar-Udara-di-SPKU-Bulan-Mei-Tahun-2014.csv in ampun_puh_sepuh bucket
[2023-12-14T11:03:40.987+0000] {connection.py:232} WARNING - Connection schemes (type: google_cloud_platform) shall not contain '_' according to RFC3986.
[2023-12-14T11:03:40.989+0000] {base.py:73} INFO - Using connection ID 'google_cloud_default' for task execution.
[2023-12-14T11:03:42.010+0000] {gcs.py:562} INFO - File /opt/***/dataset/raw/Indeks-Standar-Pencemar-Udara-di-SPKU-Bulan-Juni-Tahun-2014.csv uploaded to raw/Indeks-Standar-Pencemar-Udara-di-SPKU-Bulan-Juni-Tahun-2014.csv in ampun_puh_sepuh bucket
[2023-12-14T11:03:42.014+0000] {connection.py:232} WARNING - Connection schemes (type: google_cloud_platform) shall not contain '_' according to RFC3986.
[2023-12-14T11:03:42.016+0000] {base.py:73} INFO - Using connection ID 'google_cloud_default' for task execution.
[2023-12-14T11:03:43.035+0000] {gcs.py:562} INFO - File /opt/***/dataset/raw/Indeks-Standar-Pencemar-Udara-di-SPKU-Bulan-Juli-Tahun-2014.csv uploaded to raw/Indeks-Standar-Pencemar-Udara-di-SPKU-Bulan-Juli-Tahun-2014.csv in ampun_puh_sepuh bucket
[2023-12-14T11:03:43.048+0000] {connection.py:232} WARNING - Connection schemes (type: google_cloud_platform) shall not contain '_' according to RFC3986.
[2023-12-14T11:03:43.060+0000] {base.py:73} INFO - Using connection ID 'google_cloud_default' for task execution.
[2023-12-14T11:03:44.330+0000] {gcs.py:562} INFO - File /opt/***/dataset/raw/Indeks-Standar-Pencemar-Udara-di-SPKU-Bulan-Agustus-Tahun-2014.csv uploaded to raw/Indeks-Standar-Pencemar-Udara-di-SPKU-Bulan-Agustus-Tahun-2014.csv in ampun_puh_sepuh bucket
[2023-12-14T11:03:44.334+0000] {connection.py:232} WARNING - Connection schemes (type: google_cloud_platform) shall not contain '_' according to RFC3986.
[2023-12-14T11:03:44.337+0000] {base.py:73} INFO - Using connection ID 'google_cloud_default' for task execution.
[2023-12-14T11:03:45.169+0000] {gcs.py:562} INFO - File /opt/***/dataset/raw/Indeks-Standar-Pencemar-Udara-di-SPKU-Bulan-September-Tahun-2014.csv uploaded to raw/Indeks-Standar-Pencemar-Udara-di-SPKU-Bulan-September-Tahun-2014.csv in ampun_puh_sepuh bucket
[2023-12-14T11:03:45.174+0000] {connection.py:232} WARNING - Connection schemes (type: google_cloud_platform) shall not contain '_' according to RFC3986.
[2023-12-14T11:03:45.175+0000] {base.py:73} INFO - Using connection ID 'google_cloud_default' for task execution.
[2023-12-14T11:03:46.310+0000] {gcs.py:562} INFO - File /opt/***/dataset/raw/Indeks-Standar-Pencemar-Udara-di-SPKU-Bulan-Oktober-Tahun-2014.csv uploaded to raw/Indeks-Standar-Pencemar-Udara-di-SPKU-Bulan-Oktober-Tahun-2014.csv in ampun_puh_sepuh bucket
[2023-12-14T11:03:46.313+0000] {connection.py:232} WARNING - Connection schemes (type: google_cloud_platform) shall not contain '_' according to RFC3986.
[2023-12-14T11:03:46.315+0000] {base.py:73} INFO - Using connection ID 'google_cloud_default' for task execution.
[2023-12-14T11:03:47.334+0000] {gcs.py:562} INFO - File /opt/***/dataset/raw/Indeks-Standar-Pencemar-Udara-di-SPKU-Bulan-November-Tahun-2014.csv uploaded to raw/Indeks-Standar-Pencemar-Udara-di-SPKU-Bulan-November-Tahun-2014.csv in ampun_puh_sepuh bucket
[2023-12-14T11:03:47.337+0000] {connection.py:232} WARNING - Connection schemes (type: google_cloud_platform) shall not contain '_' according to RFC3986.
[2023-12-14T11:03:47.339+0000] {base.py:73} INFO - Using connection ID 'google_cloud_default' for task execution.
[2023-12-14T11:03:48.360+0000] {gcs.py:562} INFO - File /opt/***/dataset/raw/Indeks-Standar-Pencemar-Udara-di-SPKU-Bulan-Desember-Tahun-2014.csv uploaded to raw/Indeks-Standar-Pencemar-Udara-di-SPKU-Bulan-Desember-Tahun-2014.csv in ampun_puh_sepuh bucket
[2023-12-14T11:03:48.370+0000] {python.py:194} INFO - Done. Returned value was: None
[2023-12-14T11:03:48.403+0000] {taskinstance.py:1400} INFO - Marking task as SUCCESS. dag_id=etl_local_to_gcs_to_bigquery, task_id=loads_raw_data_to_gcs.upload_raw_data_2014_to_gcs, execution_date=20231214T110233, start_date=20231214T110334, end_date=20231214T110348
[2023-12-14T11:03:48.493+0000] {local_task_job_runner.py:228} INFO - Task exited with return code 0
[2023-12-14T11:03:48.630+0000] {taskinstance.py:2778} INFO - 1 downstream tasks scheduled from follow-on schedule check
