[2023-12-04T18:02:33.224+0000] {taskinstance.py:1159} INFO - Dependencies all met for dep_context=non-requeueable deps ti=<TaskInstance: etl_local_to_psql.ingest_task manual__2023-12-04T18:02:09.594480+00:00 [queued]>
[2023-12-04T18:02:33.241+0000] {taskinstance.py:1159} INFO - Dependencies all met for dep_context=requeueable deps ti=<TaskInstance: etl_local_to_psql.ingest_task manual__2023-12-04T18:02:09.594480+00:00 [queued]>
[2023-12-04T18:02:33.241+0000] {taskinstance.py:1361} INFO - Starting attempt 1 of 1
[2023-12-04T18:02:33.268+0000] {taskinstance.py:1382} INFO - Executing <Task(BashOperator): ingest_task> on 2023-12-04 18:02:09.594480+00:00
[2023-12-04T18:02:33.278+0000] {standard_task_runner.py:57} INFO - Started process 980 to run task
[2023-12-04T18:02:33.285+0000] {standard_task_runner.py:84} INFO - Running: ['***', 'tasks', 'run', 'etl_local_to_psql', 'ingest_task', 'manual__2023-12-04T18:02:09.594480+00:00', '--job-id', '16', '--raw', '--subdir', 'DAGS_FOLDER/etl_local_to_psql.py', '--cfg-path', '/tmp/tmp423wsylo']
[2023-12-04T18:02:33.286+0000] {standard_task_runner.py:85} INFO - Job 16: Subtask ingest_task
[2023-12-04T18:02:33.355+0000] {task_command.py:416} INFO - Running <TaskInstance: etl_local_to_psql.ingest_task manual__2023-12-04T18:02:09.594480+00:00 [running]> on host 9ac898278c26
[2023-12-04T18:02:33.482+0000] {taskinstance.py:1662} INFO - Exporting env vars: AIRFLOW_CTX_DAG_OWNER='***' AIRFLOW_CTX_DAG_ID='etl_local_to_psql' AIRFLOW_CTX_TASK_ID='ingest_task' AIRFLOW_CTX_EXECUTION_DATE='2023-12-04T18:02:09.594480+00:00' AIRFLOW_CTX_TRY_NUMBER='1' AIRFLOW_CTX_DAG_RUN_ID='manual__2023-12-04T18:02:09.594480+00:00'
[2023-12-04T18:02:33.485+0000] {subprocess.py:63} INFO - Tmp dir root location: /tmp
[2023-12-04T18:02:33.488+0000] {subprocess.py:75} INFO - Running command: ['/bin/bash', '-c', 'ls /opt/***']
[2023-12-04T18:02:33.509+0000] {subprocess.py:86} INFO - Output:
[2023-12-04T18:02:33.520+0000] {subprocess.py:93} INFO - ***-worker.pid
[2023-12-04T18:02:33.521+0000] {subprocess.py:93} INFO - ***.cfg
[2023-12-04T18:02:33.521+0000] {subprocess.py:93} INFO - dags
[2023-12-04T18:02:33.522+0000] {subprocess.py:93} INFO - dataset
[2023-12-04T18:02:33.524+0000] {subprocess.py:93} INFO - logs
[2023-12-04T18:02:33.525+0000] {subprocess.py:93} INFO - output.parquet
[2023-12-04T18:02:33.526+0000] {subprocess.py:93} INFO - plugins
[2023-12-04T18:02:33.527+0000] {subprocess.py:93} INFO - requirements.txt
[2023-12-04T18:02:33.528+0000] {subprocess.py:93} INFO - scripts
[2023-12-04T18:02:33.530+0000] {subprocess.py:93} INFO - webserver_config.py
[2023-12-04T18:02:33.532+0000] {subprocess.py:97} INFO - Command exited with return code 0
[2023-12-04T18:02:33.570+0000] {taskinstance.py:1400} INFO - Marking task as SUCCESS. dag_id=etl_local_to_psql, task_id=ingest_task, execution_date=20231204T180209, start_date=20231204T180233, end_date=20231204T180233
[2023-12-04T18:02:33.620+0000] {local_task_job_runner.py:228} INFO - Task exited with return code 0
[2023-12-04T18:02:33.652+0000] {taskinstance.py:2778} INFO - 0 downstream tasks scheduled from follow-on schedule check
