[2023-12-13T17:06:23.190+0000] {processor.py:157} INFO - Started process (PID=38) to work on /opt/airflow/dags/etl_local_to_psql.py
[2023-12-13T17:06:23.207+0000] {processor.py:829} INFO - Processing file /opt/airflow/dags/etl_local_to_psql.py for tasks to queue
[2023-12-13T17:06:23.224+0000] {logging_mixin.py:154} INFO - [2023-12-13T17:06:23.223+0000] {dagbag.py:536} INFO - Filling up the DagBag from /opt/airflow/dags/etl_local_to_psql.py
[2023-12-13T17:06:23.277+0000] {processor.py:839} INFO - DAG(s) dict_keys(['etl_local_to_psql']) retrieved from /opt/airflow/dags/etl_local_to_psql.py
[2023-12-13T17:06:23.561+0000] {logging_mixin.py:154} INFO - [2023-12-13T17:06:23.561+0000] {dag.py:2941} INFO - Sync 1 DAGs
[2023-12-13T17:06:23.597+0000] {logging_mixin.py:154} INFO - [2023-12-13T17:06:23.597+0000] {dag.py:3722} INFO - Setting next_dagrun for etl_local_to_psql to None, run_after=None
[2023-12-13T17:06:23.657+0000] {processor.py:179} INFO - Processing /opt/airflow/dags/etl_local_to_psql.py took 0.481 seconds
[2023-12-13T17:06:54.674+0000] {processor.py:157} INFO - Started process (PID=48) to work on /opt/airflow/dags/etl_local_to_psql.py
[2023-12-13T17:06:54.678+0000] {processor.py:829} INFO - Processing file /opt/airflow/dags/etl_local_to_psql.py for tasks to queue
[2023-12-13T17:06:54.687+0000] {logging_mixin.py:154} INFO - [2023-12-13T17:06:54.686+0000] {dagbag.py:536} INFO - Filling up the DagBag from /opt/airflow/dags/etl_local_to_psql.py
[2023-12-13T17:06:54.723+0000] {processor.py:839} INFO - DAG(s) dict_keys(['etl_local_to_psql']) retrieved from /opt/airflow/dags/etl_local_to_psql.py
[2023-12-13T17:06:54.764+0000] {logging_mixin.py:154} INFO - [2023-12-13T17:06:54.764+0000] {dag.py:2941} INFO - Sync 1 DAGs
[2023-12-13T17:06:54.784+0000] {logging_mixin.py:154} INFO - [2023-12-13T17:06:54.784+0000] {dag.py:3722} INFO - Setting next_dagrun for etl_local_to_psql to None, run_after=None
[2023-12-13T17:06:54.818+0000] {processor.py:179} INFO - Processing /opt/airflow/dags/etl_local_to_psql.py took 0.152 seconds
[2023-12-13T17:07:25.134+0000] {processor.py:157} INFO - Started process (PID=59) to work on /opt/airflow/dags/etl_local_to_psql.py
[2023-12-13T17:07:25.135+0000] {processor.py:829} INFO - Processing file /opt/airflow/dags/etl_local_to_psql.py for tasks to queue
[2023-12-13T17:07:25.139+0000] {logging_mixin.py:154} INFO - [2023-12-13T17:07:25.138+0000] {dagbag.py:536} INFO - Filling up the DagBag from /opt/airflow/dags/etl_local_to_psql.py
[2023-12-13T17:07:25.155+0000] {processor.py:839} INFO - DAG(s) dict_keys(['etl_local_to_psql']) retrieved from /opt/airflow/dags/etl_local_to_psql.py
[2023-12-13T17:07:25.189+0000] {logging_mixin.py:154} INFO - [2023-12-13T17:07:25.189+0000] {dag.py:2941} INFO - Sync 1 DAGs
[2023-12-13T17:07:25.207+0000] {logging_mixin.py:154} INFO - [2023-12-13T17:07:25.207+0000] {dag.py:3722} INFO - Setting next_dagrun for etl_local_to_psql to None, run_after=None
[2023-12-13T17:07:25.240+0000] {processor.py:179} INFO - Processing /opt/airflow/dags/etl_local_to_psql.py took 0.112 seconds
[2023-12-13T17:07:55.633+0000] {processor.py:157} INFO - Started process (PID=69) to work on /opt/airflow/dags/etl_local_to_psql.py
[2023-12-13T17:07:55.637+0000] {processor.py:829} INFO - Processing file /opt/airflow/dags/etl_local_to_psql.py for tasks to queue
[2023-12-13T17:07:55.645+0000] {logging_mixin.py:154} INFO - [2023-12-13T17:07:55.644+0000] {dagbag.py:536} INFO - Filling up the DagBag from /opt/airflow/dags/etl_local_to_psql.py
[2023-12-13T17:07:55.680+0000] {processor.py:839} INFO - DAG(s) dict_keys(['etl_local_to_psql']) retrieved from /opt/airflow/dags/etl_local_to_psql.py
[2023-12-13T17:07:55.717+0000] {logging_mixin.py:154} INFO - [2023-12-13T17:07:55.717+0000] {dag.py:2941} INFO - Sync 1 DAGs
[2023-12-13T17:07:55.733+0000] {logging_mixin.py:154} INFO - [2023-12-13T17:07:55.733+0000] {dag.py:3722} INFO - Setting next_dagrun for etl_local_to_psql to None, run_after=None
[2023-12-13T17:07:55.763+0000] {processor.py:179} INFO - Processing /opt/airflow/dags/etl_local_to_psql.py took 0.139 seconds
[2023-12-13T17:08:26.226+0000] {processor.py:157} INFO - Started process (PID=80) to work on /opt/airflow/dags/etl_local_to_psql.py
[2023-12-13T17:08:26.233+0000] {processor.py:829} INFO - Processing file /opt/airflow/dags/etl_local_to_psql.py for tasks to queue
[2023-12-13T17:08:26.241+0000] {logging_mixin.py:154} INFO - [2023-12-13T17:08:26.241+0000] {dagbag.py:536} INFO - Filling up the DagBag from /opt/airflow/dags/etl_local_to_psql.py
[2023-12-13T17:08:26.282+0000] {processor.py:839} INFO - DAG(s) dict_keys(['etl_local_to_psql']) retrieved from /opt/airflow/dags/etl_local_to_psql.py
[2023-12-13T17:08:26.377+0000] {logging_mixin.py:154} INFO - [2023-12-13T17:08:26.376+0000] {dag.py:2941} INFO - Sync 1 DAGs
[2023-12-13T17:08:26.433+0000] {logging_mixin.py:154} INFO - [2023-12-13T17:08:26.432+0000] {dag.py:3722} INFO - Setting next_dagrun for etl_local_to_psql to None, run_after=None
[2023-12-13T17:08:26.529+0000] {processor.py:179} INFO - Processing /opt/airflow/dags/etl_local_to_psql.py took 0.310 seconds
[2023-12-13T17:08:56.757+0000] {processor.py:157} INFO - Started process (PID=90) to work on /opt/airflow/dags/etl_local_to_psql.py
[2023-12-13T17:08:56.759+0000] {processor.py:829} INFO - Processing file /opt/airflow/dags/etl_local_to_psql.py for tasks to queue
[2023-12-13T17:08:56.767+0000] {logging_mixin.py:154} INFO - [2023-12-13T17:08:56.766+0000] {dagbag.py:536} INFO - Filling up the DagBag from /opt/airflow/dags/etl_local_to_psql.py
[2023-12-13T17:08:56.788+0000] {processor.py:839} INFO - DAG(s) dict_keys(['etl_local_to_psql']) retrieved from /opt/airflow/dags/etl_local_to_psql.py
[2023-12-13T17:08:56.824+0000] {logging_mixin.py:154} INFO - [2023-12-13T17:08:56.824+0000] {dag.py:2941} INFO - Sync 1 DAGs
[2023-12-13T17:08:56.847+0000] {logging_mixin.py:154} INFO - [2023-12-13T17:08:56.847+0000] {dag.py:3722} INFO - Setting next_dagrun for etl_local_to_psql to None, run_after=None
[2023-12-13T17:08:56.879+0000] {processor.py:179} INFO - Processing /opt/airflow/dags/etl_local_to_psql.py took 0.129 seconds
[2023-12-13T17:09:27.248+0000] {processor.py:157} INFO - Started process (PID=100) to work on /opt/airflow/dags/etl_local_to_psql.py
[2023-12-13T17:09:27.251+0000] {processor.py:829} INFO - Processing file /opt/airflow/dags/etl_local_to_psql.py for tasks to queue
[2023-12-13T17:09:27.255+0000] {logging_mixin.py:154} INFO - [2023-12-13T17:09:27.254+0000] {dagbag.py:536} INFO - Filling up the DagBag from /opt/airflow/dags/etl_local_to_psql.py
[2023-12-13T17:09:27.296+0000] {processor.py:839} INFO - DAG(s) dict_keys(['etl_local_to_psql']) retrieved from /opt/airflow/dags/etl_local_to_psql.py
[2023-12-13T17:09:27.334+0000] {logging_mixin.py:154} INFO - [2023-12-13T17:09:27.333+0000] {dag.py:2941} INFO - Sync 1 DAGs
[2023-12-13T17:09:27.355+0000] {logging_mixin.py:154} INFO - [2023-12-13T17:09:27.355+0000] {dag.py:3722} INFO - Setting next_dagrun for etl_local_to_psql to None, run_after=None
[2023-12-13T17:09:27.590+0000] {processor.py:179} INFO - Processing /opt/airflow/dags/etl_local_to_psql.py took 0.355 seconds
[2023-12-13T17:09:58.226+0000] {processor.py:157} INFO - Started process (PID=111) to work on /opt/airflow/dags/etl_local_to_psql.py
[2023-12-13T17:09:58.227+0000] {processor.py:829} INFO - Processing file /opt/airflow/dags/etl_local_to_psql.py for tasks to queue
[2023-12-13T17:09:58.231+0000] {logging_mixin.py:154} INFO - [2023-12-13T17:09:58.231+0000] {dagbag.py:536} INFO - Filling up the DagBag from /opt/airflow/dags/etl_local_to_psql.py
[2023-12-13T17:09:58.249+0000] {processor.py:839} INFO - DAG(s) dict_keys(['etl_local_to_psql']) retrieved from /opt/airflow/dags/etl_local_to_psql.py
[2023-12-13T17:09:58.278+0000] {logging_mixin.py:154} INFO - [2023-12-13T17:09:58.277+0000] {dag.py:2941} INFO - Sync 1 DAGs
[2023-12-13T17:09:58.296+0000] {logging_mixin.py:154} INFO - [2023-12-13T17:09:58.296+0000] {dag.py:3722} INFO - Setting next_dagrun for etl_local_to_psql to None, run_after=None
[2023-12-13T17:09:58.341+0000] {processor.py:179} INFO - Processing /opt/airflow/dags/etl_local_to_psql.py took 0.120 seconds
[2023-12-13T17:10:28.858+0000] {processor.py:157} INFO - Started process (PID=121) to work on /opt/airflow/dags/etl_local_to_psql.py
[2023-12-13T17:10:28.863+0000] {processor.py:829} INFO - Processing file /opt/airflow/dags/etl_local_to_psql.py for tasks to queue
[2023-12-13T17:10:28.895+0000] {logging_mixin.py:154} INFO - [2023-12-13T17:10:28.894+0000] {dagbag.py:536} INFO - Filling up the DagBag from /opt/airflow/dags/etl_local_to_psql.py
[2023-12-13T17:10:28.945+0000] {processor.py:839} INFO - DAG(s) dict_keys(['etl_local_to_psql']) retrieved from /opt/airflow/dags/etl_local_to_psql.py
[2023-12-13T17:10:29.054+0000] {logging_mixin.py:154} INFO - [2023-12-13T17:10:29.052+0000] {dag.py:2941} INFO - Sync 1 DAGs
[2023-12-13T17:10:29.109+0000] {logging_mixin.py:154} INFO - [2023-12-13T17:10:29.108+0000] {dag.py:3722} INFO - Setting next_dagrun for etl_local_to_psql to None, run_after=None
[2023-12-13T17:10:29.192+0000] {processor.py:179} INFO - Processing /opt/airflow/dags/etl_local_to_psql.py took 0.342 seconds
[2023-12-13T17:10:59.592+0000] {processor.py:157} INFO - Started process (PID=131) to work on /opt/airflow/dags/etl_local_to_psql.py
[2023-12-13T17:10:59.595+0000] {processor.py:829} INFO - Processing file /opt/airflow/dags/etl_local_to_psql.py for tasks to queue
[2023-12-13T17:10:59.600+0000] {logging_mixin.py:154} INFO - [2023-12-13T17:10:59.599+0000] {dagbag.py:536} INFO - Filling up the DagBag from /opt/airflow/dags/etl_local_to_psql.py
[2023-12-13T17:10:59.619+0000] {processor.py:839} INFO - DAG(s) dict_keys(['etl_local_to_psql']) retrieved from /opt/airflow/dags/etl_local_to_psql.py
[2023-12-13T17:10:59.657+0000] {logging_mixin.py:154} INFO - [2023-12-13T17:10:59.657+0000] {dag.py:2941} INFO - Sync 1 DAGs
[2023-12-13T17:10:59.692+0000] {logging_mixin.py:154} INFO - [2023-12-13T17:10:59.692+0000] {dag.py:3722} INFO - Setting next_dagrun for etl_local_to_psql to None, run_after=None
[2023-12-13T17:10:59.736+0000] {processor.py:179} INFO - Processing /opt/airflow/dags/etl_local_to_psql.py took 0.148 seconds
[2023-12-13T17:11:30.519+0000] {processor.py:157} INFO - Started process (PID=141) to work on /opt/airflow/dags/etl_local_to_psql.py
[2023-12-13T17:11:30.534+0000] {processor.py:829} INFO - Processing file /opt/airflow/dags/etl_local_to_psql.py for tasks to queue
[2023-12-13T17:11:30.538+0000] {logging_mixin.py:154} INFO - [2023-12-13T17:11:30.538+0000] {dagbag.py:536} INFO - Filling up the DagBag from /opt/airflow/dags/etl_local_to_psql.py
[2023-12-13T17:11:30.610+0000] {processor.py:839} INFO - DAG(s) dict_keys(['etl_local_to_psql']) retrieved from /opt/airflow/dags/etl_local_to_psql.py
[2023-12-13T17:11:30.695+0000] {logging_mixin.py:154} INFO - [2023-12-13T17:11:30.695+0000] {dag.py:2941} INFO - Sync 1 DAGs
[2023-12-13T17:11:30.752+0000] {logging_mixin.py:154} INFO - [2023-12-13T17:11:30.751+0000] {dag.py:3722} INFO - Setting next_dagrun for etl_local_to_psql to None, run_after=None
[2023-12-13T17:11:30.819+0000] {processor.py:179} INFO - Processing /opt/airflow/dags/etl_local_to_psql.py took 0.313 seconds
[2023-12-13T17:12:01.153+0000] {processor.py:157} INFO - Started process (PID=151) to work on /opt/airflow/dags/etl_local_to_psql.py
[2023-12-13T17:12:01.154+0000] {processor.py:829} INFO - Processing file /opt/airflow/dags/etl_local_to_psql.py for tasks to queue
[2023-12-13T17:12:01.161+0000] {logging_mixin.py:154} INFO - [2023-12-13T17:12:01.160+0000] {dagbag.py:536} INFO - Filling up the DagBag from /opt/airflow/dags/etl_local_to_psql.py
[2023-12-13T17:12:01.188+0000] {processor.py:839} INFO - DAG(s) dict_keys(['etl_local_to_psql']) retrieved from /opt/airflow/dags/etl_local_to_psql.py
[2023-12-13T17:12:01.231+0000] {logging_mixin.py:154} INFO - [2023-12-13T17:12:01.230+0000] {dag.py:2941} INFO - Sync 1 DAGs
[2023-12-13T17:12:01.255+0000] {logging_mixin.py:154} INFO - [2023-12-13T17:12:01.255+0000] {dag.py:3722} INFO - Setting next_dagrun for etl_local_to_psql to None, run_after=None
[2023-12-13T17:12:01.297+0000] {processor.py:179} INFO - Processing /opt/airflow/dags/etl_local_to_psql.py took 0.159 seconds
[2023-12-13T17:12:31.780+0000] {processor.py:157} INFO - Started process (PID=162) to work on /opt/airflow/dags/etl_local_to_psql.py
[2023-12-13T17:12:31.782+0000] {processor.py:829} INFO - Processing file /opt/airflow/dags/etl_local_to_psql.py for tasks to queue
[2023-12-13T17:12:31.787+0000] {logging_mixin.py:154} INFO - [2023-12-13T17:12:31.786+0000] {dagbag.py:536} INFO - Filling up the DagBag from /opt/airflow/dags/etl_local_to_psql.py
[2023-12-13T17:12:31.811+0000] {processor.py:839} INFO - DAG(s) dict_keys(['etl_local_to_psql']) retrieved from /opt/airflow/dags/etl_local_to_psql.py
[2023-12-13T17:12:31.858+0000] {logging_mixin.py:154} INFO - [2023-12-13T17:12:31.858+0000] {dag.py:2941} INFO - Sync 1 DAGs
[2023-12-13T17:12:31.886+0000] {logging_mixin.py:154} INFO - [2023-12-13T17:12:31.885+0000] {dag.py:3722} INFO - Setting next_dagrun for etl_local_to_psql to None, run_after=None
[2023-12-13T17:12:31.931+0000] {processor.py:179} INFO - Processing /opt/airflow/dags/etl_local_to_psql.py took 0.156 seconds
[2023-12-13T17:13:02.395+0000] {processor.py:157} INFO - Started process (PID=172) to work on /opt/airflow/dags/etl_local_to_psql.py
[2023-12-13T17:13:02.398+0000] {processor.py:829} INFO - Processing file /opt/airflow/dags/etl_local_to_psql.py for tasks to queue
[2023-12-13T17:13:02.408+0000] {logging_mixin.py:154} INFO - [2023-12-13T17:13:02.402+0000] {dagbag.py:536} INFO - Filling up the DagBag from /opt/airflow/dags/etl_local_to_psql.py
[2023-12-13T17:13:02.432+0000] {processor.py:839} INFO - DAG(s) dict_keys(['etl_local_to_psql']) retrieved from /opt/airflow/dags/etl_local_to_psql.py
[2023-12-13T17:13:02.471+0000] {logging_mixin.py:154} INFO - [2023-12-13T17:13:02.470+0000] {dag.py:2941} INFO - Sync 1 DAGs
[2023-12-13T17:13:02.496+0000] {logging_mixin.py:154} INFO - [2023-12-13T17:13:02.496+0000] {dag.py:3722} INFO - Setting next_dagrun for etl_local_to_psql to None, run_after=None
[2023-12-13T17:13:02.538+0000] {processor.py:179} INFO - Processing /opt/airflow/dags/etl_local_to_psql.py took 0.150 seconds
[2023-12-13T17:13:32.928+0000] {processor.py:157} INFO - Started process (PID=182) to work on /opt/airflow/dags/etl_local_to_psql.py
[2023-12-13T17:13:32.930+0000] {processor.py:829} INFO - Processing file /opt/airflow/dags/etl_local_to_psql.py for tasks to queue
[2023-12-13T17:13:32.936+0000] {logging_mixin.py:154} INFO - [2023-12-13T17:13:32.935+0000] {dagbag.py:536} INFO - Filling up the DagBag from /opt/airflow/dags/etl_local_to_psql.py
[2023-12-13T17:13:32.954+0000] {processor.py:839} INFO - DAG(s) dict_keys(['etl_local_to_psql']) retrieved from /opt/airflow/dags/etl_local_to_psql.py
[2023-12-13T17:13:33.000+0000] {logging_mixin.py:154} INFO - [2023-12-13T17:13:32.999+0000] {dag.py:2941} INFO - Sync 1 DAGs
[2023-12-13T17:13:33.018+0000] {logging_mixin.py:154} INFO - [2023-12-13T17:13:33.018+0000] {dag.py:3722} INFO - Setting next_dagrun for etl_local_to_psql to None, run_after=None
[2023-12-13T17:13:33.049+0000] {processor.py:179} INFO - Processing /opt/airflow/dags/etl_local_to_psql.py took 0.127 seconds
[2023-12-13T17:14:03.676+0000] {processor.py:157} INFO - Started process (PID=192) to work on /opt/airflow/dags/etl_local_to_psql.py
[2023-12-13T17:14:03.678+0000] {processor.py:829} INFO - Processing file /opt/airflow/dags/etl_local_to_psql.py for tasks to queue
[2023-12-13T17:14:03.682+0000] {logging_mixin.py:154} INFO - [2023-12-13T17:14:03.681+0000] {dagbag.py:536} INFO - Filling up the DagBag from /opt/airflow/dags/etl_local_to_psql.py
[2023-12-13T17:14:03.700+0000] {processor.py:839} INFO - DAG(s) dict_keys(['etl_local_to_psql']) retrieved from /opt/airflow/dags/etl_local_to_psql.py
[2023-12-13T17:14:03.729+0000] {logging_mixin.py:154} INFO - [2023-12-13T17:14:03.729+0000] {dag.py:2941} INFO - Sync 1 DAGs
[2023-12-13T17:14:03.749+0000] {logging_mixin.py:154} INFO - [2023-12-13T17:14:03.748+0000] {dag.py:3722} INFO - Setting next_dagrun for etl_local_to_psql to None, run_after=None
[2023-12-13T17:14:03.784+0000] {processor.py:179} INFO - Processing /opt/airflow/dags/etl_local_to_psql.py took 0.113 seconds
[2023-12-13T17:14:34.330+0000] {processor.py:157} INFO - Started process (PID=202) to work on /opt/airflow/dags/etl_local_to_psql.py
[2023-12-13T17:14:34.332+0000] {processor.py:829} INFO - Processing file /opt/airflow/dags/etl_local_to_psql.py for tasks to queue
[2023-12-13T17:14:34.337+0000] {logging_mixin.py:154} INFO - [2023-12-13T17:14:34.336+0000] {dagbag.py:536} INFO - Filling up the DagBag from /opt/airflow/dags/etl_local_to_psql.py
[2023-12-13T17:14:34.361+0000] {processor.py:839} INFO - DAG(s) dict_keys(['etl_local_to_psql']) retrieved from /opt/airflow/dags/etl_local_to_psql.py
[2023-12-13T17:14:34.396+0000] {logging_mixin.py:154} INFO - [2023-12-13T17:14:34.395+0000] {dag.py:2941} INFO - Sync 1 DAGs
[2023-12-13T17:14:34.417+0000] {logging_mixin.py:154} INFO - [2023-12-13T17:14:34.417+0000] {dag.py:3722} INFO - Setting next_dagrun for etl_local_to_psql to None, run_after=None
[2023-12-13T17:14:34.452+0000] {processor.py:179} INFO - Processing /opt/airflow/dags/etl_local_to_psql.py took 0.128 seconds
[2023-12-13T17:15:04.897+0000] {processor.py:157} INFO - Started process (PID=211) to work on /opt/airflow/dags/etl_local_to_psql.py
[2023-12-13T17:15:04.900+0000] {processor.py:829} INFO - Processing file /opt/airflow/dags/etl_local_to_psql.py for tasks to queue
[2023-12-13T17:15:04.909+0000] {logging_mixin.py:154} INFO - [2023-12-13T17:15:04.907+0000] {dagbag.py:536} INFO - Filling up the DagBag from /opt/airflow/dags/etl_local_to_psql.py
[2023-12-13T17:15:04.945+0000] {processor.py:839} INFO - DAG(s) dict_keys(['etl_local_to_psql']) retrieved from /opt/airflow/dags/etl_local_to_psql.py
[2023-12-13T17:15:04.994+0000] {logging_mixin.py:154} INFO - [2023-12-13T17:15:04.994+0000] {dag.py:2941} INFO - Sync 1 DAGs
[2023-12-13T17:15:05.012+0000] {logging_mixin.py:154} INFO - [2023-12-13T17:15:05.011+0000] {dag.py:3722} INFO - Setting next_dagrun for etl_local_to_psql to None, run_after=None
[2023-12-13T17:15:05.042+0000] {processor.py:179} INFO - Processing /opt/airflow/dags/etl_local_to_psql.py took 0.155 seconds
[2023-12-13T17:15:35.569+0000] {processor.py:157} INFO - Started process (PID=221) to work on /opt/airflow/dags/etl_local_to_psql.py
[2023-12-13T17:15:35.572+0000] {processor.py:829} INFO - Processing file /opt/airflow/dags/etl_local_to_psql.py for tasks to queue
[2023-12-13T17:15:35.577+0000] {logging_mixin.py:154} INFO - [2023-12-13T17:15:35.576+0000] {dagbag.py:536} INFO - Filling up the DagBag from /opt/airflow/dags/etl_local_to_psql.py
[2023-12-13T17:15:35.602+0000] {processor.py:839} INFO - DAG(s) dict_keys(['etl_local_to_psql']) retrieved from /opt/airflow/dags/etl_local_to_psql.py
[2023-12-13T17:15:35.647+0000] {logging_mixin.py:154} INFO - [2023-12-13T17:15:35.646+0000] {dag.py:2941} INFO - Sync 1 DAGs
[2023-12-13T17:15:35.671+0000] {logging_mixin.py:154} INFO - [2023-12-13T17:15:35.671+0000] {dag.py:3722} INFO - Setting next_dagrun for etl_local_to_psql to None, run_after=None
[2023-12-13T17:15:35.708+0000] {processor.py:179} INFO - Processing /opt/airflow/dags/etl_local_to_psql.py took 0.144 seconds
[2023-12-13T17:16:06.129+0000] {processor.py:157} INFO - Started process (PID=231) to work on /opt/airflow/dags/etl_local_to_psql.py
[2023-12-13T17:16:06.131+0000] {processor.py:829} INFO - Processing file /opt/airflow/dags/etl_local_to_psql.py for tasks to queue
[2023-12-13T17:16:06.141+0000] {logging_mixin.py:154} INFO - [2023-12-13T17:16:06.139+0000] {dagbag.py:536} INFO - Filling up the DagBag from /opt/airflow/dags/etl_local_to_psql.py
[2023-12-13T17:16:06.176+0000] {processor.py:839} INFO - DAG(s) dict_keys(['etl_local_to_psql']) retrieved from /opt/airflow/dags/etl_local_to_psql.py
[2023-12-13T17:16:06.218+0000] {logging_mixin.py:154} INFO - [2023-12-13T17:16:06.217+0000] {dag.py:2941} INFO - Sync 1 DAGs
[2023-12-13T17:16:06.238+0000] {logging_mixin.py:154} INFO - [2023-12-13T17:16:06.238+0000] {dag.py:3722} INFO - Setting next_dagrun for etl_local_to_psql to None, run_after=None
[2023-12-13T17:16:06.326+0000] {processor.py:179} INFO - Processing /opt/airflow/dags/etl_local_to_psql.py took 0.207 seconds
[2023-12-13T17:16:36.779+0000] {processor.py:157} INFO - Started process (PID=242) to work on /opt/airflow/dags/etl_local_to_psql.py
[2023-12-13T17:16:36.781+0000] {processor.py:829} INFO - Processing file /opt/airflow/dags/etl_local_to_psql.py for tasks to queue
[2023-12-13T17:16:36.786+0000] {logging_mixin.py:154} INFO - [2023-12-13T17:16:36.785+0000] {dagbag.py:536} INFO - Filling up the DagBag from /opt/airflow/dags/etl_local_to_psql.py
[2023-12-13T17:16:36.809+0000] {processor.py:839} INFO - DAG(s) dict_keys(['etl_local_to_psql']) retrieved from /opt/airflow/dags/etl_local_to_psql.py
[2023-12-13T17:16:36.848+0000] {logging_mixin.py:154} INFO - [2023-12-13T17:16:36.847+0000] {dag.py:2941} INFO - Sync 1 DAGs
[2023-12-13T17:16:36.871+0000] {logging_mixin.py:154} INFO - [2023-12-13T17:16:36.870+0000] {dag.py:3722} INFO - Setting next_dagrun for etl_local_to_psql to None, run_after=None
[2023-12-13T17:16:36.902+0000] {processor.py:179} INFO - Processing /opt/airflow/dags/etl_local_to_psql.py took 0.129 seconds
[2023-12-13T17:17:07.219+0000] {processor.py:157} INFO - Started process (PID=252) to work on /opt/airflow/dags/etl_local_to_psql.py
[2023-12-13T17:17:07.220+0000] {processor.py:829} INFO - Processing file /opt/airflow/dags/etl_local_to_psql.py for tasks to queue
[2023-12-13T17:17:07.225+0000] {logging_mixin.py:154} INFO - [2023-12-13T17:17:07.224+0000] {dagbag.py:536} INFO - Filling up the DagBag from /opt/airflow/dags/etl_local_to_psql.py
[2023-12-13T17:17:07.256+0000] {processor.py:839} INFO - DAG(s) dict_keys(['etl_local_to_psql']) retrieved from /opt/airflow/dags/etl_local_to_psql.py
[2023-12-13T17:17:07.318+0000] {logging_mixin.py:154} INFO - [2023-12-13T17:17:07.317+0000] {dag.py:2941} INFO - Sync 1 DAGs
[2023-12-13T17:17:07.360+0000] {logging_mixin.py:154} INFO - [2023-12-13T17:17:07.359+0000] {dag.py:3722} INFO - Setting next_dagrun for etl_local_to_psql to None, run_after=None
[2023-12-13T17:17:07.487+0000] {processor.py:179} INFO - Processing /opt/airflow/dags/etl_local_to_psql.py took 0.274 seconds
[2023-12-13T17:17:37.711+0000] {processor.py:157} INFO - Started process (PID=262) to work on /opt/airflow/dags/etl_local_to_psql.py
[2023-12-13T17:17:37.712+0000] {processor.py:829} INFO - Processing file /opt/airflow/dags/etl_local_to_psql.py for tasks to queue
[2023-12-13T17:17:37.718+0000] {logging_mixin.py:154} INFO - [2023-12-13T17:17:37.716+0000] {dagbag.py:536} INFO - Filling up the DagBag from /opt/airflow/dags/etl_local_to_psql.py
[2023-12-13T17:17:37.738+0000] {processor.py:839} INFO - DAG(s) dict_keys(['etl_local_to_psql']) retrieved from /opt/airflow/dags/etl_local_to_psql.py
[2023-12-13T17:17:37.775+0000] {logging_mixin.py:154} INFO - [2023-12-13T17:17:37.774+0000] {dag.py:2941} INFO - Sync 1 DAGs
[2023-12-13T17:17:37.804+0000] {logging_mixin.py:154} INFO - [2023-12-13T17:17:37.803+0000] {dag.py:3722} INFO - Setting next_dagrun for etl_local_to_psql to None, run_after=None
[2023-12-13T17:17:37.833+0000] {processor.py:179} INFO - Processing /opt/airflow/dags/etl_local_to_psql.py took 0.126 seconds
[2023-12-13T17:18:08.401+0000] {processor.py:157} INFO - Started process (PID=271) to work on /opt/airflow/dags/etl_local_to_psql.py
[2023-12-13T17:18:08.404+0000] {processor.py:829} INFO - Processing file /opt/airflow/dags/etl_local_to_psql.py for tasks to queue
[2023-12-13T17:18:08.410+0000] {logging_mixin.py:154} INFO - [2023-12-13T17:18:08.410+0000] {dagbag.py:536} INFO - Filling up the DagBag from /opt/airflow/dags/etl_local_to_psql.py
[2023-12-13T17:18:08.454+0000] {processor.py:839} INFO - DAG(s) dict_keys(['etl_local_to_psql']) retrieved from /opt/airflow/dags/etl_local_to_psql.py
[2023-12-13T17:18:08.525+0000] {logging_mixin.py:154} INFO - [2023-12-13T17:18:08.525+0000] {dag.py:2941} INFO - Sync 1 DAGs
[2023-12-13T17:18:08.542+0000] {logging_mixin.py:154} INFO - [2023-12-13T17:18:08.542+0000] {dag.py:3722} INFO - Setting next_dagrun for etl_local_to_psql to None, run_after=None
[2023-12-13T17:18:08.577+0000] {processor.py:179} INFO - Processing /opt/airflow/dags/etl_local_to_psql.py took 0.182 seconds
[2023-12-13T17:18:38.933+0000] {processor.py:157} INFO - Started process (PID=282) to work on /opt/airflow/dags/etl_local_to_psql.py
[2023-12-13T17:18:38.939+0000] {processor.py:829} INFO - Processing file /opt/airflow/dags/etl_local_to_psql.py for tasks to queue
[2023-12-13T17:18:38.950+0000] {logging_mixin.py:154} INFO - [2023-12-13T17:18:38.948+0000] {dagbag.py:536} INFO - Filling up the DagBag from /opt/airflow/dags/etl_local_to_psql.py
[2023-12-13T17:18:38.985+0000] {processor.py:839} INFO - DAG(s) dict_keys(['etl_local_to_psql']) retrieved from /opt/airflow/dags/etl_local_to_psql.py
[2023-12-13T17:18:39.035+0000] {logging_mixin.py:154} INFO - [2023-12-13T17:18:39.035+0000] {dag.py:2941} INFO - Sync 1 DAGs
[2023-12-13T17:18:39.072+0000] {logging_mixin.py:154} INFO - [2023-12-13T17:18:39.072+0000] {dag.py:3722} INFO - Setting next_dagrun for etl_local_to_psql to None, run_after=None
[2023-12-13T17:18:39.137+0000] {processor.py:179} INFO - Processing /opt/airflow/dags/etl_local_to_psql.py took 0.213 seconds
[2023-12-13T17:19:09.372+0000] {processor.py:157} INFO - Started process (PID=292) to work on /opt/airflow/dags/etl_local_to_psql.py
[2023-12-13T17:19:09.374+0000] {processor.py:829} INFO - Processing file /opt/airflow/dags/etl_local_to_psql.py for tasks to queue
[2023-12-13T17:19:09.378+0000] {logging_mixin.py:154} INFO - [2023-12-13T17:19:09.378+0000] {dagbag.py:536} INFO - Filling up the DagBag from /opt/airflow/dags/etl_local_to_psql.py
[2023-12-13T17:19:09.396+0000] {processor.py:839} INFO - DAG(s) dict_keys(['etl_local_to_psql']) retrieved from /opt/airflow/dags/etl_local_to_psql.py
[2023-12-13T17:19:09.450+0000] {logging_mixin.py:154} INFO - [2023-12-13T17:19:09.449+0000] {dag.py:2941} INFO - Sync 1 DAGs
[2023-12-13T17:19:09.483+0000] {logging_mixin.py:154} INFO - [2023-12-13T17:19:09.483+0000] {dag.py:3722} INFO - Setting next_dagrun for etl_local_to_psql to None, run_after=None
[2023-12-13T17:19:09.528+0000] {processor.py:179} INFO - Processing /opt/airflow/dags/etl_local_to_psql.py took 0.162 seconds
[2023-12-13T17:19:39.812+0000] {processor.py:157} INFO - Started process (PID=301) to work on /opt/airflow/dags/etl_local_to_psql.py
[2023-12-13T17:19:39.819+0000] {processor.py:829} INFO - Processing file /opt/airflow/dags/etl_local_to_psql.py for tasks to queue
[2023-12-13T17:19:39.837+0000] {logging_mixin.py:154} INFO - [2023-12-13T17:19:39.837+0000] {dagbag.py:536} INFO - Filling up the DagBag from /opt/airflow/dags/etl_local_to_psql.py
[2023-12-13T17:19:39.907+0000] {processor.py:839} INFO - DAG(s) dict_keys(['etl_local_to_psql']) retrieved from /opt/airflow/dags/etl_local_to_psql.py
[2023-12-13T17:19:40.005+0000] {logging_mixin.py:154} INFO - [2023-12-13T17:19:40.004+0000] {dag.py:2941} INFO - Sync 1 DAGs
[2023-12-13T17:19:40.087+0000] {logging_mixin.py:154} INFO - [2023-12-13T17:19:40.086+0000] {dag.py:3722} INFO - Setting next_dagrun for etl_local_to_psql to None, run_after=None
[2023-12-13T17:19:40.172+0000] {processor.py:179} INFO - Processing /opt/airflow/dags/etl_local_to_psql.py took 0.372 seconds
[2023-12-13T17:20:10.373+0000] {processor.py:157} INFO - Started process (PID=312) to work on /opt/airflow/dags/etl_local_to_psql.py
[2023-12-13T17:20:10.375+0000] {processor.py:829} INFO - Processing file /opt/airflow/dags/etl_local_to_psql.py for tasks to queue
[2023-12-13T17:20:10.379+0000] {logging_mixin.py:154} INFO - [2023-12-13T17:20:10.379+0000] {dagbag.py:536} INFO - Filling up the DagBag from /opt/airflow/dags/etl_local_to_psql.py
[2023-12-13T17:20:10.401+0000] {processor.py:839} INFO - DAG(s) dict_keys(['etl_local_to_psql']) retrieved from /opt/airflow/dags/etl_local_to_psql.py
[2023-12-13T17:20:10.440+0000] {logging_mixin.py:154} INFO - [2023-12-13T17:20:10.439+0000] {dag.py:2941} INFO - Sync 1 DAGs
[2023-12-13T17:20:10.466+0000] {logging_mixin.py:154} INFO - [2023-12-13T17:20:10.466+0000] {dag.py:3722} INFO - Setting next_dagrun for etl_local_to_psql to None, run_after=None
[2023-12-13T17:20:10.500+0000] {processor.py:179} INFO - Processing /opt/airflow/dags/etl_local_to_psql.py took 0.133 seconds
[2023-12-13T17:20:40.855+0000] {processor.py:157} INFO - Started process (PID=322) to work on /opt/airflow/dags/etl_local_to_psql.py
[2023-12-13T17:20:40.857+0000] {processor.py:829} INFO - Processing file /opt/airflow/dags/etl_local_to_psql.py for tasks to queue
[2023-12-13T17:20:40.866+0000] {logging_mixin.py:154} INFO - [2023-12-13T17:20:40.865+0000] {dagbag.py:536} INFO - Filling up the DagBag from /opt/airflow/dags/etl_local_to_psql.py
[2023-12-13T17:20:40.905+0000] {processor.py:839} INFO - DAG(s) dict_keys(['etl_local_to_psql']) retrieved from /opt/airflow/dags/etl_local_to_psql.py
[2023-12-13T17:20:40.943+0000] {logging_mixin.py:154} INFO - [2023-12-13T17:20:40.943+0000] {dag.py:2941} INFO - Sync 1 DAGs
[2023-12-13T17:20:40.966+0000] {logging_mixin.py:154} INFO - [2023-12-13T17:20:40.966+0000] {dag.py:3722} INFO - Setting next_dagrun for etl_local_to_psql to None, run_after=None
[2023-12-13T17:20:41.016+0000] {processor.py:179} INFO - Processing /opt/airflow/dags/etl_local_to_psql.py took 0.169 seconds
[2023-12-13T17:21:11.264+0000] {processor.py:157} INFO - Started process (PID=332) to work on /opt/airflow/dags/etl_local_to_psql.py
[2023-12-13T17:21:11.267+0000] {processor.py:829} INFO - Processing file /opt/airflow/dags/etl_local_to_psql.py for tasks to queue
[2023-12-13T17:21:11.276+0000] {logging_mixin.py:154} INFO - [2023-12-13T17:21:11.275+0000] {dagbag.py:536} INFO - Filling up the DagBag from /opt/airflow/dags/etl_local_to_psql.py
[2023-12-13T17:21:11.297+0000] {processor.py:839} INFO - DAG(s) dict_keys(['etl_local_to_psql']) retrieved from /opt/airflow/dags/etl_local_to_psql.py
[2023-12-13T17:21:11.359+0000] {logging_mixin.py:154} INFO - [2023-12-13T17:21:11.359+0000] {dag.py:2941} INFO - Sync 1 DAGs
[2023-12-13T17:21:11.395+0000] {logging_mixin.py:154} INFO - [2023-12-13T17:21:11.395+0000] {dag.py:3722} INFO - Setting next_dagrun for etl_local_to_psql to None, run_after=None
[2023-12-13T17:21:11.447+0000] {processor.py:179} INFO - Processing /opt/airflow/dags/etl_local_to_psql.py took 0.188 seconds
[2023-12-13T17:21:41.729+0000] {processor.py:157} INFO - Started process (PID=342) to work on /opt/airflow/dags/etl_local_to_psql.py
[2023-12-13T17:21:41.732+0000] {processor.py:829} INFO - Processing file /opt/airflow/dags/etl_local_to_psql.py for tasks to queue
[2023-12-13T17:21:41.736+0000] {logging_mixin.py:154} INFO - [2023-12-13T17:21:41.736+0000] {dagbag.py:536} INFO - Filling up the DagBag from /opt/airflow/dags/etl_local_to_psql.py
[2023-12-13T17:21:41.757+0000] {processor.py:839} INFO - DAG(s) dict_keys(['etl_local_to_psql']) retrieved from /opt/airflow/dags/etl_local_to_psql.py
[2023-12-13T17:21:41.796+0000] {logging_mixin.py:154} INFO - [2023-12-13T17:21:41.795+0000] {dag.py:2941} INFO - Sync 1 DAGs
[2023-12-13T17:21:41.825+0000] {logging_mixin.py:154} INFO - [2023-12-13T17:21:41.824+0000] {dag.py:3722} INFO - Setting next_dagrun for etl_local_to_psql to None, run_after=None
[2023-12-13T17:21:41.868+0000] {processor.py:179} INFO - Processing /opt/airflow/dags/etl_local_to_psql.py took 0.149 seconds
[2023-12-13T17:22:12.577+0000] {processor.py:157} INFO - Started process (PID=352) to work on /opt/airflow/dags/etl_local_to_psql.py
[2023-12-13T17:22:12.587+0000] {processor.py:829} INFO - Processing file /opt/airflow/dags/etl_local_to_psql.py for tasks to queue
[2023-12-13T17:22:12.592+0000] {logging_mixin.py:154} INFO - [2023-12-13T17:22:12.591+0000] {dagbag.py:536} INFO - Filling up the DagBag from /opt/airflow/dags/etl_local_to_psql.py
[2023-12-13T17:22:12.635+0000] {processor.py:839} INFO - DAG(s) dict_keys(['etl_local_to_psql']) retrieved from /opt/airflow/dags/etl_local_to_psql.py
[2023-12-13T17:22:12.702+0000] {logging_mixin.py:154} INFO - [2023-12-13T17:22:12.701+0000] {dag.py:2941} INFO - Sync 1 DAGs
[2023-12-13T17:22:12.745+0000] {logging_mixin.py:154} INFO - [2023-12-13T17:22:12.744+0000] {dag.py:3722} INFO - Setting next_dagrun for etl_local_to_psql to None, run_after=None
[2023-12-13T17:22:12.812+0000] {processor.py:179} INFO - Processing /opt/airflow/dags/etl_local_to_psql.py took 0.243 seconds
[2023-12-13T17:22:43.110+0000] {processor.py:157} INFO - Started process (PID=361) to work on /opt/airflow/dags/etl_local_to_psql.py
[2023-12-13T17:22:43.113+0000] {processor.py:829} INFO - Processing file /opt/airflow/dags/etl_local_to_psql.py for tasks to queue
[2023-12-13T17:22:43.120+0000] {logging_mixin.py:154} INFO - [2023-12-13T17:22:43.119+0000] {dagbag.py:536} INFO - Filling up the DagBag from /opt/airflow/dags/etl_local_to_psql.py
[2023-12-13T17:22:43.139+0000] {processor.py:839} INFO - DAG(s) dict_keys(['etl_local_to_psql']) retrieved from /opt/airflow/dags/etl_local_to_psql.py
[2023-12-13T17:22:43.170+0000] {logging_mixin.py:154} INFO - [2023-12-13T17:22:43.169+0000] {dag.py:2941} INFO - Sync 1 DAGs
[2023-12-13T17:22:43.188+0000] {logging_mixin.py:154} INFO - [2023-12-13T17:22:43.188+0000] {dag.py:3722} INFO - Setting next_dagrun for etl_local_to_psql to None, run_after=None
[2023-12-13T17:22:43.215+0000] {processor.py:179} INFO - Processing /opt/airflow/dags/etl_local_to_psql.py took 0.114 seconds
[2023-12-13T17:23:13.542+0000] {processor.py:157} INFO - Started process (PID=371) to work on /opt/airflow/dags/etl_local_to_psql.py
[2023-12-13T17:23:13.545+0000] {processor.py:829} INFO - Processing file /opt/airflow/dags/etl_local_to_psql.py for tasks to queue
[2023-12-13T17:23:13.551+0000] {logging_mixin.py:154} INFO - [2023-12-13T17:23:13.550+0000] {dagbag.py:536} INFO - Filling up the DagBag from /opt/airflow/dags/etl_local_to_psql.py
[2023-12-13T17:23:13.570+0000] {processor.py:839} INFO - DAG(s) dict_keys(['etl_local_to_psql']) retrieved from /opt/airflow/dags/etl_local_to_psql.py
[2023-12-13T17:23:13.604+0000] {logging_mixin.py:154} INFO - [2023-12-13T17:23:13.604+0000] {dag.py:2941} INFO - Sync 1 DAGs
[2023-12-13T17:23:13.625+0000] {logging_mixin.py:154} INFO - [2023-12-13T17:23:13.625+0000] {dag.py:3722} INFO - Setting next_dagrun for etl_local_to_psql to None, run_after=None
[2023-12-13T17:23:13.656+0000] {processor.py:179} INFO - Processing /opt/airflow/dags/etl_local_to_psql.py took 0.118 seconds
[2023-12-13T17:23:43.892+0000] {processor.py:157} INFO - Started process (PID=381) to work on /opt/airflow/dags/etl_local_to_psql.py
[2023-12-13T17:23:43.894+0000] {processor.py:829} INFO - Processing file /opt/airflow/dags/etl_local_to_psql.py for tasks to queue
[2023-12-13T17:23:43.899+0000] {logging_mixin.py:154} INFO - [2023-12-13T17:23:43.898+0000] {dagbag.py:536} INFO - Filling up the DagBag from /opt/airflow/dags/etl_local_to_psql.py
[2023-12-13T17:23:43.926+0000] {processor.py:839} INFO - DAG(s) dict_keys(['etl_local_to_psql']) retrieved from /opt/airflow/dags/etl_local_to_psql.py
[2023-12-13T17:23:43.966+0000] {logging_mixin.py:154} INFO - [2023-12-13T17:23:43.966+0000] {dag.py:2941} INFO - Sync 1 DAGs
[2023-12-13T17:23:43.993+0000] {logging_mixin.py:154} INFO - [2023-12-13T17:23:43.993+0000] {dag.py:3722} INFO - Setting next_dagrun for etl_local_to_psql to None, run_after=None
[2023-12-13T17:23:44.034+0000] {processor.py:179} INFO - Processing /opt/airflow/dags/etl_local_to_psql.py took 0.147 seconds
[2023-12-13T17:24:14.787+0000] {processor.py:157} INFO - Started process (PID=391) to work on /opt/airflow/dags/etl_local_to_psql.py
[2023-12-13T17:24:14.789+0000] {processor.py:829} INFO - Processing file /opt/airflow/dags/etl_local_to_psql.py for tasks to queue
[2023-12-13T17:24:14.796+0000] {logging_mixin.py:154} INFO - [2023-12-13T17:24:14.796+0000] {dagbag.py:536} INFO - Filling up the DagBag from /opt/airflow/dags/etl_local_to_psql.py
[2023-12-13T17:24:14.815+0000] {processor.py:839} INFO - DAG(s) dict_keys(['etl_local_to_psql']) retrieved from /opt/airflow/dags/etl_local_to_psql.py
[2023-12-13T17:24:14.858+0000] {logging_mixin.py:154} INFO - [2023-12-13T17:24:14.858+0000] {dag.py:2941} INFO - Sync 1 DAGs
[2023-12-13T17:24:14.879+0000] {logging_mixin.py:154} INFO - [2023-12-13T17:24:14.878+0000] {dag.py:3722} INFO - Setting next_dagrun for etl_local_to_psql to None, run_after=None
[2023-12-13T17:24:14.910+0000] {processor.py:179} INFO - Processing /opt/airflow/dags/etl_local_to_psql.py took 0.128 seconds
[2023-12-13T17:24:45.553+0000] {processor.py:157} INFO - Started process (PID=401) to work on /opt/airflow/dags/etl_local_to_psql.py
[2023-12-13T17:24:45.555+0000] {processor.py:829} INFO - Processing file /opt/airflow/dags/etl_local_to_psql.py for tasks to queue
[2023-12-13T17:24:45.560+0000] {logging_mixin.py:154} INFO - [2023-12-13T17:24:45.559+0000] {dagbag.py:536} INFO - Filling up the DagBag from /opt/airflow/dags/etl_local_to_psql.py
[2023-12-13T17:24:45.593+0000] {processor.py:839} INFO - DAG(s) dict_keys(['etl_local_to_psql']) retrieved from /opt/airflow/dags/etl_local_to_psql.py
[2023-12-13T17:24:45.654+0000] {logging_mixin.py:154} INFO - [2023-12-13T17:24:45.653+0000] {dag.py:2941} INFO - Sync 1 DAGs
[2023-12-13T17:24:45.683+0000] {logging_mixin.py:154} INFO - [2023-12-13T17:24:45.683+0000] {dag.py:3722} INFO - Setting next_dagrun for etl_local_to_psql to None, run_after=None
[2023-12-13T17:24:45.725+0000] {processor.py:179} INFO - Processing /opt/airflow/dags/etl_local_to_psql.py took 0.179 seconds
[2023-12-13T17:25:15.968+0000] {processor.py:157} INFO - Started process (PID=411) to work on /opt/airflow/dags/etl_local_to_psql.py
[2023-12-13T17:25:15.970+0000] {processor.py:829} INFO - Processing file /opt/airflow/dags/etl_local_to_psql.py for tasks to queue
[2023-12-13T17:25:15.975+0000] {logging_mixin.py:154} INFO - [2023-12-13T17:25:15.974+0000] {dagbag.py:536} INFO - Filling up the DagBag from /opt/airflow/dags/etl_local_to_psql.py
[2023-12-13T17:25:15.998+0000] {processor.py:839} INFO - DAG(s) dict_keys(['etl_local_to_psql']) retrieved from /opt/airflow/dags/etl_local_to_psql.py
[2023-12-13T17:25:16.042+0000] {logging_mixin.py:154} INFO - [2023-12-13T17:25:16.041+0000] {dag.py:2941} INFO - Sync 1 DAGs
[2023-12-13T17:25:16.061+0000] {logging_mixin.py:154} INFO - [2023-12-13T17:25:16.060+0000] {dag.py:3722} INFO - Setting next_dagrun for etl_local_to_psql to None, run_after=None
[2023-12-13T17:25:16.096+0000] {processor.py:179} INFO - Processing /opt/airflow/dags/etl_local_to_psql.py took 0.133 seconds
[2023-12-13T17:25:46.741+0000] {processor.py:157} INFO - Started process (PID=421) to work on /opt/airflow/dags/etl_local_to_psql.py
[2023-12-13T17:25:46.743+0000] {processor.py:829} INFO - Processing file /opt/airflow/dags/etl_local_to_psql.py for tasks to queue
[2023-12-13T17:25:46.751+0000] {logging_mixin.py:154} INFO - [2023-12-13T17:25:46.750+0000] {dagbag.py:536} INFO - Filling up the DagBag from /opt/airflow/dags/etl_local_to_psql.py
[2023-12-13T17:25:46.775+0000] {processor.py:839} INFO - DAG(s) dict_keys(['etl_local_to_psql']) retrieved from /opt/airflow/dags/etl_local_to_psql.py
[2023-12-13T17:25:46.811+0000] {logging_mixin.py:154} INFO - [2023-12-13T17:25:46.811+0000] {dag.py:2941} INFO - Sync 1 DAGs
[2023-12-13T17:25:46.843+0000] {logging_mixin.py:154} INFO - [2023-12-13T17:25:46.842+0000] {dag.py:3722} INFO - Setting next_dagrun for etl_local_to_psql to None, run_after=None
[2023-12-13T17:25:46.881+0000] {processor.py:179} INFO - Processing /opt/airflow/dags/etl_local_to_psql.py took 0.148 seconds
[2023-12-13T17:26:17.290+0000] {processor.py:157} INFO - Started process (PID=430) to work on /opt/airflow/dags/etl_local_to_psql.py
[2023-12-13T17:26:17.291+0000] {processor.py:829} INFO - Processing file /opt/airflow/dags/etl_local_to_psql.py for tasks to queue
[2023-12-13T17:26:17.296+0000] {logging_mixin.py:154} INFO - [2023-12-13T17:26:17.295+0000] {dagbag.py:536} INFO - Filling up the DagBag from /opt/airflow/dags/etl_local_to_psql.py
[2023-12-13T17:26:17.320+0000] {processor.py:839} INFO - DAG(s) dict_keys(['etl_local_to_psql']) retrieved from /opt/airflow/dags/etl_local_to_psql.py
[2023-12-13T17:26:17.349+0000] {logging_mixin.py:154} INFO - [2023-12-13T17:26:17.349+0000] {dag.py:2941} INFO - Sync 1 DAGs
[2023-12-13T17:26:17.368+0000] {logging_mixin.py:154} INFO - [2023-12-13T17:26:17.368+0000] {dag.py:3722} INFO - Setting next_dagrun for etl_local_to_psql to None, run_after=None
[2023-12-13T17:26:17.399+0000] {processor.py:179} INFO - Processing /opt/airflow/dags/etl_local_to_psql.py took 0.114 seconds
[2023-12-13T17:26:47.838+0000] {processor.py:157} INFO - Started process (PID=441) to work on /opt/airflow/dags/etl_local_to_psql.py
[2023-12-13T17:26:47.839+0000] {processor.py:829} INFO - Processing file /opt/airflow/dags/etl_local_to_psql.py for tasks to queue
[2023-12-13T17:26:47.846+0000] {logging_mixin.py:154} INFO - [2023-12-13T17:26:47.845+0000] {dagbag.py:536} INFO - Filling up the DagBag from /opt/airflow/dags/etl_local_to_psql.py
[2023-12-13T17:26:47.864+0000] {processor.py:839} INFO - DAG(s) dict_keys(['etl_local_to_psql']) retrieved from /opt/airflow/dags/etl_local_to_psql.py
[2023-12-13T17:26:47.895+0000] {logging_mixin.py:154} INFO - [2023-12-13T17:26:47.894+0000] {dag.py:2941} INFO - Sync 1 DAGs
[2023-12-13T17:26:47.914+0000] {logging_mixin.py:154} INFO - [2023-12-13T17:26:47.914+0000] {dag.py:3722} INFO - Setting next_dagrun for etl_local_to_psql to None, run_after=None
[2023-12-13T17:26:47.947+0000] {processor.py:179} INFO - Processing /opt/airflow/dags/etl_local_to_psql.py took 0.114 seconds
[2023-12-13T17:27:18.465+0000] {processor.py:157} INFO - Started process (PID=451) to work on /opt/airflow/dags/etl_local_to_psql.py
[2023-12-13T17:27:18.468+0000] {processor.py:829} INFO - Processing file /opt/airflow/dags/etl_local_to_psql.py for tasks to queue
[2023-12-13T17:27:18.475+0000] {logging_mixin.py:154} INFO - [2023-12-13T17:27:18.474+0000] {dagbag.py:536} INFO - Filling up the DagBag from /opt/airflow/dags/etl_local_to_psql.py
[2023-12-13T17:27:18.507+0000] {processor.py:839} INFO - DAG(s) dict_keys(['etl_local_to_psql']) retrieved from /opt/airflow/dags/etl_local_to_psql.py
[2023-12-13T17:27:18.535+0000] {logging_mixin.py:154} INFO - [2023-12-13T17:27:18.535+0000] {dag.py:2941} INFO - Sync 1 DAGs
[2023-12-13T17:27:18.554+0000] {logging_mixin.py:154} INFO - [2023-12-13T17:27:18.554+0000] {dag.py:3722} INFO - Setting next_dagrun for etl_local_to_psql to None, run_after=None
[2023-12-13T17:27:18.581+0000] {processor.py:179} INFO - Processing /opt/airflow/dags/etl_local_to_psql.py took 0.124 seconds
[2023-12-13T17:27:48.691+0000] {processor.py:157} INFO - Started process (PID=462) to work on /opt/airflow/dags/etl_local_to_psql.py
[2023-12-13T17:27:48.699+0000] {processor.py:829} INFO - Processing file /opt/airflow/dags/etl_local_to_psql.py for tasks to queue
[2023-12-13T17:27:48.715+0000] {logging_mixin.py:154} INFO - [2023-12-13T17:27:48.714+0000] {dagbag.py:536} INFO - Filling up the DagBag from /opt/airflow/dags/etl_local_to_psql.py
[2023-12-13T17:27:48.755+0000] {processor.py:839} INFO - DAG(s) dict_keys(['etl_local_to_psql']) retrieved from /opt/airflow/dags/etl_local_to_psql.py
[2023-12-13T17:27:48.851+0000] {logging_mixin.py:154} INFO - [2023-12-13T17:27:48.851+0000] {dag.py:2941} INFO - Sync 1 DAGs
[2023-12-13T17:27:48.919+0000] {logging_mixin.py:154} INFO - [2023-12-13T17:27:48.919+0000] {dag.py:3722} INFO - Setting next_dagrun for etl_local_to_psql to None, run_after=None
[2023-12-13T17:27:48.959+0000] {processor.py:179} INFO - Processing /opt/airflow/dags/etl_local_to_psql.py took 0.312 seconds
[2023-12-13T17:28:19.321+0000] {processor.py:157} INFO - Started process (PID=472) to work on /opt/airflow/dags/etl_local_to_psql.py
[2023-12-13T17:28:19.326+0000] {processor.py:829} INFO - Processing file /opt/airflow/dags/etl_local_to_psql.py for tasks to queue
[2023-12-13T17:28:19.336+0000] {logging_mixin.py:154} INFO - [2023-12-13T17:28:19.335+0000] {dagbag.py:536} INFO - Filling up the DagBag from /opt/airflow/dags/etl_local_to_psql.py
[2023-12-13T17:28:19.396+0000] {processor.py:839} INFO - DAG(s) dict_keys(['etl_local_to_psql']) retrieved from /opt/airflow/dags/etl_local_to_psql.py
[2023-12-13T17:28:19.472+0000] {logging_mixin.py:154} INFO - [2023-12-13T17:28:19.471+0000] {dag.py:2941} INFO - Sync 1 DAGs
[2023-12-13T17:28:19.532+0000] {logging_mixin.py:154} INFO - [2023-12-13T17:28:19.532+0000] {dag.py:3722} INFO - Setting next_dagrun for etl_local_to_psql to None, run_after=None
[2023-12-13T17:28:19.638+0000] {processor.py:179} INFO - Processing /opt/airflow/dags/etl_local_to_psql.py took 0.335 seconds
[2023-12-13T17:28:49.876+0000] {processor.py:157} INFO - Started process (PID=482) to work on /opt/airflow/dags/etl_local_to_psql.py
[2023-12-13T17:28:49.879+0000] {processor.py:829} INFO - Processing file /opt/airflow/dags/etl_local_to_psql.py for tasks to queue
[2023-12-13T17:28:49.884+0000] {logging_mixin.py:154} INFO - [2023-12-13T17:28:49.883+0000] {dagbag.py:536} INFO - Filling up the DagBag from /opt/airflow/dags/etl_local_to_psql.py
[2023-12-13T17:28:49.919+0000] {processor.py:839} INFO - DAG(s) dict_keys(['etl_local_to_psql']) retrieved from /opt/airflow/dags/etl_local_to_psql.py
[2023-12-13T17:28:49.980+0000] {logging_mixin.py:154} INFO - [2023-12-13T17:28:49.979+0000] {dag.py:2941} INFO - Sync 1 DAGs
[2023-12-13T17:28:50.015+0000] {logging_mixin.py:154} INFO - [2023-12-13T17:28:50.014+0000] {dag.py:3722} INFO - Setting next_dagrun for etl_local_to_psql to None, run_after=None
[2023-12-13T17:28:50.075+0000] {processor.py:179} INFO - Processing /opt/airflow/dags/etl_local_to_psql.py took 0.206 seconds
[2023-12-13T17:29:20.356+0000] {processor.py:157} INFO - Started process (PID=493) to work on /opt/airflow/dags/etl_local_to_psql.py
[2023-12-13T17:29:20.358+0000] {processor.py:829} INFO - Processing file /opt/airflow/dags/etl_local_to_psql.py for tasks to queue
[2023-12-13T17:29:20.363+0000] {logging_mixin.py:154} INFO - [2023-12-13T17:29:20.362+0000] {dagbag.py:536} INFO - Filling up the DagBag from /opt/airflow/dags/etl_local_to_psql.py
[2023-12-13T17:29:20.382+0000] {processor.py:839} INFO - DAG(s) dict_keys(['etl_local_to_psql']) retrieved from /opt/airflow/dags/etl_local_to_psql.py
[2023-12-13T17:29:20.419+0000] {logging_mixin.py:154} INFO - [2023-12-13T17:29:20.419+0000] {dag.py:2941} INFO - Sync 1 DAGs
[2023-12-13T17:29:20.445+0000] {logging_mixin.py:154} INFO - [2023-12-13T17:29:20.445+0000] {dag.py:3722} INFO - Setting next_dagrun for etl_local_to_psql to None, run_after=None
[2023-12-13T17:29:20.479+0000] {processor.py:179} INFO - Processing /opt/airflow/dags/etl_local_to_psql.py took 0.129 seconds
