[2023-12-04T15:54:02.673+0000] {processor.py:157} INFO - Started process (PID=38) to work on /home/airflow/.local/lib/python3.8/site-packages/airflow/example_dags/example_branch_operator.py
[2023-12-04T15:54:02.677+0000] {processor.py:829} INFO - Processing file /home/airflow/.local/lib/python3.8/site-packages/airflow/example_dags/example_branch_operator.py for tasks to queue
[2023-12-04T15:54:02.685+0000] {logging_mixin.py:154} INFO - [2023-12-04T15:54:02.685+0000] {dagbag.py:536} INFO - Filling up the DagBag from /home/airflow/.local/lib/python3.8/site-packages/airflow/example_dags/example_branch_operator.py
[2023-12-04T15:54:02.843+0000] {processor.py:839} INFO - DAG(s) dict_keys(['example_branch_operator']) retrieved from /home/airflow/.local/lib/python3.8/site-packages/airflow/example_dags/example_branch_operator.py
[2023-12-04T15:54:03.025+0000] {logging_mixin.py:154} INFO - [2023-12-04T15:54:03.025+0000] {dag.py:2941} INFO - Sync 1 DAGs
[2023-12-04T15:54:03.136+0000] {logging_mixin.py:154} INFO - [2023-12-04T15:54:03.135+0000] {dag.py:3722} INFO - Setting next_dagrun for example_branch_operator to 2023-12-03T00:00:00+00:00, run_after=2023-12-04T00:00:00+00:00
[2023-12-04T15:54:03.227+0000] {processor.py:179} INFO - Processing /home/airflow/.local/lib/python3.8/site-packages/airflow/example_dags/example_branch_operator.py took 0.568 seconds
[2023-12-04T15:54:33.557+0000] {processor.py:157} INFO - Started process (PID=92) to work on /home/airflow/.local/lib/python3.8/site-packages/airflow/example_dags/example_branch_operator.py
[2023-12-04T15:54:33.558+0000] {processor.py:829} INFO - Processing file /home/airflow/.local/lib/python3.8/site-packages/airflow/example_dags/example_branch_operator.py for tasks to queue
[2023-12-04T15:54:33.563+0000] {logging_mixin.py:154} INFO - [2023-12-04T15:54:33.562+0000] {dagbag.py:536} INFO - Filling up the DagBag from /home/airflow/.local/lib/python3.8/site-packages/airflow/example_dags/example_branch_operator.py
[2023-12-04T15:54:33.576+0000] {processor.py:839} INFO - DAG(s) dict_keys(['example_branch_operator']) retrieved from /home/airflow/.local/lib/python3.8/site-packages/airflow/example_dags/example_branch_operator.py
[2023-12-04T15:54:33.616+0000] {logging_mixin.py:154} INFO - [2023-12-04T15:54:33.616+0000] {dag.py:2941} INFO - Sync 1 DAGs
[2023-12-04T15:54:33.661+0000] {logging_mixin.py:154} INFO - [2023-12-04T15:54:33.661+0000] {dag.py:3722} INFO - Setting next_dagrun for example_branch_operator to 2023-12-03T00:00:00+00:00, run_after=2023-12-04T00:00:00+00:00
[2023-12-04T15:54:33.702+0000] {processor.py:179} INFO - Processing /home/airflow/.local/lib/python3.8/site-packages/airflow/example_dags/example_branch_operator.py took 0.149 seconds
[2023-12-04T15:55:04.288+0000] {processor.py:157} INFO - Started process (PID=146) to work on /home/airflow/.local/lib/python3.8/site-packages/airflow/example_dags/example_branch_operator.py
[2023-12-04T15:55:04.317+0000] {processor.py:829} INFO - Processing file /home/airflow/.local/lib/python3.8/site-packages/airflow/example_dags/example_branch_operator.py for tasks to queue
[2023-12-04T15:55:04.332+0000] {logging_mixin.py:154} INFO - [2023-12-04T15:55:04.332+0000] {dagbag.py:536} INFO - Filling up the DagBag from /home/airflow/.local/lib/python3.8/site-packages/airflow/example_dags/example_branch_operator.py
[2023-12-04T15:55:04.391+0000] {processor.py:839} INFO - DAG(s) dict_keys(['example_branch_operator']) retrieved from /home/airflow/.local/lib/python3.8/site-packages/airflow/example_dags/example_branch_operator.py
[2023-12-04T15:55:04.552+0000] {logging_mixin.py:154} INFO - [2023-12-04T15:55:04.552+0000] {dag.py:2941} INFO - Sync 1 DAGs
[2023-12-04T15:55:04.758+0000] {logging_mixin.py:154} INFO - [2023-12-04T15:55:04.757+0000] {dag.py:3722} INFO - Setting next_dagrun for example_branch_operator to 2023-12-03T00:00:00+00:00, run_after=2023-12-04T00:00:00+00:00
[2023-12-04T15:55:04.872+0000] {processor.py:179} INFO - Processing /home/airflow/.local/lib/python3.8/site-packages/airflow/example_dags/example_branch_operator.py took 0.615 seconds
