[2023-12-04T15:54:11.256+0000] {processor.py:157} INFO - Started process (PID=63) to work on /home/airflow/.local/lib/python3.8/site-packages/airflow/example_dags/example_nested_branch_dag.py
[2023-12-04T15:54:11.267+0000] {processor.py:829} INFO - Processing file /home/airflow/.local/lib/python3.8/site-packages/airflow/example_dags/example_nested_branch_dag.py for tasks to queue
[2023-12-04T15:54:11.307+0000] {logging_mixin.py:154} INFO - [2023-12-04T15:54:11.299+0000] {dagbag.py:536} INFO - Filling up the DagBag from /home/airflow/.local/lib/python3.8/site-packages/airflow/example_dags/example_nested_branch_dag.py
[2023-12-04T15:54:11.388+0000] {processor.py:839} INFO - DAG(s) dict_keys(['example_nested_branch_dag']) retrieved from /home/airflow/.local/lib/python3.8/site-packages/airflow/example_dags/example_nested_branch_dag.py
[2023-12-04T15:54:11.484+0000] {logging_mixin.py:154} INFO - [2023-12-04T15:54:11.484+0000] {dag.py:2941} INFO - Sync 1 DAGs
[2023-12-04T15:54:11.625+0000] {logging_mixin.py:154} INFO - [2023-12-04T15:54:11.625+0000] {dag.py:3722} INFO - Setting next_dagrun for example_nested_branch_dag to 2023-12-03T00:00:00+00:00, run_after=2023-12-04T00:00:00+00:00
[2023-12-04T15:54:11.700+0000] {processor.py:179} INFO - Processing /home/airflow/.local/lib/python3.8/site-packages/airflow/example_dags/example_nested_branch_dag.py took 0.483 seconds
[2023-12-04T15:54:42.276+0000] {processor.py:157} INFO - Started process (PID=117) to work on /home/airflow/.local/lib/python3.8/site-packages/airflow/example_dags/example_nested_branch_dag.py
[2023-12-04T15:54:42.279+0000] {processor.py:829} INFO - Processing file /home/airflow/.local/lib/python3.8/site-packages/airflow/example_dags/example_nested_branch_dag.py for tasks to queue
[2023-12-04T15:54:42.296+0000] {logging_mixin.py:154} INFO - [2023-12-04T15:54:42.296+0000] {dagbag.py:536} INFO - Filling up the DagBag from /home/airflow/.local/lib/python3.8/site-packages/airflow/example_dags/example_nested_branch_dag.py
[2023-12-04T15:54:42.348+0000] {processor.py:839} INFO - DAG(s) dict_keys(['example_nested_branch_dag']) retrieved from /home/airflow/.local/lib/python3.8/site-packages/airflow/example_dags/example_nested_branch_dag.py
[2023-12-04T15:54:42.395+0000] {logging_mixin.py:154} INFO - [2023-12-04T15:54:42.395+0000] {dag.py:2941} INFO - Sync 1 DAGs
[2023-12-04T15:54:42.430+0000] {logging_mixin.py:154} INFO - [2023-12-04T15:54:42.430+0000] {dag.py:3722} INFO - Setting next_dagrun for example_nested_branch_dag to 2023-12-03T00:00:00+00:00, run_after=2023-12-04T00:00:00+00:00
[2023-12-04T15:54:42.463+0000] {processor.py:179} INFO - Processing /home/airflow/.local/lib/python3.8/site-packages/airflow/example_dags/example_nested_branch_dag.py took 0.197 seconds
[2023-12-04T15:55:13.209+0000] {processor.py:157} INFO - Started process (PID=171) to work on /home/airflow/.local/lib/python3.8/site-packages/airflow/example_dags/example_nested_branch_dag.py
[2023-12-04T15:55:13.214+0000] {processor.py:829} INFO - Processing file /home/airflow/.local/lib/python3.8/site-packages/airflow/example_dags/example_nested_branch_dag.py for tasks to queue
[2023-12-04T15:55:13.221+0000] {logging_mixin.py:154} INFO - [2023-12-04T15:55:13.220+0000] {dagbag.py:536} INFO - Filling up the DagBag from /home/airflow/.local/lib/python3.8/site-packages/airflow/example_dags/example_nested_branch_dag.py
[2023-12-04T15:55:13.272+0000] {processor.py:839} INFO - DAG(s) dict_keys(['example_nested_branch_dag']) retrieved from /home/airflow/.local/lib/python3.8/site-packages/airflow/example_dags/example_nested_branch_dag.py
[2023-12-04T15:55:13.341+0000] {logging_mixin.py:154} INFO - [2023-12-04T15:55:13.340+0000] {dag.py:2941} INFO - Sync 1 DAGs
[2023-12-04T15:55:13.399+0000] {logging_mixin.py:154} INFO - [2023-12-04T15:55:13.398+0000] {dag.py:3722} INFO - Setting next_dagrun for example_nested_branch_dag to 2023-12-03T00:00:00+00:00, run_after=2023-12-04T00:00:00+00:00
[2023-12-04T15:55:13.439+0000] {processor.py:179} INFO - Processing /home/airflow/.local/lib/python3.8/site-packages/airflow/example_dags/example_nested_branch_dag.py took 0.236 seconds
