[2023-12-04T15:54:14.674+0000] {processor.py:157} INFO - Started process (PID=74) to work on /home/airflow/.local/lib/python3.8/site-packages/airflow/example_dags/example_short_circuit_operator.py
[2023-12-04T15:54:14.678+0000] {processor.py:829} INFO - Processing file /home/airflow/.local/lib/python3.8/site-packages/airflow/example_dags/example_short_circuit_operator.py for tasks to queue
[2023-12-04T15:54:14.692+0000] {logging_mixin.py:154} INFO - [2023-12-04T15:54:14.692+0000] {dagbag.py:536} INFO - Filling up the DagBag from /home/airflow/.local/lib/python3.8/site-packages/airflow/example_dags/example_short_circuit_operator.py
[2023-12-04T15:54:14.742+0000] {processor.py:839} INFO - DAG(s) dict_keys(['example_short_circuit_operator']) retrieved from /home/airflow/.local/lib/python3.8/site-packages/airflow/example_dags/example_short_circuit_operator.py
[2023-12-04T15:54:14.837+0000] {logging_mixin.py:154} INFO - [2023-12-04T15:54:14.837+0000] {dag.py:2941} INFO - Sync 1 DAGs
[2023-12-04T15:54:14.943+0000] {logging_mixin.py:154} INFO - [2023-12-04T15:54:14.939+0000] {dag.py:3722} INFO - Setting next_dagrun for example_short_circuit_operator to 2023-12-03T15:54:14.939334+00:00, run_after=2023-12-04T15:54:14.939334+00:00
[2023-12-04T15:54:15.089+0000] {processor.py:179} INFO - Processing /home/airflow/.local/lib/python3.8/site-packages/airflow/example_dags/example_short_circuit_operator.py took 0.424 seconds
[2023-12-04T15:54:45.681+0000] {processor.py:157} INFO - Started process (PID=128) to work on /home/airflow/.local/lib/python3.8/site-packages/airflow/example_dags/example_short_circuit_operator.py
[2023-12-04T15:54:45.683+0000] {processor.py:829} INFO - Processing file /home/airflow/.local/lib/python3.8/site-packages/airflow/example_dags/example_short_circuit_operator.py for tasks to queue
[2023-12-04T15:54:45.689+0000] {logging_mixin.py:154} INFO - [2023-12-04T15:54:45.688+0000] {dagbag.py:536} INFO - Filling up the DagBag from /home/airflow/.local/lib/python3.8/site-packages/airflow/example_dags/example_short_circuit_operator.py
[2023-12-04T15:54:45.708+0000] {processor.py:839} INFO - DAG(s) dict_keys(['example_short_circuit_operator']) retrieved from /home/airflow/.local/lib/python3.8/site-packages/airflow/example_dags/example_short_circuit_operator.py
[2023-12-04T15:54:45.757+0000] {logging_mixin.py:154} INFO - [2023-12-04T15:54:45.757+0000] {dag.py:2941} INFO - Sync 1 DAGs
[2023-12-04T15:54:45.797+0000] {logging_mixin.py:154} INFO - [2023-12-04T15:54:45.796+0000] {dag.py:3722} INFO - Setting next_dagrun for example_short_circuit_operator to 2023-12-03T15:54:45.796550+00:00, run_after=2023-12-04T15:54:45.796550+00:00
[2023-12-04T15:54:45.835+0000] {processor.py:179} INFO - Processing /home/airflow/.local/lib/python3.8/site-packages/airflow/example_dags/example_short_circuit_operator.py took 0.160 seconds
[2023-12-04T15:55:16.725+0000] {processor.py:157} INFO - Started process (PID=182) to work on /home/airflow/.local/lib/python3.8/site-packages/airflow/example_dags/example_short_circuit_operator.py
[2023-12-04T15:55:16.728+0000] {processor.py:829} INFO - Processing file /home/airflow/.local/lib/python3.8/site-packages/airflow/example_dags/example_short_circuit_operator.py for tasks to queue
[2023-12-04T15:55:16.735+0000] {logging_mixin.py:154} INFO - [2023-12-04T15:55:16.734+0000] {dagbag.py:536} INFO - Filling up the DagBag from /home/airflow/.local/lib/python3.8/site-packages/airflow/example_dags/example_short_circuit_operator.py
[2023-12-04T15:55:16.753+0000] {processor.py:839} INFO - DAG(s) dict_keys(['example_short_circuit_operator']) retrieved from /home/airflow/.local/lib/python3.8/site-packages/airflow/example_dags/example_short_circuit_operator.py
[2023-12-04T15:55:16.809+0000] {logging_mixin.py:154} INFO - [2023-12-04T15:55:16.807+0000] {dag.py:2941} INFO - Sync 1 DAGs
[2023-12-04T15:55:16.863+0000] {logging_mixin.py:154} INFO - [2023-12-04T15:55:16.863+0000] {dag.py:3722} INFO - Setting next_dagrun for example_short_circuit_operator to 2023-12-03T15:55:16.862128+00:00, run_after=2023-12-04T15:55:16.862128+00:00
[2023-12-04T15:55:16.913+0000] {processor.py:179} INFO - Processing /home/airflow/.local/lib/python3.8/site-packages/airflow/example_dags/example_short_circuit_operator.py took 0.194 seconds
