[2023-12-04T15:54:12.410+0000] {processor.py:157} INFO - Started process (PID=66) to work on /home/airflow/.local/lib/python3.8/site-packages/airflow/example_dags/example_dynamic_task_mapping_with_no_taskflow_operators.py
[2023-12-04T15:54:12.420+0000] {processor.py:829} INFO - Processing file /home/airflow/.local/lib/python3.8/site-packages/airflow/example_dags/example_dynamic_task_mapping_with_no_taskflow_operators.py for tasks to queue
[2023-12-04T15:54:12.438+0000] {logging_mixin.py:154} INFO - [2023-12-04T15:54:12.433+0000] {dagbag.py:536} INFO - Filling up the DagBag from /home/airflow/.local/lib/python3.8/site-packages/airflow/example_dags/example_dynamic_task_mapping_with_no_taskflow_operators.py
[2023-12-04T15:54:12.492+0000] {processor.py:839} INFO - DAG(s) dict_keys(['example_dynamic_task_mapping_with_no_taskflow_operators']) retrieved from /home/airflow/.local/lib/python3.8/site-packages/airflow/example_dags/example_dynamic_task_mapping_with_no_taskflow_operators.py
[2023-12-04T15:54:12.583+0000] {logging_mixin.py:154} INFO - [2023-12-04T15:54:12.579+0000] {dag.py:2941} INFO - Sync 1 DAGs
[2023-12-04T15:54:12.681+0000] {logging_mixin.py:154} INFO - [2023-12-04T15:54:12.680+0000] {dag.py:3722} INFO - Setting next_dagrun for example_dynamic_task_mapping_with_no_taskflow_operators to 2023-12-03T15:54:12.680457+00:00, run_after=2023-12-04T15:54:12.680457+00:00
[2023-12-04T15:54:12.765+0000] {processor.py:179} INFO - Processing /home/airflow/.local/lib/python3.8/site-packages/airflow/example_dags/example_dynamic_task_mapping_with_no_taskflow_operators.py took 0.383 seconds
[2023-12-04T15:54:42.889+0000] {processor.py:157} INFO - Started process (PID=120) to work on /home/airflow/.local/lib/python3.8/site-packages/airflow/example_dags/example_dynamic_task_mapping_with_no_taskflow_operators.py
[2023-12-04T15:54:42.890+0000] {processor.py:829} INFO - Processing file /home/airflow/.local/lib/python3.8/site-packages/airflow/example_dags/example_dynamic_task_mapping_with_no_taskflow_operators.py for tasks to queue
[2023-12-04T15:54:42.896+0000] {logging_mixin.py:154} INFO - [2023-12-04T15:54:42.895+0000] {dagbag.py:536} INFO - Filling up the DagBag from /home/airflow/.local/lib/python3.8/site-packages/airflow/example_dags/example_dynamic_task_mapping_with_no_taskflow_operators.py
[2023-12-04T15:54:42.907+0000] {processor.py:839} INFO - DAG(s) dict_keys(['example_dynamic_task_mapping_with_no_taskflow_operators']) retrieved from /home/airflow/.local/lib/python3.8/site-packages/airflow/example_dags/example_dynamic_task_mapping_with_no_taskflow_operators.py
[2023-12-04T15:54:42.939+0000] {logging_mixin.py:154} INFO - [2023-12-04T15:54:42.939+0000] {dag.py:2941} INFO - Sync 1 DAGs
[2023-12-04T15:54:42.976+0000] {logging_mixin.py:154} INFO - [2023-12-04T15:54:42.976+0000] {dag.py:3722} INFO - Setting next_dagrun for example_dynamic_task_mapping_with_no_taskflow_operators to 2023-12-03T15:54:42.975795+00:00, run_after=2023-12-04T15:54:42.975795+00:00
[2023-12-04T15:54:43.002+0000] {processor.py:179} INFO - Processing /home/airflow/.local/lib/python3.8/site-packages/airflow/example_dags/example_dynamic_task_mapping_with_no_taskflow_operators.py took 0.117 seconds
[2023-12-04T15:55:13.731+0000] {processor.py:157} INFO - Started process (PID=174) to work on /home/airflow/.local/lib/python3.8/site-packages/airflow/example_dags/example_dynamic_task_mapping_with_no_taskflow_operators.py
[2023-12-04T15:55:13.734+0000] {processor.py:829} INFO - Processing file /home/airflow/.local/lib/python3.8/site-packages/airflow/example_dags/example_dynamic_task_mapping_with_no_taskflow_operators.py for tasks to queue
[2023-12-04T15:55:13.741+0000] {logging_mixin.py:154} INFO - [2023-12-04T15:55:13.740+0000] {dagbag.py:536} INFO - Filling up the DagBag from /home/airflow/.local/lib/python3.8/site-packages/airflow/example_dags/example_dynamic_task_mapping_with_no_taskflow_operators.py
[2023-12-04T15:55:13.763+0000] {processor.py:839} INFO - DAG(s) dict_keys(['example_dynamic_task_mapping_with_no_taskflow_operators']) retrieved from /home/airflow/.local/lib/python3.8/site-packages/airflow/example_dags/example_dynamic_task_mapping_with_no_taskflow_operators.py
[2023-12-04T15:55:13.820+0000] {logging_mixin.py:154} INFO - [2023-12-04T15:55:13.820+0000] {dag.py:2941} INFO - Sync 1 DAGs
[2023-12-04T15:55:13.870+0000] {logging_mixin.py:154} INFO - [2023-12-04T15:55:13.870+0000] {dag.py:3722} INFO - Setting next_dagrun for example_dynamic_task_mapping_with_no_taskflow_operators to 2023-12-03T15:55:13.869570+00:00, run_after=2023-12-04T15:55:13.869570+00:00
[2023-12-04T15:55:13.913+0000] {processor.py:179} INFO - Processing /home/airflow/.local/lib/python3.8/site-packages/airflow/example_dags/example_dynamic_task_mapping_with_no_taskflow_operators.py took 0.187 seconds
