[2023-12-04T15:54:11.012+0000] {processor.py:157} INFO - Started process (PID=62) to work on /home/airflow/.local/lib/python3.8/site-packages/airflow/example_dags/example_branch_python_dop_operator_3.py
[2023-12-04T15:54:11.024+0000] {processor.py:829} INFO - Processing file /home/airflow/.local/lib/python3.8/site-packages/airflow/example_dags/example_branch_python_dop_operator_3.py for tasks to queue
[2023-12-04T15:54:11.029+0000] {logging_mixin.py:154} INFO - [2023-12-04T15:54:11.028+0000] {dagbag.py:536} INFO - Filling up the DagBag from /home/airflow/.local/lib/python3.8/site-packages/airflow/example_dags/example_branch_python_dop_operator_3.py
[2023-12-04T15:54:11.087+0000] {processor.py:839} INFO - DAG(s) dict_keys(['example_branch_dop_operator_v3']) retrieved from /home/airflow/.local/lib/python3.8/site-packages/airflow/example_dags/example_branch_python_dop_operator_3.py
[2023-12-04T15:54:11.280+0000] {logging_mixin.py:154} INFO - [2023-12-04T15:54:11.279+0000] {dag.py:2941} INFO - Sync 1 DAGs
[2023-12-04T15:54:11.447+0000] {logging_mixin.py:154} INFO - [2023-12-04T15:54:11.438+0000] {dag.py:3722} INFO - Setting next_dagrun for example_branch_dop_operator_v3 to 2023-12-04T15:53:00+00:00, run_after=2023-12-04T15:54:00+00:00
[2023-12-04T15:54:11.586+0000] {processor.py:179} INFO - Processing /home/airflow/.local/lib/python3.8/site-packages/airflow/example_dags/example_branch_python_dop_operator_3.py took 0.587 seconds
[2023-12-04T15:54:42.240+0000] {processor.py:157} INFO - Started process (PID=116) to work on /home/airflow/.local/lib/python3.8/site-packages/airflow/example_dags/example_branch_python_dop_operator_3.py
[2023-12-04T15:54:42.244+0000] {processor.py:829} INFO - Processing file /home/airflow/.local/lib/python3.8/site-packages/airflow/example_dags/example_branch_python_dop_operator_3.py for tasks to queue
[2023-12-04T15:54:42.254+0000] {logging_mixin.py:154} INFO - [2023-12-04T15:54:42.253+0000] {dagbag.py:536} INFO - Filling up the DagBag from /home/airflow/.local/lib/python3.8/site-packages/airflow/example_dags/example_branch_python_dop_operator_3.py
[2023-12-04T15:54:42.291+0000] {processor.py:839} INFO - DAG(s) dict_keys(['example_branch_dop_operator_v3']) retrieved from /home/airflow/.local/lib/python3.8/site-packages/airflow/example_dags/example_branch_python_dop_operator_3.py
[2023-12-04T15:54:42.377+0000] {logging_mixin.py:154} INFO - [2023-12-04T15:54:42.371+0000] {dag.py:2941} INFO - Sync 1 DAGs
[2023-12-04T15:54:42.441+0000] {logging_mixin.py:154} INFO - [2023-12-04T15:54:42.441+0000] {dag.py:3722} INFO - Setting next_dagrun for example_branch_dop_operator_v3 to 2023-12-04T15:53:00+00:00, run_after=2023-12-04T15:54:00+00:00
[2023-12-04T15:54:42.477+0000] {processor.py:179} INFO - Processing /home/airflow/.local/lib/python3.8/site-packages/airflow/example_dags/example_branch_python_dop_operator_3.py took 0.248 seconds
[2023-12-04T15:55:13.184+0000] {processor.py:157} INFO - Started process (PID=170) to work on /home/airflow/.local/lib/python3.8/site-packages/airflow/example_dags/example_branch_python_dop_operator_3.py
[2023-12-04T15:55:13.186+0000] {processor.py:829} INFO - Processing file /home/airflow/.local/lib/python3.8/site-packages/airflow/example_dags/example_branch_python_dop_operator_3.py for tasks to queue
[2023-12-04T15:55:13.192+0000] {logging_mixin.py:154} INFO - [2023-12-04T15:55:13.192+0000] {dagbag.py:536} INFO - Filling up the DagBag from /home/airflow/.local/lib/python3.8/site-packages/airflow/example_dags/example_branch_python_dop_operator_3.py
[2023-12-04T15:55:13.211+0000] {processor.py:839} INFO - DAG(s) dict_keys(['example_branch_dop_operator_v3']) retrieved from /home/airflow/.local/lib/python3.8/site-packages/airflow/example_dags/example_branch_python_dop_operator_3.py
[2023-12-04T15:55:13.252+0000] {logging_mixin.py:154} INFO - [2023-12-04T15:55:13.252+0000] {dag.py:2941} INFO - Sync 1 DAGs
[2023-12-04T15:55:13.328+0000] {logging_mixin.py:154} INFO - [2023-12-04T15:55:13.327+0000] {dag.py:3722} INFO - Setting next_dagrun for example_branch_dop_operator_v3 to 2023-12-04T15:54:00+00:00, run_after=2023-12-04T15:55:00+00:00
[2023-12-04T15:55:13.381+0000] {processor.py:179} INFO - Processing /home/airflow/.local/lib/python3.8/site-packages/airflow/example_dags/example_branch_python_dop_operator_3.py took 0.202 seconds
