[2023-12-04T15:54:07.932+0000] {processor.py:157} INFO - Started process (PID=54) to work on /home/airflow/.local/lib/python3.8/site-packages/airflow/example_dags/example_trigger_target_dag.py
[2023-12-04T15:54:07.944+0000] {processor.py:829} INFO - Processing file /home/airflow/.local/lib/python3.8/site-packages/airflow/example_dags/example_trigger_target_dag.py for tasks to queue
[2023-12-04T15:54:07.958+0000] {logging_mixin.py:154} INFO - [2023-12-04T15:54:07.958+0000] {dagbag.py:536} INFO - Filling up the DagBag from /home/airflow/.local/lib/python3.8/site-packages/airflow/example_dags/example_trigger_target_dag.py
[2023-12-04T15:54:08.000+0000] {processor.py:839} INFO - DAG(s) dict_keys(['example_trigger_target_dag']) retrieved from /home/airflow/.local/lib/python3.8/site-packages/airflow/example_dags/example_trigger_target_dag.py
[2023-12-04T15:54:08.108+0000] {logging_mixin.py:154} INFO - [2023-12-04T15:54:08.107+0000] {dag.py:2941} INFO - Sync 1 DAGs
[2023-12-04T15:54:08.171+0000] {logging_mixin.py:154} INFO - [2023-12-04T15:54:08.171+0000] {dag.py:3722} INFO - Setting next_dagrun for example_trigger_target_dag to None, run_after=None
[2023-12-04T15:54:08.259+0000] {processor.py:179} INFO - Processing /home/airflow/.local/lib/python3.8/site-packages/airflow/example_dags/example_trigger_target_dag.py took 0.341 seconds
[2023-12-04T15:54:39.143+0000] {processor.py:157} INFO - Started process (PID=108) to work on /home/airflow/.local/lib/python3.8/site-packages/airflow/example_dags/example_trigger_target_dag.py
[2023-12-04T15:54:39.145+0000] {processor.py:829} INFO - Processing file /home/airflow/.local/lib/python3.8/site-packages/airflow/example_dags/example_trigger_target_dag.py for tasks to queue
[2023-12-04T15:54:39.155+0000] {logging_mixin.py:154} INFO - [2023-12-04T15:54:39.154+0000] {dagbag.py:536} INFO - Filling up the DagBag from /home/airflow/.local/lib/python3.8/site-packages/airflow/example_dags/example_trigger_target_dag.py
[2023-12-04T15:54:39.167+0000] {processor.py:839} INFO - DAG(s) dict_keys(['example_trigger_target_dag']) retrieved from /home/airflow/.local/lib/python3.8/site-packages/airflow/example_dags/example_trigger_target_dag.py
[2023-12-04T15:54:39.203+0000] {logging_mixin.py:154} INFO - [2023-12-04T15:54:39.203+0000] {dag.py:2941} INFO - Sync 1 DAGs
[2023-12-04T15:54:39.229+0000] {logging_mixin.py:154} INFO - [2023-12-04T15:54:39.228+0000] {dag.py:3722} INFO - Setting next_dagrun for example_trigger_target_dag to None, run_after=None
[2023-12-04T15:54:39.266+0000] {processor.py:179} INFO - Processing /home/airflow/.local/lib/python3.8/site-packages/airflow/example_dags/example_trigger_target_dag.py took 0.127 seconds
[2023-12-04T15:55:09.317+0000] {processor.py:157} INFO - Started process (PID=161) to work on /home/airflow/.local/lib/python3.8/site-packages/airflow/example_dags/example_trigger_target_dag.py
[2023-12-04T15:55:09.319+0000] {processor.py:829} INFO - Processing file /home/airflow/.local/lib/python3.8/site-packages/airflow/example_dags/example_trigger_target_dag.py for tasks to queue
[2023-12-04T15:55:09.324+0000] {logging_mixin.py:154} INFO - [2023-12-04T15:55:09.324+0000] {dagbag.py:536} INFO - Filling up the DagBag from /home/airflow/.local/lib/python3.8/site-packages/airflow/example_dags/example_trigger_target_dag.py
[2023-12-04T15:55:09.338+0000] {processor.py:839} INFO - DAG(s) dict_keys(['example_trigger_target_dag']) retrieved from /home/airflow/.local/lib/python3.8/site-packages/airflow/example_dags/example_trigger_target_dag.py
[2023-12-04T15:55:09.378+0000] {logging_mixin.py:154} INFO - [2023-12-04T15:55:09.378+0000] {dag.py:2941} INFO - Sync 1 DAGs
[2023-12-04T15:55:09.408+0000] {logging_mixin.py:154} INFO - [2023-12-04T15:55:09.408+0000] {dag.py:3722} INFO - Setting next_dagrun for example_trigger_target_dag to None, run_after=None
[2023-12-04T15:55:09.454+0000] {processor.py:179} INFO - Processing /home/airflow/.local/lib/python3.8/site-packages/airflow/example_dags/example_trigger_target_dag.py took 0.148 seconds
