[2023-12-04T15:54:07.414+0000] {processor.py:157} INFO - Started process (PID=52) to work on /home/airflow/.local/lib/python3.8/site-packages/airflow/example_dags/example_sensor_decorator.py
[2023-12-04T15:54:07.424+0000] {processor.py:829} INFO - Processing file /home/airflow/.local/lib/python3.8/site-packages/airflow/example_dags/example_sensor_decorator.py for tasks to queue
[2023-12-04T15:54:07.439+0000] {logging_mixin.py:154} INFO - [2023-12-04T15:54:07.430+0000] {dagbag.py:536} INFO - Filling up the DagBag from /home/airflow/.local/lib/python3.8/site-packages/airflow/example_dags/example_sensor_decorator.py
[2023-12-04T15:54:07.473+0000] {processor.py:839} INFO - DAG(s) dict_keys(['example_sensor_decorator']) retrieved from /home/airflow/.local/lib/python3.8/site-packages/airflow/example_dags/example_sensor_decorator.py
[2023-12-04T15:54:07.605+0000] {logging_mixin.py:154} INFO - [2023-12-04T15:54:07.604+0000] {dag.py:2941} INFO - Sync 1 DAGs
[2023-12-04T15:54:07.708+0000] {logging_mixin.py:154} INFO - [2023-12-04T15:54:07.708+0000] {dag.py:3722} INFO - Setting next_dagrun for example_sensor_decorator to None, run_after=None
[2023-12-04T15:54:07.803+0000] {processor.py:179} INFO - Processing /home/airflow/.local/lib/python3.8/site-packages/airflow/example_dags/example_sensor_decorator.py took 0.413 seconds
[2023-12-04T15:54:37.881+0000] {processor.py:157} INFO - Started process (PID=106) to work on /home/airflow/.local/lib/python3.8/site-packages/airflow/example_dags/example_sensor_decorator.py
[2023-12-04T15:54:37.885+0000] {processor.py:829} INFO - Processing file /home/airflow/.local/lib/python3.8/site-packages/airflow/example_dags/example_sensor_decorator.py for tasks to queue
[2023-12-04T15:54:37.891+0000] {logging_mixin.py:154} INFO - [2023-12-04T15:54:37.890+0000] {dagbag.py:536} INFO - Filling up the DagBag from /home/airflow/.local/lib/python3.8/site-packages/airflow/example_dags/example_sensor_decorator.py
[2023-12-04T15:54:37.922+0000] {processor.py:839} INFO - DAG(s) dict_keys(['example_sensor_decorator']) retrieved from /home/airflow/.local/lib/python3.8/site-packages/airflow/example_dags/example_sensor_decorator.py
[2023-12-04T15:54:37.961+0000] {logging_mixin.py:154} INFO - [2023-12-04T15:54:37.960+0000] {dag.py:2941} INFO - Sync 1 DAGs
[2023-12-04T15:54:37.980+0000] {logging_mixin.py:154} INFO - [2023-12-04T15:54:37.980+0000] {dag.py:3722} INFO - Setting next_dagrun for example_sensor_decorator to None, run_after=None
[2023-12-04T15:54:38.017+0000] {processor.py:179} INFO - Processing /home/airflow/.local/lib/python3.8/site-packages/airflow/example_dags/example_sensor_decorator.py took 0.143 seconds
[2023-12-04T15:55:08.882+0000] {processor.py:157} INFO - Started process (PID=160) to work on /home/airflow/.local/lib/python3.8/site-packages/airflow/example_dags/example_sensor_decorator.py
[2023-12-04T15:55:08.901+0000] {processor.py:829} INFO - Processing file /home/airflow/.local/lib/python3.8/site-packages/airflow/example_dags/example_sensor_decorator.py for tasks to queue
[2023-12-04T15:55:08.906+0000] {logging_mixin.py:154} INFO - [2023-12-04T15:55:08.905+0000] {dagbag.py:536} INFO - Filling up the DagBag from /home/airflow/.local/lib/python3.8/site-packages/airflow/example_dags/example_sensor_decorator.py
[2023-12-04T15:55:08.974+0000] {processor.py:839} INFO - DAG(s) dict_keys(['example_sensor_decorator']) retrieved from /home/airflow/.local/lib/python3.8/site-packages/airflow/example_dags/example_sensor_decorator.py
[2023-12-04T15:55:09.106+0000] {logging_mixin.py:154} INFO - [2023-12-04T15:55:09.106+0000] {dag.py:2941} INFO - Sync 1 DAGs
[2023-12-04T15:55:09.153+0000] {logging_mixin.py:154} INFO - [2023-12-04T15:55:09.153+0000] {dag.py:3722} INFO - Setting next_dagrun for example_sensor_decorator to None, run_after=None
[2023-12-04T15:55:09.256+0000] {processor.py:179} INFO - Processing /home/airflow/.local/lib/python3.8/site-packages/airflow/example_dags/example_sensor_decorator.py took 0.393 seconds
