[2023-12-04T15:54:04.160+0000] {processor.py:157} INFO - Started process (PID=43) to work on /home/airflow/.local/lib/python3.8/site-packages/airflow/example_dags/example_latest_only_with_trigger.py
[2023-12-04T15:54:04.168+0000] {processor.py:829} INFO - Processing file /home/airflow/.local/lib/python3.8/site-packages/airflow/example_dags/example_latest_only_with_trigger.py for tasks to queue
[2023-12-04T15:54:04.183+0000] {logging_mixin.py:154} INFO - [2023-12-04T15:54:04.182+0000] {dagbag.py:536} INFO - Filling up the DagBag from /home/airflow/.local/lib/python3.8/site-packages/airflow/example_dags/example_latest_only_with_trigger.py
[2023-12-04T15:54:04.255+0000] {processor.py:839} INFO - DAG(s) dict_keys(['latest_only_with_trigger']) retrieved from /home/airflow/.local/lib/python3.8/site-packages/airflow/example_dags/example_latest_only_with_trigger.py
[2023-12-04T15:54:04.424+0000] {logging_mixin.py:154} INFO - [2023-12-04T15:54:04.423+0000] {dag.py:2941} INFO - Sync 1 DAGs
[2023-12-04T15:54:04.567+0000] {logging_mixin.py:154} INFO - [2023-12-04T15:54:04.567+0000] {dag.py:3722} INFO - Setting next_dagrun for latest_only_with_trigger to 2023-12-04T11:54:04.566813+00:00, run_after=2023-12-04T15:54:04.566813+00:00
[2023-12-04T15:54:04.688+0000] {processor.py:179} INFO - Processing /home/airflow/.local/lib/python3.8/site-packages/airflow/example_dags/example_latest_only_with_trigger.py took 0.557 seconds
[2023-12-04T15:54:35.032+0000] {processor.py:157} INFO - Started process (PID=97) to work on /home/airflow/.local/lib/python3.8/site-packages/airflow/example_dags/example_latest_only_with_trigger.py
[2023-12-04T15:54:35.033+0000] {processor.py:829} INFO - Processing file /home/airflow/.local/lib/python3.8/site-packages/airflow/example_dags/example_latest_only_with_trigger.py for tasks to queue
[2023-12-04T15:54:35.039+0000] {logging_mixin.py:154} INFO - [2023-12-04T15:54:35.038+0000] {dagbag.py:536} INFO - Filling up the DagBag from /home/airflow/.local/lib/python3.8/site-packages/airflow/example_dags/example_latest_only_with_trigger.py
[2023-12-04T15:54:35.048+0000] {processor.py:839} INFO - DAG(s) dict_keys(['latest_only_with_trigger']) retrieved from /home/airflow/.local/lib/python3.8/site-packages/airflow/example_dags/example_latest_only_with_trigger.py
[2023-12-04T15:54:35.080+0000] {logging_mixin.py:154} INFO - [2023-12-04T15:54:35.080+0000] {dag.py:2941} INFO - Sync 1 DAGs
[2023-12-04T15:54:35.118+0000] {logging_mixin.py:154} INFO - [2023-12-04T15:54:35.118+0000] {dag.py:3722} INFO - Setting next_dagrun for latest_only_with_trigger to 2023-12-04T11:54:35.117888+00:00, run_after=2023-12-04T15:54:35.117888+00:00
[2023-12-04T15:54:35.148+0000] {processor.py:179} INFO - Processing /home/airflow/.local/lib/python3.8/site-packages/airflow/example_dags/example_latest_only_with_trigger.py took 0.122 seconds
[2023-12-04T15:55:06.075+0000] {processor.py:157} INFO - Started process (PID=151) to work on /home/airflow/.local/lib/python3.8/site-packages/airflow/example_dags/example_latest_only_with_trigger.py
[2023-12-04T15:55:06.090+0000] {processor.py:829} INFO - Processing file /home/airflow/.local/lib/python3.8/site-packages/airflow/example_dags/example_latest_only_with_trigger.py for tasks to queue
[2023-12-04T15:55:06.105+0000] {logging_mixin.py:154} INFO - [2023-12-04T15:55:06.096+0000] {dagbag.py:536} INFO - Filling up the DagBag from /home/airflow/.local/lib/python3.8/site-packages/airflow/example_dags/example_latest_only_with_trigger.py
[2023-12-04T15:55:06.133+0000] {processor.py:839} INFO - DAG(s) dict_keys(['latest_only_with_trigger']) retrieved from /home/airflow/.local/lib/python3.8/site-packages/airflow/example_dags/example_latest_only_with_trigger.py
[2023-12-04T15:55:06.261+0000] {logging_mixin.py:154} INFO - [2023-12-04T15:55:06.260+0000] {dag.py:2941} INFO - Sync 1 DAGs
[2023-12-04T15:55:06.405+0000] {logging_mixin.py:154} INFO - [2023-12-04T15:55:06.405+0000] {dag.py:3722} INFO - Setting next_dagrun for latest_only_with_trigger to 2023-12-04T11:55:06.403197+00:00, run_after=2023-12-04T15:55:06.403197+00:00
[2023-12-04T15:55:06.552+0000] {processor.py:179} INFO - Processing /home/airflow/.local/lib/python3.8/site-packages/airflow/example_dags/example_latest_only_with_trigger.py took 0.484 seconds
