[2023-12-04T15:54:10.728+0000] {processor.py:157} INFO - Started process (PID=61) to work on /home/airflow/.local/lib/python3.8/site-packages/airflow/example_dags/example_xcomargs.py
[2023-12-04T15:54:10.733+0000] {processor.py:829} INFO - Processing file /home/airflow/.local/lib/python3.8/site-packages/airflow/example_dags/example_xcomargs.py for tasks to queue
[2023-12-04T15:54:10.749+0000] {logging_mixin.py:154} INFO - [2023-12-04T15:54:10.748+0000] {dagbag.py:536} INFO - Filling up the DagBag from /home/airflow/.local/lib/python3.8/site-packages/airflow/example_dags/example_xcomargs.py
[2023-12-04T15:54:10.814+0000] {processor.py:839} INFO - DAG(s) dict_keys(['example_xcom_args_with_operators', 'example_xcom_args']) retrieved from /home/airflow/.local/lib/python3.8/site-packages/airflow/example_dags/example_xcomargs.py
[2023-12-04T15:54:10.910+0000] {logging_mixin.py:154} INFO - [2023-12-04T15:54:10.910+0000] {dag.py:2941} INFO - Sync 2 DAGs
[2023-12-04T15:54:10.964+0000] {logging_mixin.py:154} INFO - [2023-12-04T15:54:10.963+0000] {dag.py:3722} INFO - Setting next_dagrun for example_xcom_args to None, run_after=None
[2023-12-04T15:54:10.981+0000] {logging_mixin.py:154} INFO - [2023-12-04T15:54:10.980+0000] {dag.py:3722} INFO - Setting next_dagrun for example_xcom_args_with_operators to None, run_after=None
[2023-12-04T15:54:11.069+0000] {processor.py:179} INFO - Processing /home/airflow/.local/lib/python3.8/site-packages/airflow/example_dags/example_xcomargs.py took 0.364 seconds
[2023-12-04T15:54:41.209+0000] {processor.py:157} INFO - Started process (PID=115) to work on /home/airflow/.local/lib/python3.8/site-packages/airflow/example_dags/example_xcomargs.py
[2023-12-04T15:54:41.212+0000] {processor.py:829} INFO - Processing file /home/airflow/.local/lib/python3.8/site-packages/airflow/example_dags/example_xcomargs.py for tasks to queue
[2023-12-04T15:54:41.217+0000] {logging_mixin.py:154} INFO - [2023-12-04T15:54:41.217+0000] {dagbag.py:536} INFO - Filling up the DagBag from /home/airflow/.local/lib/python3.8/site-packages/airflow/example_dags/example_xcomargs.py
[2023-12-04T15:54:41.243+0000] {processor.py:839} INFO - DAG(s) dict_keys(['example_xcom_args_with_operators', 'example_xcom_args']) retrieved from /home/airflow/.local/lib/python3.8/site-packages/airflow/example_dags/example_xcomargs.py
[2023-12-04T15:54:41.304+0000] {logging_mixin.py:154} INFO - [2023-12-04T15:54:41.304+0000] {dag.py:2941} INFO - Sync 2 DAGs
[2023-12-04T15:54:41.324+0000] {logging_mixin.py:154} INFO - [2023-12-04T15:54:41.323+0000] {dag.py:3722} INFO - Setting next_dagrun for example_xcom_args to None, run_after=None
[2023-12-04T15:54:41.330+0000] {logging_mixin.py:154} INFO - [2023-12-04T15:54:41.329+0000] {dag.py:3722} INFO - Setting next_dagrun for example_xcom_args_with_operators to None, run_after=None
[2023-12-04T15:54:41.356+0000] {processor.py:179} INFO - Processing /home/airflow/.local/lib/python3.8/site-packages/airflow/example_dags/example_xcomargs.py took 0.154 seconds
[2023-12-04T15:55:12.169+0000] {processor.py:157} INFO - Started process (PID=169) to work on /home/airflow/.local/lib/python3.8/site-packages/airflow/example_dags/example_xcomargs.py
[2023-12-04T15:55:12.170+0000] {processor.py:829} INFO - Processing file /home/airflow/.local/lib/python3.8/site-packages/airflow/example_dags/example_xcomargs.py for tasks to queue
[2023-12-04T15:55:12.175+0000] {logging_mixin.py:154} INFO - [2023-12-04T15:55:12.174+0000] {dagbag.py:536} INFO - Filling up the DagBag from /home/airflow/.local/lib/python3.8/site-packages/airflow/example_dags/example_xcomargs.py
[2023-12-04T15:55:12.189+0000] {processor.py:839} INFO - DAG(s) dict_keys(['example_xcom_args', 'example_xcom_args_with_operators']) retrieved from /home/airflow/.local/lib/python3.8/site-packages/airflow/example_dags/example_xcomargs.py
[2023-12-04T15:55:12.239+0000] {logging_mixin.py:154} INFO - [2023-12-04T15:55:12.239+0000] {dag.py:2941} INFO - Sync 2 DAGs
[2023-12-04T15:55:12.261+0000] {logging_mixin.py:154} INFO - [2023-12-04T15:55:12.261+0000] {dag.py:3722} INFO - Setting next_dagrun for example_xcom_args to None, run_after=None
[2023-12-04T15:55:12.270+0000] {logging_mixin.py:154} INFO - [2023-12-04T15:55:12.270+0000] {dag.py:3722} INFO - Setting next_dagrun for example_xcom_args_with_operators to None, run_after=None
[2023-12-04T15:55:12.303+0000] {processor.py:179} INFO - Processing /home/airflow/.local/lib/python3.8/site-packages/airflow/example_dags/example_xcomargs.py took 0.139 seconds
