[2023-12-04T15:54:04.855+0000] {processor.py:157} INFO - Started process (PID=45) to work on /home/airflow/.local/lib/python3.8/site-packages/airflow/example_dags/example_local_kubernetes_executor.py
[2023-12-04T15:54:04.859+0000] {processor.py:829} INFO - Processing file /home/airflow/.local/lib/python3.8/site-packages/airflow/example_dags/example_local_kubernetes_executor.py for tasks to queue
[2023-12-04T15:54:04.881+0000] {logging_mixin.py:154} INFO - [2023-12-04T15:54:04.880+0000] {dagbag.py:536} INFO - Filling up the DagBag from /home/airflow/.local/lib/python3.8/site-packages/airflow/example_dags/example_local_kubernetes_executor.py
[2023-12-04T15:54:04.941+0000] {processor.py:839} INFO - DAG(s) dict_keys(['example_local_kubernetes_executor']) retrieved from /home/airflow/.local/lib/python3.8/site-packages/airflow/example_dags/example_local_kubernetes_executor.py
[2023-12-04T15:54:05.208+0000] {logging_mixin.py:154} INFO - [2023-12-04T15:54:05.207+0000] {dag.py:2941} INFO - Sync 1 DAGs
[2023-12-04T15:54:05.303+0000] {logging_mixin.py:154} INFO - [2023-12-04T15:54:05.302+0000] {dag.py:3722} INFO - Setting next_dagrun for example_local_kubernetes_executor to None, run_after=None
[2023-12-04T15:54:05.400+0000] {processor.py:179} INFO - Processing /home/airflow/.local/lib/python3.8/site-packages/airflow/example_dags/example_local_kubernetes_executor.py took 0.562 seconds
[2023-12-04T15:54:36.113+0000] {processor.py:157} INFO - Started process (PID=99) to work on /home/airflow/.local/lib/python3.8/site-packages/airflow/example_dags/example_local_kubernetes_executor.py
[2023-12-04T15:54:36.118+0000] {processor.py:829} INFO - Processing file /home/airflow/.local/lib/python3.8/site-packages/airflow/example_dags/example_local_kubernetes_executor.py for tasks to queue
[2023-12-04T15:54:36.128+0000] {logging_mixin.py:154} INFO - [2023-12-04T15:54:36.127+0000] {dagbag.py:536} INFO - Filling up the DagBag from /home/airflow/.local/lib/python3.8/site-packages/airflow/example_dags/example_local_kubernetes_executor.py
[2023-12-04T15:54:36.143+0000] {processor.py:839} INFO - DAG(s) dict_keys(['example_local_kubernetes_executor']) retrieved from /home/airflow/.local/lib/python3.8/site-packages/airflow/example_dags/example_local_kubernetes_executor.py
[2023-12-04T15:54:36.232+0000] {logging_mixin.py:154} INFO - [2023-12-04T15:54:36.232+0000] {dag.py:2941} INFO - Sync 1 DAGs
[2023-12-04T15:54:36.261+0000] {logging_mixin.py:154} INFO - [2023-12-04T15:54:36.260+0000] {dag.py:3722} INFO - Setting next_dagrun for example_local_kubernetes_executor to None, run_after=None
[2023-12-04T15:54:36.314+0000] {processor.py:179} INFO - Processing /home/airflow/.local/lib/python3.8/site-packages/airflow/example_dags/example_local_kubernetes_executor.py took 0.209 seconds
[2023-12-04T15:55:06.698+0000] {processor.py:157} INFO - Started process (PID=153) to work on /home/airflow/.local/lib/python3.8/site-packages/airflow/example_dags/example_local_kubernetes_executor.py
[2023-12-04T15:55:06.710+0000] {processor.py:829} INFO - Processing file /home/airflow/.local/lib/python3.8/site-packages/airflow/example_dags/example_local_kubernetes_executor.py for tasks to queue
[2023-12-04T15:55:06.724+0000] {logging_mixin.py:154} INFO - [2023-12-04T15:55:06.724+0000] {dagbag.py:536} INFO - Filling up the DagBag from /home/airflow/.local/lib/python3.8/site-packages/airflow/example_dags/example_local_kubernetes_executor.py
[2023-12-04T15:55:06.765+0000] {processor.py:839} INFO - DAG(s) dict_keys(['example_local_kubernetes_executor']) retrieved from /home/airflow/.local/lib/python3.8/site-packages/airflow/example_dags/example_local_kubernetes_executor.py
[2023-12-04T15:55:06.921+0000] {logging_mixin.py:154} INFO - [2023-12-04T15:55:06.920+0000] {dag.py:2941} INFO - Sync 1 DAGs
[2023-12-04T15:55:07.025+0000] {logging_mixin.py:154} INFO - [2023-12-04T15:55:07.013+0000] {dag.py:3722} INFO - Setting next_dagrun for example_local_kubernetes_executor to None, run_after=None
[2023-12-04T15:55:07.132+0000] {processor.py:179} INFO - Processing /home/airflow/.local/lib/python3.8/site-packages/airflow/example_dags/example_local_kubernetes_executor.py took 0.459 seconds
