[2023-12-04T15:54:11.821+0000] {processor.py:157} INFO - Started process (PID=65) to work on /home/airflow/.local/lib/python3.8/site-packages/airflow/example_dags/example_xcom.py
[2023-12-04T15:54:11.828+0000] {processor.py:829} INFO - Processing file /home/airflow/.local/lib/python3.8/site-packages/airflow/example_dags/example_xcom.py for tasks to queue
[2023-12-04T15:54:11.838+0000] {logging_mixin.py:154} INFO - [2023-12-04T15:54:11.838+0000] {dagbag.py:536} INFO - Filling up the DagBag from /home/airflow/.local/lib/python3.8/site-packages/airflow/example_dags/example_xcom.py
[2023-12-04T15:54:11.900+0000] {processor.py:839} INFO - DAG(s) dict_keys(['example_xcom']) retrieved from /home/airflow/.local/lib/python3.8/site-packages/airflow/example_dags/example_xcom.py
[2023-12-04T15:54:12.028+0000] {logging_mixin.py:154} INFO - [2023-12-04T15:54:12.027+0000] {dag.py:2941} INFO - Sync 1 DAGs
[2023-12-04T15:54:12.153+0000] {logging_mixin.py:154} INFO - [2023-12-04T15:54:12.147+0000] {dag.py:3722} INFO - Setting next_dagrun for example_xcom to 2021-01-01T00:00:00+00:00, run_after=2021-01-01T00:00:00+00:00
[2023-12-04T15:54:12.262+0000] {processor.py:179} INFO - Processing /home/airflow/.local/lib/python3.8/site-packages/airflow/example_dags/example_xcom.py took 0.453 seconds
[2023-12-04T15:54:42.505+0000] {processor.py:157} INFO - Started process (PID=118) to work on /home/airflow/.local/lib/python3.8/site-packages/airflow/example_dags/example_xcom.py
[2023-12-04T15:54:42.506+0000] {processor.py:829} INFO - Processing file /home/airflow/.local/lib/python3.8/site-packages/airflow/example_dags/example_xcom.py for tasks to queue
[2023-12-04T15:54:42.510+0000] {logging_mixin.py:154} INFO - [2023-12-04T15:54:42.510+0000] {dagbag.py:536} INFO - Filling up the DagBag from /home/airflow/.local/lib/python3.8/site-packages/airflow/example_dags/example_xcom.py
[2023-12-04T15:54:42.520+0000] {processor.py:839} INFO - DAG(s) dict_keys(['example_xcom']) retrieved from /home/airflow/.local/lib/python3.8/site-packages/airflow/example_dags/example_xcom.py
[2023-12-04T15:54:42.554+0000] {logging_mixin.py:154} INFO - [2023-12-04T15:54:42.553+0000] {dag.py:2941} INFO - Sync 1 DAGs
[2023-12-04T15:54:42.589+0000] {logging_mixin.py:154} INFO - [2023-12-04T15:54:42.589+0000] {dag.py:3722} INFO - Setting next_dagrun for example_xcom to 2021-01-01T00:00:00+00:00, run_after=2021-01-01T00:00:00+00:00
[2023-12-04T15:54:42.623+0000] {processor.py:179} INFO - Processing /home/airflow/.local/lib/python3.8/site-packages/airflow/example_dags/example_xcom.py took 0.123 seconds
[2023-12-04T15:55:13.504+0000] {processor.py:157} INFO - Started process (PID=173) to work on /home/airflow/.local/lib/python3.8/site-packages/airflow/example_dags/example_xcom.py
[2023-12-04T15:55:13.506+0000] {processor.py:829} INFO - Processing file /home/airflow/.local/lib/python3.8/site-packages/airflow/example_dags/example_xcom.py for tasks to queue
[2023-12-04T15:55:13.511+0000] {logging_mixin.py:154} INFO - [2023-12-04T15:55:13.510+0000] {dagbag.py:536} INFO - Filling up the DagBag from /home/airflow/.local/lib/python3.8/site-packages/airflow/example_dags/example_xcom.py
[2023-12-04T15:55:13.523+0000] {processor.py:839} INFO - DAG(s) dict_keys(['example_xcom']) retrieved from /home/airflow/.local/lib/python3.8/site-packages/airflow/example_dags/example_xcom.py
[2023-12-04T15:55:13.579+0000] {logging_mixin.py:154} INFO - [2023-12-04T15:55:13.578+0000] {dag.py:2941} INFO - Sync 1 DAGs
[2023-12-04T15:55:13.628+0000] {logging_mixin.py:154} INFO - [2023-12-04T15:55:13.628+0000] {dag.py:3722} INFO - Setting next_dagrun for example_xcom to 2021-01-01T00:00:00+00:00, run_after=2021-01-01T00:00:00+00:00
[2023-12-04T15:55:13.669+0000] {processor.py:179} INFO - Processing /home/airflow/.local/lib/python3.8/site-packages/airflow/example_dags/example_xcom.py took 0.170 seconds
