[2023-12-04T15:54:09.676+0000] {processor.py:157} INFO - Started process (PID=58) to work on /home/airflow/.local/lib/python3.8/site-packages/airflow/example_dags/example_skip_dag.py
[2023-12-04T15:54:09.680+0000] {processor.py:829} INFO - Processing file /home/airflow/.local/lib/python3.8/site-packages/airflow/example_dags/example_skip_dag.py for tasks to queue
[2023-12-04T15:54:09.698+0000] {logging_mixin.py:154} INFO - [2023-12-04T15:54:09.697+0000] {dagbag.py:536} INFO - Filling up the DagBag from /home/airflow/.local/lib/python3.8/site-packages/airflow/example_dags/example_skip_dag.py
[2023-12-04T15:54:09.739+0000] {processor.py:839} INFO - DAG(s) dict_keys(['example_skip_dag']) retrieved from /home/airflow/.local/lib/python3.8/site-packages/airflow/example_dags/example_skip_dag.py
[2023-12-04T15:54:09.847+0000] {logging_mixin.py:154} INFO - [2023-12-04T15:54:09.846+0000] {dag.py:2941} INFO - Sync 1 DAGs
[2023-12-04T15:54:09.973+0000] {logging_mixin.py:154} INFO - [2023-12-04T15:54:09.972+0000] {dag.py:3722} INFO - Setting next_dagrun for example_skip_dag to 2023-12-03T15:54:09.972464+00:00, run_after=2023-12-04T15:54:09.972464+00:00
[2023-12-04T15:54:10.054+0000] {processor.py:179} INFO - Processing /home/airflow/.local/lib/python3.8/site-packages/airflow/example_dags/example_skip_dag.py took 0.392 seconds
[2023-12-04T15:54:40.360+0000] {processor.py:157} INFO - Started process (PID=111) to work on /home/airflow/.local/lib/python3.8/site-packages/airflow/example_dags/example_skip_dag.py
[2023-12-04T15:54:40.363+0000] {processor.py:829} INFO - Processing file /home/airflow/.local/lib/python3.8/site-packages/airflow/example_dags/example_skip_dag.py for tasks to queue
[2023-12-04T15:54:40.368+0000] {logging_mixin.py:154} INFO - [2023-12-04T15:54:40.367+0000] {dagbag.py:536} INFO - Filling up the DagBag from /home/airflow/.local/lib/python3.8/site-packages/airflow/example_dags/example_skip_dag.py
[2023-12-04T15:54:40.385+0000] {processor.py:839} INFO - DAG(s) dict_keys(['example_skip_dag']) retrieved from /home/airflow/.local/lib/python3.8/site-packages/airflow/example_dags/example_skip_dag.py
[2023-12-04T15:54:40.420+0000] {logging_mixin.py:154} INFO - [2023-12-04T15:54:40.420+0000] {dag.py:2941} INFO - Sync 1 DAGs
[2023-12-04T15:54:40.476+0000] {logging_mixin.py:154} INFO - [2023-12-04T15:54:40.475+0000] {dag.py:3722} INFO - Setting next_dagrun for example_skip_dag to 2023-12-03T15:54:40.475482+00:00, run_after=2023-12-04T15:54:40.475482+00:00
[2023-12-04T15:54:40.512+0000] {processor.py:179} INFO - Processing /home/airflow/.local/lib/python3.8/site-packages/airflow/example_dags/example_skip_dag.py took 0.158 seconds
[2023-12-04T15:55:10.663+0000] {processor.py:157} INFO - Started process (PID=165) to work on /home/airflow/.local/lib/python3.8/site-packages/airflow/example_dags/example_skip_dag.py
[2023-12-04T15:55:10.667+0000] {processor.py:829} INFO - Processing file /home/airflow/.local/lib/python3.8/site-packages/airflow/example_dags/example_skip_dag.py for tasks to queue
[2023-12-04T15:55:10.674+0000] {logging_mixin.py:154} INFO - [2023-12-04T15:55:10.673+0000] {dagbag.py:536} INFO - Filling up the DagBag from /home/airflow/.local/lib/python3.8/site-packages/airflow/example_dags/example_skip_dag.py
[2023-12-04T15:55:10.690+0000] {processor.py:839} INFO - DAG(s) dict_keys(['example_skip_dag']) retrieved from /home/airflow/.local/lib/python3.8/site-packages/airflow/example_dags/example_skip_dag.py
[2023-12-04T15:55:10.723+0000] {logging_mixin.py:154} INFO - [2023-12-04T15:55:10.722+0000] {dag.py:2941} INFO - Sync 1 DAGs
[2023-12-04T15:55:10.763+0000] {logging_mixin.py:154} INFO - [2023-12-04T15:55:10.763+0000] {dag.py:3722} INFO - Setting next_dagrun for example_skip_dag to 2023-12-03T15:55:10.762569+00:00, run_after=2023-12-04T15:55:10.762569+00:00
[2023-12-04T15:55:10.842+0000] {processor.py:179} INFO - Processing /home/airflow/.local/lib/python3.8/site-packages/airflow/example_dags/example_skip_dag.py took 0.190 seconds
