[2023-12-04T15:54:03.874+0000] {processor.py:157} INFO - Started process (PID=42) to work on /home/airflow/.local/lib/python3.8/site-packages/airflow/example_dags/example_task_group_decorator.py
[2023-12-04T15:54:03.885+0000] {processor.py:829} INFO - Processing file /home/airflow/.local/lib/python3.8/site-packages/airflow/example_dags/example_task_group_decorator.py for tasks to queue
[2023-12-04T15:54:03.923+0000] {logging_mixin.py:154} INFO - [2023-12-04T15:54:03.912+0000] {dagbag.py:536} INFO - Filling up the DagBag from /home/airflow/.local/lib/python3.8/site-packages/airflow/example_dags/example_task_group_decorator.py
[2023-12-04T15:54:04.137+0000] {processor.py:839} INFO - DAG(s) dict_keys(['example_task_group_decorator']) retrieved from /home/airflow/.local/lib/python3.8/site-packages/airflow/example_dags/example_task_group_decorator.py
[2023-12-04T15:54:04.349+0000] {logging_mixin.py:154} INFO - [2023-12-04T15:54:04.348+0000] {dag.py:2941} INFO - Sync 1 DAGs
[2023-12-04T15:54:04.507+0000] {logging_mixin.py:154} INFO - [2023-12-04T15:54:04.506+0000] {dag.py:3722} INFO - Setting next_dagrun for example_task_group_decorator to 2023-12-03T15:54:04.504497+00:00, run_after=2023-12-04T15:54:04.504497+00:00
[2023-12-04T15:54:04.612+0000] {processor.py:179} INFO - Processing /home/airflow/.local/lib/python3.8/site-packages/airflow/example_dags/example_task_group_decorator.py took 0.758 seconds
[2023-12-04T15:54:34.855+0000] {processor.py:157} INFO - Started process (PID=96) to work on /home/airflow/.local/lib/python3.8/site-packages/airflow/example_dags/example_task_group_decorator.py
[2023-12-04T15:54:34.857+0000] {processor.py:829} INFO - Processing file /home/airflow/.local/lib/python3.8/site-packages/airflow/example_dags/example_task_group_decorator.py for tasks to queue
[2023-12-04T15:54:34.862+0000] {logging_mixin.py:154} INFO - [2023-12-04T15:54:34.861+0000] {dagbag.py:536} INFO - Filling up the DagBag from /home/airflow/.local/lib/python3.8/site-packages/airflow/example_dags/example_task_group_decorator.py
[2023-12-04T15:54:34.888+0000] {processor.py:839} INFO - DAG(s) dict_keys(['example_task_group_decorator']) retrieved from /home/airflow/.local/lib/python3.8/site-packages/airflow/example_dags/example_task_group_decorator.py
[2023-12-04T15:54:34.937+0000] {logging_mixin.py:154} INFO - [2023-12-04T15:54:34.937+0000] {dag.py:2941} INFO - Sync 1 DAGs
[2023-12-04T15:54:34.979+0000] {logging_mixin.py:154} INFO - [2023-12-04T15:54:34.978+0000] {dag.py:3722} INFO - Setting next_dagrun for example_task_group_decorator to 2023-12-03T15:54:34.978552+00:00, run_after=2023-12-04T15:54:34.978552+00:00
[2023-12-04T15:54:35.014+0000] {processor.py:179} INFO - Processing /home/airflow/.local/lib/python3.8/site-packages/airflow/example_dags/example_task_group_decorator.py took 0.169 seconds
[2023-12-04T15:55:05.777+0000] {processor.py:157} INFO - Started process (PID=150) to work on /home/airflow/.local/lib/python3.8/site-packages/airflow/example_dags/example_task_group_decorator.py
[2023-12-04T15:55:05.786+0000] {processor.py:829} INFO - Processing file /home/airflow/.local/lib/python3.8/site-packages/airflow/example_dags/example_task_group_decorator.py for tasks to queue
[2023-12-04T15:55:05.800+0000] {logging_mixin.py:154} INFO - [2023-12-04T15:55:05.799+0000] {dagbag.py:536} INFO - Filling up the DagBag from /home/airflow/.local/lib/python3.8/site-packages/airflow/example_dags/example_task_group_decorator.py
[2023-12-04T15:55:05.868+0000] {processor.py:839} INFO - DAG(s) dict_keys(['example_task_group_decorator']) retrieved from /home/airflow/.local/lib/python3.8/site-packages/airflow/example_dags/example_task_group_decorator.py
[2023-12-04T15:55:06.041+0000] {logging_mixin.py:154} INFO - [2023-12-04T15:55:06.041+0000] {dag.py:2941} INFO - Sync 1 DAGs
[2023-12-04T15:55:06.199+0000] {logging_mixin.py:154} INFO - [2023-12-04T15:55:06.199+0000] {dag.py:3722} INFO - Setting next_dagrun for example_task_group_decorator to 2023-12-03T15:55:06.199143+00:00, run_after=2023-12-04T15:55:06.199143+00:00
[2023-12-04T15:55:06.312+0000] {processor.py:179} INFO - Processing /home/airflow/.local/lib/python3.8/site-packages/airflow/example_dags/example_task_group_decorator.py took 0.548 seconds
