[2023-12-04T15:54:07.849+0000] {processor.py:157} INFO - Started process (PID=53) to work on /home/airflow/.local/lib/python3.8/site-packages/airflow/example_dags/example_kubernetes_executor.py
[2023-12-04T15:54:07.852+0000] {processor.py:829} INFO - Processing file /home/airflow/.local/lib/python3.8/site-packages/airflow/example_dags/example_kubernetes_executor.py for tasks to queue
[2023-12-04T15:54:07.871+0000] {logging_mixin.py:154} INFO - [2023-12-04T15:54:07.870+0000] {dagbag.py:536} INFO - Filling up the DagBag from /home/airflow/.local/lib/python3.8/site-packages/airflow/example_dags/example_kubernetes_executor.py
[2023-12-04T15:54:07.960+0000] {processor.py:839} INFO - DAG(s) dict_keys(['example_kubernetes_executor']) retrieved from /home/airflow/.local/lib/python3.8/site-packages/airflow/example_dags/example_kubernetes_executor.py
[2023-12-04T15:54:08.140+0000] {logging_mixin.py:154} INFO - [2023-12-04T15:54:08.140+0000] {dag.py:2941} INFO - Sync 1 DAGs
[2023-12-04T15:54:08.199+0000] {logging_mixin.py:154} INFO - [2023-12-04T15:54:08.198+0000] {dag.py:3722} INFO - Setting next_dagrun for example_kubernetes_executor to None, run_after=None
[2023-12-04T15:54:08.311+0000] {processor.py:179} INFO - Processing /home/airflow/.local/lib/python3.8/site-packages/airflow/example_dags/example_kubernetes_executor.py took 0.477 seconds
[2023-12-04T15:54:39.094+0000] {processor.py:157} INFO - Started process (PID=107) to work on /home/airflow/.local/lib/python3.8/site-packages/airflow/example_dags/example_kubernetes_executor.py
[2023-12-04T15:54:39.096+0000] {processor.py:829} INFO - Processing file /home/airflow/.local/lib/python3.8/site-packages/airflow/example_dags/example_kubernetes_executor.py for tasks to queue
[2023-12-04T15:54:39.110+0000] {logging_mixin.py:154} INFO - [2023-12-04T15:54:39.105+0000] {dagbag.py:536} INFO - Filling up the DagBag from /home/airflow/.local/lib/python3.8/site-packages/airflow/example_dags/example_kubernetes_executor.py
[2023-12-04T15:54:39.164+0000] {processor.py:839} INFO - DAG(s) dict_keys(['example_kubernetes_executor']) retrieved from /home/airflow/.local/lib/python3.8/site-packages/airflow/example_dags/example_kubernetes_executor.py
[2023-12-04T15:54:39.231+0000] {logging_mixin.py:154} INFO - [2023-12-04T15:54:39.231+0000] {dag.py:2941} INFO - Sync 1 DAGs
[2023-12-04T15:54:39.255+0000] {logging_mixin.py:154} INFO - [2023-12-04T15:54:39.255+0000] {dag.py:3722} INFO - Setting next_dagrun for example_kubernetes_executor to None, run_after=None
[2023-12-04T15:54:39.289+0000] {processor.py:179} INFO - Processing /home/airflow/.local/lib/python3.8/site-packages/airflow/example_dags/example_kubernetes_executor.py took 0.205 seconds
[2023-12-04T15:55:09.364+0000] {processor.py:157} INFO - Started process (PID=162) to work on /home/airflow/.local/lib/python3.8/site-packages/airflow/example_dags/example_kubernetes_executor.py
[2023-12-04T15:55:09.366+0000] {processor.py:829} INFO - Processing file /home/airflow/.local/lib/python3.8/site-packages/airflow/example_dags/example_kubernetes_executor.py for tasks to queue
[2023-12-04T15:55:09.370+0000] {logging_mixin.py:154} INFO - [2023-12-04T15:55:09.369+0000] {dagbag.py:536} INFO - Filling up the DagBag from /home/airflow/.local/lib/python3.8/site-packages/airflow/example_dags/example_kubernetes_executor.py
[2023-12-04T15:55:09.400+0000] {processor.py:839} INFO - DAG(s) dict_keys(['example_kubernetes_executor']) retrieved from /home/airflow/.local/lib/python3.8/site-packages/airflow/example_dags/example_kubernetes_executor.py
[2023-12-04T15:55:09.475+0000] {logging_mixin.py:154} INFO - [2023-12-04T15:55:09.475+0000] {dag.py:2941} INFO - Sync 1 DAGs
[2023-12-04T15:55:09.497+0000] {logging_mixin.py:154} INFO - [2023-12-04T15:55:09.497+0000] {dag.py:3722} INFO - Setting next_dagrun for example_kubernetes_executor to None, run_after=None
[2023-12-04T15:55:09.545+0000] {processor.py:179} INFO - Processing /home/airflow/.local/lib/python3.8/site-packages/airflow/example_dags/example_kubernetes_executor.py took 0.187 seconds
