[2023-12-04T15:54:05.529+0000] {processor.py:157} INFO - Started process (PID=47) to work on /home/airflow/.local/lib/python3.8/site-packages/airflow/example_dags/example_short_circuit_decorator.py
[2023-12-04T15:54:05.533+0000] {processor.py:829} INFO - Processing file /home/airflow/.local/lib/python3.8/site-packages/airflow/example_dags/example_short_circuit_decorator.py for tasks to queue
[2023-12-04T15:54:05.547+0000] {logging_mixin.py:154} INFO - [2023-12-04T15:54:05.547+0000] {dagbag.py:536} INFO - Filling up the DagBag from /home/airflow/.local/lib/python3.8/site-packages/airflow/example_dags/example_short_circuit_decorator.py
[2023-12-04T15:54:05.638+0000] {processor.py:839} INFO - DAG(s) dict_keys(['example_short_circuit_decorator']) retrieved from /home/airflow/.local/lib/python3.8/site-packages/airflow/example_dags/example_short_circuit_decorator.py
[2023-12-04T15:54:05.690+0000] {logging_mixin.py:154} INFO - [2023-12-04T15:54:05.690+0000] {dag.py:2941} INFO - Sync 1 DAGs
[2023-12-04T15:54:05.775+0000] {logging_mixin.py:154} INFO - [2023-12-04T15:54:05.775+0000] {dag.py:3722} INFO - Setting next_dagrun for example_short_circuit_decorator to 2023-12-03T15:54:05.774685+00:00, run_after=2023-12-04T15:54:05.774685+00:00
[2023-12-04T15:54:05.890+0000] {processor.py:179} INFO - Processing /home/airflow/.local/lib/python3.8/site-packages/airflow/example_dags/example_short_circuit_decorator.py took 0.370 seconds
[2023-12-04T15:54:36.385+0000] {processor.py:157} INFO - Started process (PID=101) to work on /home/airflow/.local/lib/python3.8/site-packages/airflow/example_dags/example_short_circuit_decorator.py
[2023-12-04T15:54:36.388+0000] {processor.py:829} INFO - Processing file /home/airflow/.local/lib/python3.8/site-packages/airflow/example_dags/example_short_circuit_decorator.py for tasks to queue
[2023-12-04T15:54:36.396+0000] {logging_mixin.py:154} INFO - [2023-12-04T15:54:36.395+0000] {dagbag.py:536} INFO - Filling up the DagBag from /home/airflow/.local/lib/python3.8/site-packages/airflow/example_dags/example_short_circuit_decorator.py
[2023-12-04T15:54:36.422+0000] {processor.py:839} INFO - DAG(s) dict_keys(['example_short_circuit_decorator']) retrieved from /home/airflow/.local/lib/python3.8/site-packages/airflow/example_dags/example_short_circuit_decorator.py
[2023-12-04T15:54:36.473+0000] {logging_mixin.py:154} INFO - [2023-12-04T15:54:36.473+0000] {dag.py:2941} INFO - Sync 1 DAGs
[2023-12-04T15:54:36.519+0000] {logging_mixin.py:154} INFO - [2023-12-04T15:54:36.518+0000] {dag.py:3722} INFO - Setting next_dagrun for example_short_circuit_decorator to 2023-12-03T15:54:36.518570+00:00, run_after=2023-12-04T15:54:36.518570+00:00
[2023-12-04T15:54:36.556+0000] {processor.py:179} INFO - Processing /home/airflow/.local/lib/python3.8/site-packages/airflow/example_dags/example_short_circuit_decorator.py took 0.179 seconds
[2023-12-04T15:55:07.255+0000] {processor.py:157} INFO - Started process (PID=155) to work on /home/airflow/.local/lib/python3.8/site-packages/airflow/example_dags/example_short_circuit_decorator.py
[2023-12-04T15:55:07.268+0000] {processor.py:829} INFO - Processing file /home/airflow/.local/lib/python3.8/site-packages/airflow/example_dags/example_short_circuit_decorator.py for tasks to queue
[2023-12-04T15:55:07.283+0000] {logging_mixin.py:154} INFO - [2023-12-04T15:55:07.282+0000] {dagbag.py:536} INFO - Filling up the DagBag from /home/airflow/.local/lib/python3.8/site-packages/airflow/example_dags/example_short_circuit_decorator.py
[2023-12-04T15:55:07.346+0000] {processor.py:839} INFO - DAG(s) dict_keys(['example_short_circuit_decorator']) retrieved from /home/airflow/.local/lib/python3.8/site-packages/airflow/example_dags/example_short_circuit_decorator.py
[2023-12-04T15:55:07.477+0000] {logging_mixin.py:154} INFO - [2023-12-04T15:55:07.477+0000] {dag.py:2941} INFO - Sync 1 DAGs
[2023-12-04T15:55:07.689+0000] {logging_mixin.py:154} INFO - [2023-12-04T15:55:07.688+0000] {dag.py:3722} INFO - Setting next_dagrun for example_short_circuit_decorator to 2023-12-03T15:55:07.688403+00:00, run_after=2023-12-04T15:55:07.688403+00:00
[2023-12-04T15:55:07.836+0000] {processor.py:179} INFO - Processing /home/airflow/.local/lib/python3.8/site-packages/airflow/example_dags/example_short_circuit_decorator.py took 0.595 seconds
