[2023-12-04T15:54:15.491+0000] {processor.py:157} INFO - Started process (PID=77) to work on /home/airflow/.local/lib/python3.8/site-packages/airflow/example_dags/example_params_trigger_ui.py
[2023-12-04T15:54:15.499+0000] {processor.py:829} INFO - Processing file /home/airflow/.local/lib/python3.8/site-packages/airflow/example_dags/example_params_trigger_ui.py for tasks to queue
[2023-12-04T15:54:15.514+0000] {logging_mixin.py:154} INFO - [2023-12-04T15:54:15.514+0000] {dagbag.py:536} INFO - Filling up the DagBag from /home/airflow/.local/lib/python3.8/site-packages/airflow/example_dags/example_params_trigger_ui.py
[2023-12-04T15:54:15.593+0000] {processor.py:839} INFO - DAG(s) dict_keys(['example_params_trigger_ui']) retrieved from /home/airflow/.local/lib/python3.8/site-packages/airflow/example_dags/example_params_trigger_ui.py
[2023-12-04T15:54:15.879+0000] {logging_mixin.py:154} INFO - [2023-12-04T15:54:15.879+0000] {dag.py:2941} INFO - Sync 1 DAGs
[2023-12-04T15:54:15.971+0000] {logging_mixin.py:154} INFO - [2023-12-04T15:54:15.970+0000] {dag.py:3722} INFO - Setting next_dagrun for example_params_trigger_ui to None, run_after=None
[2023-12-04T15:54:16.137+0000] {processor.py:179} INFO - Processing /home/airflow/.local/lib/python3.8/site-packages/airflow/example_dags/example_params_trigger_ui.py took 0.655 seconds
[2023-12-04T15:54:47.071+0000] {processor.py:157} INFO - Started process (PID=132) to work on /home/airflow/.local/lib/python3.8/site-packages/airflow/example_dags/example_params_trigger_ui.py
[2023-12-04T15:54:47.082+0000] {processor.py:829} INFO - Processing file /home/airflow/.local/lib/python3.8/site-packages/airflow/example_dags/example_params_trigger_ui.py for tasks to queue
[2023-12-04T15:54:47.097+0000] {logging_mixin.py:154} INFO - [2023-12-04T15:54:47.097+0000] {dagbag.py:536} INFO - Filling up the DagBag from /home/airflow/.local/lib/python3.8/site-packages/airflow/example_dags/example_params_trigger_ui.py
[2023-12-04T15:54:47.156+0000] {processor.py:839} INFO - DAG(s) dict_keys(['example_params_trigger_ui']) retrieved from /home/airflow/.local/lib/python3.8/site-packages/airflow/example_dags/example_params_trigger_ui.py
[2023-12-04T15:54:47.284+0000] {logging_mixin.py:154} INFO - [2023-12-04T15:54:47.283+0000] {dag.py:2941} INFO - Sync 1 DAGs
[2023-12-04T15:54:47.304+0000] {logging_mixin.py:154} INFO - [2023-12-04T15:54:47.304+0000] {dag.py:3722} INFO - Setting next_dagrun for example_params_trigger_ui to None, run_after=None
[2023-12-04T15:54:47.334+0000] {processor.py:179} INFO - Processing /home/airflow/.local/lib/python3.8/site-packages/airflow/example_dags/example_params_trigger_ui.py took 0.279 seconds
[2023-12-04T15:55:17.456+0000] {processor.py:157} INFO - Started process (PID=188) to work on /home/airflow/.local/lib/python3.8/site-packages/airflow/example_dags/example_params_trigger_ui.py
[2023-12-04T15:55:17.459+0000] {processor.py:829} INFO - Processing file /home/airflow/.local/lib/python3.8/site-packages/airflow/example_dags/example_params_trigger_ui.py for tasks to queue
[2023-12-04T15:55:17.467+0000] {logging_mixin.py:154} INFO - [2023-12-04T15:55:17.465+0000] {dagbag.py:536} INFO - Filling up the DagBag from /home/airflow/.local/lib/python3.8/site-packages/airflow/example_dags/example_params_trigger_ui.py
[2023-12-04T15:55:17.515+0000] {processor.py:839} INFO - DAG(s) dict_keys(['example_params_trigger_ui']) retrieved from /home/airflow/.local/lib/python3.8/site-packages/airflow/example_dags/example_params_trigger_ui.py
[2023-12-04T15:55:17.612+0000] {logging_mixin.py:154} INFO - [2023-12-04T15:55:17.612+0000] {dag.py:2941} INFO - Sync 1 DAGs
[2023-12-04T15:55:17.639+0000] {logging_mixin.py:154} INFO - [2023-12-04T15:55:17.639+0000] {dag.py:3722} INFO - Setting next_dagrun for example_params_trigger_ui to None, run_after=None
[2023-12-04T15:55:17.680+0000] {processor.py:179} INFO - Processing /home/airflow/.local/lib/python3.8/site-packages/airflow/example_dags/example_params_trigger_ui.py took 0.230 seconds
