[2023-12-04T15:54:03.373+0000] {processor.py:157} INFO - Started process (PID=40) to work on /home/airflow/.local/lib/python3.8/site-packages/airflow/example_dags/example_latest_only.py
[2023-12-04T15:54:03.377+0000] {processor.py:829} INFO - Processing file /home/airflow/.local/lib/python3.8/site-packages/airflow/example_dags/example_latest_only.py for tasks to queue
[2023-12-04T15:54:03.387+0000] {logging_mixin.py:154} INFO - [2023-12-04T15:54:03.386+0000] {dagbag.py:536} INFO - Filling up the DagBag from /home/airflow/.local/lib/python3.8/site-packages/airflow/example_dags/example_latest_only.py
[2023-12-04T15:54:03.422+0000] {processor.py:839} INFO - DAG(s) dict_keys(['latest_only']) retrieved from /home/airflow/.local/lib/python3.8/site-packages/airflow/example_dags/example_latest_only.py
[2023-12-04T15:54:03.491+0000] {logging_mixin.py:154} INFO - [2023-12-04T15:54:03.491+0000] {dag.py:2941} INFO - Sync 1 DAGs
[2023-12-04T15:54:03.574+0000] {logging_mixin.py:154} INFO - [2023-12-04T15:54:03.573+0000] {dag.py:3722} INFO - Setting next_dagrun for latest_only to 2023-12-04T11:54:03.573557+00:00, run_after=2023-12-04T15:54:03.573557+00:00
[2023-12-04T15:54:03.683+0000] {processor.py:179} INFO - Processing /home/airflow/.local/lib/python3.8/site-packages/airflow/example_dags/example_latest_only.py took 0.326 seconds
[2023-12-04T15:54:33.777+0000] {processor.py:157} INFO - Started process (PID=94) to work on /home/airflow/.local/lib/python3.8/site-packages/airflow/example_dags/example_latest_only.py
[2023-12-04T15:54:33.778+0000] {processor.py:829} INFO - Processing file /home/airflow/.local/lib/python3.8/site-packages/airflow/example_dags/example_latest_only.py for tasks to queue
[2023-12-04T15:54:33.783+0000] {logging_mixin.py:154} INFO - [2023-12-04T15:54:33.782+0000] {dagbag.py:536} INFO - Filling up the DagBag from /home/airflow/.local/lib/python3.8/site-packages/airflow/example_dags/example_latest_only.py
[2023-12-04T15:54:33.793+0000] {processor.py:839} INFO - DAG(s) dict_keys(['latest_only']) retrieved from /home/airflow/.local/lib/python3.8/site-packages/airflow/example_dags/example_latest_only.py
[2023-12-04T15:54:33.823+0000] {logging_mixin.py:154} INFO - [2023-12-04T15:54:33.822+0000] {dag.py:2941} INFO - Sync 1 DAGs
[2023-12-04T15:54:33.854+0000] {logging_mixin.py:154} INFO - [2023-12-04T15:54:33.854+0000] {dag.py:3722} INFO - Setting next_dagrun for latest_only to 2023-12-04T11:54:33.854146+00:00, run_after=2023-12-04T15:54:33.854146+00:00
[2023-12-04T15:54:33.896+0000] {processor.py:179} INFO - Processing /home/airflow/.local/lib/python3.8/site-packages/airflow/example_dags/example_latest_only.py took 0.126 seconds
[2023-12-04T15:55:05.073+0000] {processor.py:157} INFO - Started process (PID=148) to work on /home/airflow/.local/lib/python3.8/site-packages/airflow/example_dags/example_latest_only.py
[2023-12-04T15:55:05.076+0000] {processor.py:829} INFO - Processing file /home/airflow/.local/lib/python3.8/site-packages/airflow/example_dags/example_latest_only.py for tasks to queue
[2023-12-04T15:55:05.090+0000] {logging_mixin.py:154} INFO - [2023-12-04T15:55:05.090+0000] {dagbag.py:536} INFO - Filling up the DagBag from /home/airflow/.local/lib/python3.8/site-packages/airflow/example_dags/example_latest_only.py
[2023-12-04T15:55:05.157+0000] {processor.py:839} INFO - DAG(s) dict_keys(['latest_only']) retrieved from /home/airflow/.local/lib/python3.8/site-packages/airflow/example_dags/example_latest_only.py
[2023-12-04T15:55:05.352+0000] {logging_mixin.py:154} INFO - [2023-12-04T15:55:05.352+0000] {dag.py:2941} INFO - Sync 1 DAGs
[2023-12-04T15:55:05.515+0000] {logging_mixin.py:154} INFO - [2023-12-04T15:55:05.514+0000] {dag.py:3722} INFO - Setting next_dagrun for latest_only to 2023-12-04T11:55:05.513932+00:00, run_after=2023-12-04T15:55:05.513932+00:00
[2023-12-04T15:55:05.644+0000] {processor.py:179} INFO - Processing /home/airflow/.local/lib/python3.8/site-packages/airflow/example_dags/example_latest_only.py took 0.595 seconds
