[2023-12-04T15:54:14.043+0000] {processor.py:157} INFO - Started process (PID=71) to work on /home/airflow/.local/lib/python3.8/site-packages/airflow/example_dags/example_task_group.py
[2023-12-04T15:54:14.046+0000] {processor.py:829} INFO - Processing file /home/airflow/.local/lib/python3.8/site-packages/airflow/example_dags/example_task_group.py for tasks to queue
[2023-12-04T15:54:14.057+0000] {logging_mixin.py:154} INFO - [2023-12-04T15:54:14.057+0000] {dagbag.py:536} INFO - Filling up the DagBag from /home/airflow/.local/lib/python3.8/site-packages/airflow/example_dags/example_task_group.py
[2023-12-04T15:54:14.098+0000] {processor.py:839} INFO - DAG(s) dict_keys(['example_task_group']) retrieved from /home/airflow/.local/lib/python3.8/site-packages/airflow/example_dags/example_task_group.py
[2023-12-04T15:54:14.157+0000] {logging_mixin.py:154} INFO - [2023-12-04T15:54:14.157+0000] {dag.py:2941} INFO - Sync 1 DAGs
[2023-12-04T15:54:14.268+0000] {logging_mixin.py:154} INFO - [2023-12-04T15:54:14.267+0000] {dag.py:3722} INFO - Setting next_dagrun for example_task_group to 2023-12-03T15:54:14.267195+00:00, run_after=2023-12-04T15:54:14.267195+00:00
[2023-12-04T15:54:14.366+0000] {processor.py:179} INFO - Processing /home/airflow/.local/lib/python3.8/site-packages/airflow/example_dags/example_task_group.py took 0.334 seconds
[2023-12-04T15:54:45.389+0000] {processor.py:157} INFO - Started process (PID=125) to work on /home/airflow/.local/lib/python3.8/site-packages/airflow/example_dags/example_task_group.py
[2023-12-04T15:54:45.392+0000] {processor.py:829} INFO - Processing file /home/airflow/.local/lib/python3.8/site-packages/airflow/example_dags/example_task_group.py for tasks to queue
[2023-12-04T15:54:45.401+0000] {logging_mixin.py:154} INFO - [2023-12-04T15:54:45.399+0000] {dagbag.py:536} INFO - Filling up the DagBag from /home/airflow/.local/lib/python3.8/site-packages/airflow/example_dags/example_task_group.py
[2023-12-04T15:54:45.432+0000] {processor.py:839} INFO - DAG(s) dict_keys(['example_task_group']) retrieved from /home/airflow/.local/lib/python3.8/site-packages/airflow/example_dags/example_task_group.py
[2023-12-04T15:54:45.474+0000] {logging_mixin.py:154} INFO - [2023-12-04T15:54:45.474+0000] {dag.py:2941} INFO - Sync 1 DAGs
[2023-12-04T15:54:45.517+0000] {logging_mixin.py:154} INFO - [2023-12-04T15:54:45.517+0000] {dag.py:3722} INFO - Setting next_dagrun for example_task_group to 2023-12-03T15:54:45.517003+00:00, run_after=2023-12-04T15:54:45.517003+00:00
[2023-12-04T15:54:45.554+0000] {processor.py:179} INFO - Processing /home/airflow/.local/lib/python3.8/site-packages/airflow/example_dags/example_task_group.py took 0.174 seconds
[2023-12-04T15:55:16.390+0000] {processor.py:157} INFO - Started process (PID=179) to work on /home/airflow/.local/lib/python3.8/site-packages/airflow/example_dags/example_task_group.py
[2023-12-04T15:55:16.397+0000] {processor.py:829} INFO - Processing file /home/airflow/.local/lib/python3.8/site-packages/airflow/example_dags/example_task_group.py for tasks to queue
[2023-12-04T15:55:16.409+0000] {logging_mixin.py:154} INFO - [2023-12-04T15:55:16.407+0000] {dagbag.py:536} INFO - Filling up the DagBag from /home/airflow/.local/lib/python3.8/site-packages/airflow/example_dags/example_task_group.py
[2023-12-04T15:55:16.432+0000] {processor.py:839} INFO - DAG(s) dict_keys(['example_task_group']) retrieved from /home/airflow/.local/lib/python3.8/site-packages/airflow/example_dags/example_task_group.py
[2023-12-04T15:55:16.480+0000] {logging_mixin.py:154} INFO - [2023-12-04T15:55:16.480+0000] {dag.py:2941} INFO - Sync 1 DAGs
[2023-12-04T15:55:16.526+0000] {logging_mixin.py:154} INFO - [2023-12-04T15:55:16.525+0000] {dag.py:3722} INFO - Setting next_dagrun for example_task_group to 2023-12-03T15:55:16.525329+00:00, run_after=2023-12-04T15:55:16.525329+00:00
[2023-12-04T15:55:16.561+0000] {processor.py:179} INFO - Processing /home/airflow/.local/lib/python3.8/site-packages/airflow/example_dags/example_task_group.py took 0.181 seconds
