[2023-12-04T15:54:12.549+0000] {processor.py:157} INFO - Started process (PID=67) to work on /home/airflow/.local/lib/python3.8/site-packages/airflow/example_dags/example_subdag_operator.py
[2023-12-04T15:54:12.561+0000] {processor.py:829} INFO - Processing file /home/airflow/.local/lib/python3.8/site-packages/airflow/example_dags/example_subdag_operator.py for tasks to queue
[2023-12-04T15:54:12.566+0000] {logging_mixin.py:154} INFO - [2023-12-04T15:54:12.565+0000] {dagbag.py:536} INFO - Filling up the DagBag from /home/airflow/.local/lib/python3.8/site-packages/airflow/example_dags/example_subdag_operator.py
[2023-12-04T15:54:12.665+0000] {processor.py:839} INFO - DAG(s) dict_keys(['example_subdag_operator.section-1', 'example_subdag_operator.section-2', 'example_subdag_operator']) retrieved from /home/airflow/.local/lib/python3.8/site-packages/airflow/example_dags/example_subdag_operator.py
[2023-12-04T15:54:12.753+0000] {logging_mixin.py:154} INFO - [2023-12-04T15:54:12.753+0000] {dag.py:2941} INFO - Sync 3 DAGs
[2023-12-04T15:54:12.887+0000] {logging_mixin.py:154} INFO - [2023-12-04T15:54:12.887+0000] {dag.py:3722} INFO - Setting next_dagrun for example_subdag_operator to 2022-01-01T00:00:00+00:00, run_after=2022-01-01T00:00:00+00:00
[2023-12-04T15:54:12.917+0000] {logging_mixin.py:154} INFO - [2023-12-04T15:54:12.916+0000] {dag.py:3722} INFO - Setting next_dagrun for example_subdag_operator.section-1 to None, run_after=None
[2023-12-04T15:54:12.936+0000] {logging_mixin.py:154} INFO - [2023-12-04T15:54:12.936+0000] {dag.py:3722} INFO - Setting next_dagrun for example_subdag_operator.section-2 to None, run_after=None
[2023-12-04T15:54:12.972+0000] {logging_mixin.py:154} INFO - [2023-12-04T15:54:12.972+0000] {dag.py:2941} INFO - Sync 2 DAGs
[2023-12-04T15:54:13.005+0000] {logging_mixin.py:154} INFO - [2023-12-04T15:54:13.005+0000] {dag.py:3722} INFO - Setting next_dagrun for example_subdag_operator.section-1 to None, run_after=None
[2023-12-04T15:54:13.008+0000] {logging_mixin.py:154} INFO - [2023-12-04T15:54:13.007+0000] {dag.py:3722} INFO - Setting next_dagrun for example_subdag_operator.section-2 to None, run_after=None
[2023-12-04T15:54:13.060+0000] {processor.py:179} INFO - Processing /home/airflow/.local/lib/python3.8/site-packages/airflow/example_dags/example_subdag_operator.py took 0.525 seconds
[2023-12-04T15:54:43.921+0000] {processor.py:157} INFO - Started process (PID=121) to work on /home/airflow/.local/lib/python3.8/site-packages/airflow/example_dags/example_subdag_operator.py
[2023-12-04T15:54:43.923+0000] {processor.py:829} INFO - Processing file /home/airflow/.local/lib/python3.8/site-packages/airflow/example_dags/example_subdag_operator.py for tasks to queue
[2023-12-04T15:54:43.930+0000] {logging_mixin.py:154} INFO - [2023-12-04T15:54:43.930+0000] {dagbag.py:536} INFO - Filling up the DagBag from /home/airflow/.local/lib/python3.8/site-packages/airflow/example_dags/example_subdag_operator.py
[2023-12-04T15:54:43.987+0000] {processor.py:839} INFO - DAG(s) dict_keys(['example_subdag_operator.section-1', 'example_subdag_operator.section-2', 'example_subdag_operator']) retrieved from /home/airflow/.local/lib/python3.8/site-packages/airflow/example_dags/example_subdag_operator.py
[2023-12-04T15:54:44.025+0000] {logging_mixin.py:154} INFO - [2023-12-04T15:54:44.025+0000] {dag.py:2941} INFO - Sync 3 DAGs
[2023-12-04T15:54:44.071+0000] {logging_mixin.py:154} INFO - [2023-12-04T15:54:44.070+0000] {dag.py:3722} INFO - Setting next_dagrun for example_subdag_operator to 2022-01-01T00:00:00+00:00, run_after=2022-01-01T00:00:00+00:00
[2023-12-04T15:54:44.079+0000] {logging_mixin.py:154} INFO - [2023-12-04T15:54:44.079+0000] {dag.py:3722} INFO - Setting next_dagrun for example_subdag_operator.section-1 to None, run_after=None
[2023-12-04T15:54:44.083+0000] {logging_mixin.py:154} INFO - [2023-12-04T15:54:44.083+0000] {dag.py:3722} INFO - Setting next_dagrun for example_subdag_operator.section-2 to None, run_after=None
[2023-12-04T15:54:44.102+0000] {logging_mixin.py:154} INFO - [2023-12-04T15:54:44.101+0000] {dag.py:2941} INFO - Sync 2 DAGs
[2023-12-04T15:54:44.118+0000] {logging_mixin.py:154} INFO - [2023-12-04T15:54:44.118+0000] {dag.py:3722} INFO - Setting next_dagrun for example_subdag_operator.section-1 to None, run_after=None
[2023-12-04T15:54:44.119+0000] {logging_mixin.py:154} INFO - [2023-12-04T15:54:44.119+0000] {dag.py:3722} INFO - Setting next_dagrun for example_subdag_operator.section-2 to None, run_after=None
[2023-12-04T15:54:44.144+0000] {processor.py:179} INFO - Processing /home/airflow/.local/lib/python3.8/site-packages/airflow/example_dags/example_subdag_operator.py took 0.233 seconds
[2023-12-04T15:55:14.849+0000] {processor.py:157} INFO - Started process (PID=175) to work on /home/airflow/.local/lib/python3.8/site-packages/airflow/example_dags/example_subdag_operator.py
[2023-12-04T15:55:14.852+0000] {processor.py:829} INFO - Processing file /home/airflow/.local/lib/python3.8/site-packages/airflow/example_dags/example_subdag_operator.py for tasks to queue
[2023-12-04T15:55:14.859+0000] {logging_mixin.py:154} INFO - [2023-12-04T15:55:14.858+0000] {dagbag.py:536} INFO - Filling up the DagBag from /home/airflow/.local/lib/python3.8/site-packages/airflow/example_dags/example_subdag_operator.py
[2023-12-04T15:55:14.915+0000] {processor.py:839} INFO - DAG(s) dict_keys(['example_subdag_operator.section-1', 'example_subdag_operator.section-2', 'example_subdag_operator']) retrieved from /home/airflow/.local/lib/python3.8/site-packages/airflow/example_dags/example_subdag_operator.py
[2023-12-04T15:55:14.954+0000] {logging_mixin.py:154} INFO - [2023-12-04T15:55:14.953+0000] {dag.py:2941} INFO - Sync 3 DAGs
[2023-12-04T15:55:14.997+0000] {logging_mixin.py:154} INFO - [2023-12-04T15:55:14.996+0000] {dag.py:3722} INFO - Setting next_dagrun for example_subdag_operator to 2022-01-01T00:00:00+00:00, run_after=2022-01-01T00:00:00+00:00
[2023-12-04T15:55:15.005+0000] {logging_mixin.py:154} INFO - [2023-12-04T15:55:15.005+0000] {dag.py:3722} INFO - Setting next_dagrun for example_subdag_operator.section-1 to None, run_after=None
[2023-12-04T15:55:15.010+0000] {logging_mixin.py:154} INFO - [2023-12-04T15:55:15.010+0000] {dag.py:3722} INFO - Setting next_dagrun for example_subdag_operator.section-2 to None, run_after=None
[2023-12-04T15:55:15.025+0000] {logging_mixin.py:154} INFO - [2023-12-04T15:55:15.024+0000] {dag.py:2941} INFO - Sync 2 DAGs
[2023-12-04T15:55:15.041+0000] {logging_mixin.py:154} INFO - [2023-12-04T15:55:15.041+0000] {dag.py:3722} INFO - Setting next_dagrun for example_subdag_operator.section-1 to None, run_after=None
[2023-12-04T15:55:15.042+0000] {logging_mixin.py:154} INFO - [2023-12-04T15:55:15.042+0000] {dag.py:3722} INFO - Setting next_dagrun for example_subdag_operator.section-2 to None, run_after=None
[2023-12-04T15:55:15.074+0000] {processor.py:179} INFO - Processing /home/airflow/.local/lib/python3.8/site-packages/airflow/example_dags/example_subdag_operator.py took 0.237 seconds
