[2023-12-04T15:54:13.170+0000] {processor.py:157} INFO - Started process (PID=69) to work on /home/airflow/.local/lib/python3.8/site-packages/airflow/example_dags/example_complex.py
[2023-12-04T15:54:13.178+0000] {processor.py:829} INFO - Processing file /home/airflow/.local/lib/python3.8/site-packages/airflow/example_dags/example_complex.py for tasks to queue
[2023-12-04T15:54:13.195+0000] {logging_mixin.py:154} INFO - [2023-12-04T15:54:13.194+0000] {dagbag.py:536} INFO - Filling up the DagBag from /home/airflow/.local/lib/python3.8/site-packages/airflow/example_dags/example_complex.py
[2023-12-04T15:54:13.271+0000] {processor.py:839} INFO - DAG(s) dict_keys(['example_complex']) retrieved from /home/airflow/.local/lib/python3.8/site-packages/airflow/example_dags/example_complex.py
[2023-12-04T15:54:13.447+0000] {logging_mixin.py:154} INFO - [2023-12-04T15:54:13.447+0000] {dag.py:2941} INFO - Sync 1 DAGs
[2023-12-04T15:54:13.489+0000] {logging_mixin.py:154} INFO - [2023-12-04T15:54:13.489+0000] {dag.py:3722} INFO - Setting next_dagrun for example_complex to None, run_after=None
[2023-12-04T15:54:13.608+0000] {processor.py:179} INFO - Processing /home/airflow/.local/lib/python3.8/site-packages/airflow/example_dags/example_complex.py took 0.465 seconds
[2023-12-04T15:54:44.172+0000] {processor.py:157} INFO - Started process (PID=123) to work on /home/airflow/.local/lib/python3.8/site-packages/airflow/example_dags/example_complex.py
[2023-12-04T15:54:44.174+0000] {processor.py:829} INFO - Processing file /home/airflow/.local/lib/python3.8/site-packages/airflow/example_dags/example_complex.py for tasks to queue
[2023-12-04T15:54:44.179+0000] {logging_mixin.py:154} INFO - [2023-12-04T15:54:44.178+0000] {dagbag.py:536} INFO - Filling up the DagBag from /home/airflow/.local/lib/python3.8/site-packages/airflow/example_dags/example_complex.py
[2023-12-04T15:54:44.201+0000] {processor.py:839} INFO - DAG(s) dict_keys(['example_complex']) retrieved from /home/airflow/.local/lib/python3.8/site-packages/airflow/example_dags/example_complex.py
[2023-12-04T15:54:44.267+0000] {logging_mixin.py:154} INFO - [2023-12-04T15:54:44.267+0000] {dag.py:2941} INFO - Sync 1 DAGs
[2023-12-04T15:54:44.304+0000] {logging_mixin.py:154} INFO - [2023-12-04T15:54:44.304+0000] {dag.py:3722} INFO - Setting next_dagrun for example_complex to None, run_after=None
[2023-12-04T15:54:44.342+0000] {processor.py:179} INFO - Processing /home/airflow/.local/lib/python3.8/site-packages/airflow/example_dags/example_complex.py took 0.177 seconds
[2023-12-04T15:55:15.089+0000] {processor.py:157} INFO - Started process (PID=177) to work on /home/airflow/.local/lib/python3.8/site-packages/airflow/example_dags/example_complex.py
[2023-12-04T15:55:15.095+0000] {processor.py:829} INFO - Processing file /home/airflow/.local/lib/python3.8/site-packages/airflow/example_dags/example_complex.py for tasks to queue
[2023-12-04T15:55:15.102+0000] {logging_mixin.py:154} INFO - [2023-12-04T15:55:15.100+0000] {dagbag.py:536} INFO - Filling up the DagBag from /home/airflow/.local/lib/python3.8/site-packages/airflow/example_dags/example_complex.py
[2023-12-04T15:55:15.134+0000] {processor.py:839} INFO - DAG(s) dict_keys(['example_complex']) retrieved from /home/airflow/.local/lib/python3.8/site-packages/airflow/example_dags/example_complex.py
[2023-12-04T15:55:15.221+0000] {logging_mixin.py:154} INFO - [2023-12-04T15:55:15.220+0000] {dag.py:2941} INFO - Sync 1 DAGs
[2023-12-04T15:55:15.257+0000] {logging_mixin.py:154} INFO - [2023-12-04T15:55:15.257+0000] {dag.py:3722} INFO - Setting next_dagrun for example_complex to None, run_after=None
[2023-12-04T15:55:15.330+0000] {processor.py:179} INFO - Processing /home/airflow/.local/lib/python3.8/site-packages/airflow/example_dags/example_complex.py took 0.247 seconds
