[2023-12-04T15:54:13.693+0000] {processor.py:157} INFO - Started process (PID=70) to work on /home/airflow/.local/lib/python3.8/site-packages/airflow/example_dags/tutorial_taskflow_api.py
[2023-12-04T15:54:13.699+0000] {processor.py:829} INFO - Processing file /home/airflow/.local/lib/python3.8/site-packages/airflow/example_dags/tutorial_taskflow_api.py for tasks to queue
[2023-12-04T15:54:13.709+0000] {logging_mixin.py:154} INFO - [2023-12-04T15:54:13.709+0000] {dagbag.py:536} INFO - Filling up the DagBag from /home/airflow/.local/lib/python3.8/site-packages/airflow/example_dags/tutorial_taskflow_api.py
[2023-12-04T15:54:13.742+0000] {processor.py:839} INFO - DAG(s) dict_keys(['tutorial_taskflow_api']) retrieved from /home/airflow/.local/lib/python3.8/site-packages/airflow/example_dags/tutorial_taskflow_api.py
[2023-12-04T15:54:13.843+0000] {logging_mixin.py:154} INFO - [2023-12-04T15:54:13.842+0000] {dag.py:2941} INFO - Sync 1 DAGs
[2023-12-04T15:54:13.883+0000] {logging_mixin.py:154} INFO - [2023-12-04T15:54:13.882+0000] {dag.py:3722} INFO - Setting next_dagrun for tutorial_taskflow_api to None, run_after=None
[2023-12-04T15:54:13.960+0000] {processor.py:179} INFO - Processing /home/airflow/.local/lib/python3.8/site-packages/airflow/example_dags/tutorial_taskflow_api.py took 0.277 seconds
[2023-12-04T15:54:44.209+0000] {processor.py:157} INFO - Started process (PID=124) to work on /home/airflow/.local/lib/python3.8/site-packages/airflow/example_dags/tutorial_taskflow_api.py
[2023-12-04T15:54:44.212+0000] {processor.py:829} INFO - Processing file /home/airflow/.local/lib/python3.8/site-packages/airflow/example_dags/tutorial_taskflow_api.py for tasks to queue
[2023-12-04T15:54:44.219+0000] {logging_mixin.py:154} INFO - [2023-12-04T15:54:44.218+0000] {dagbag.py:536} INFO - Filling up the DagBag from /home/airflow/.local/lib/python3.8/site-packages/airflow/example_dags/tutorial_taskflow_api.py
[2023-12-04T15:54:44.232+0000] {processor.py:839} INFO - DAG(s) dict_keys(['tutorial_taskflow_api']) retrieved from /home/airflow/.local/lib/python3.8/site-packages/airflow/example_dags/tutorial_taskflow_api.py
[2023-12-04T15:54:44.270+0000] {logging_mixin.py:154} INFO - [2023-12-04T15:54:44.270+0000] {dag.py:2941} INFO - Sync 1 DAGs
[2023-12-04T15:54:44.299+0000] {logging_mixin.py:154} INFO - [2023-12-04T15:54:44.298+0000] {dag.py:3722} INFO - Setting next_dagrun for tutorial_taskflow_api to None, run_after=None
[2023-12-04T15:54:44.332+0000] {processor.py:179} INFO - Processing /home/airflow/.local/lib/python3.8/site-packages/airflow/example_dags/tutorial_taskflow_api.py took 0.132 seconds
[2023-12-04T15:55:15.153+0000] {processor.py:157} INFO - Started process (PID=178) to work on /home/airflow/.local/lib/python3.8/site-packages/airflow/example_dags/tutorial_taskflow_api.py
[2023-12-04T15:55:15.163+0000] {processor.py:829} INFO - Processing file /home/airflow/.local/lib/python3.8/site-packages/airflow/example_dags/tutorial_taskflow_api.py for tasks to queue
[2023-12-04T15:55:15.169+0000] {logging_mixin.py:154} INFO - [2023-12-04T15:55:15.168+0000] {dagbag.py:536} INFO - Filling up the DagBag from /home/airflow/.local/lib/python3.8/site-packages/airflow/example_dags/tutorial_taskflow_api.py
[2023-12-04T15:55:15.186+0000] {processor.py:839} INFO - DAG(s) dict_keys(['tutorial_taskflow_api']) retrieved from /home/airflow/.local/lib/python3.8/site-packages/airflow/example_dags/tutorial_taskflow_api.py
[2023-12-04T15:55:15.235+0000] {logging_mixin.py:154} INFO - [2023-12-04T15:55:15.234+0000] {dag.py:2941} INFO - Sync 1 DAGs
[2023-12-04T15:55:15.269+0000] {logging_mixin.py:154} INFO - [2023-12-04T15:55:15.269+0000] {dag.py:3722} INFO - Setting next_dagrun for tutorial_taskflow_api to None, run_after=None
[2023-12-04T15:55:15.323+0000] {processor.py:179} INFO - Processing /home/airflow/.local/lib/python3.8/site-packages/airflow/example_dags/tutorial_taskflow_api.py took 0.176 seconds
