[2023-12-04T15:54:10.559+0000] {processor.py:157} INFO - Started process (PID=60) to work on /home/airflow/.local/lib/python3.8/site-packages/airflow/example_dags/tutorial_dag.py
[2023-12-04T15:54:10.571+0000] {processor.py:829} INFO - Processing file /home/airflow/.local/lib/python3.8/site-packages/airflow/example_dags/tutorial_dag.py for tasks to queue
[2023-12-04T15:54:10.579+0000] {logging_mixin.py:154} INFO - [2023-12-04T15:54:10.579+0000] {dagbag.py:536} INFO - Filling up the DagBag from /home/airflow/.local/lib/python3.8/site-packages/airflow/example_dags/tutorial_dag.py
[2023-12-04T15:54:10.620+0000] {processor.py:839} INFO - DAG(s) dict_keys(['tutorial_dag']) retrieved from /home/airflow/.local/lib/python3.8/site-packages/airflow/example_dags/tutorial_dag.py
[2023-12-04T15:54:10.682+0000] {logging_mixin.py:154} INFO - [2023-12-04T15:54:10.676+0000] {dag.py:2941} INFO - Sync 1 DAGs
[2023-12-04T15:54:10.803+0000] {logging_mixin.py:154} INFO - [2023-12-04T15:54:10.796+0000] {dag.py:3722} INFO - Setting next_dagrun for tutorial_dag to None, run_after=None
[2023-12-04T15:54:10.880+0000] {processor.py:179} INFO - Processing /home/airflow/.local/lib/python3.8/site-packages/airflow/example_dags/tutorial_dag.py took 0.332 seconds
[2023-12-04T15:54:41.068+0000] {processor.py:157} INFO - Started process (PID=114) to work on /home/airflow/.local/lib/python3.8/site-packages/airflow/example_dags/tutorial_dag.py
[2023-12-04T15:54:41.070+0000] {processor.py:829} INFO - Processing file /home/airflow/.local/lib/python3.8/site-packages/airflow/example_dags/tutorial_dag.py for tasks to queue
[2023-12-04T15:54:41.075+0000] {logging_mixin.py:154} INFO - [2023-12-04T15:54:41.074+0000] {dagbag.py:536} INFO - Filling up the DagBag from /home/airflow/.local/lib/python3.8/site-packages/airflow/example_dags/tutorial_dag.py
[2023-12-04T15:54:41.085+0000] {processor.py:839} INFO - DAG(s) dict_keys(['tutorial_dag']) retrieved from /home/airflow/.local/lib/python3.8/site-packages/airflow/example_dags/tutorial_dag.py
[2023-12-04T15:54:41.115+0000] {logging_mixin.py:154} INFO - [2023-12-04T15:54:41.115+0000] {dag.py:2941} INFO - Sync 1 DAGs
[2023-12-04T15:54:41.135+0000] {logging_mixin.py:154} INFO - [2023-12-04T15:54:41.134+0000] {dag.py:3722} INFO - Setting next_dagrun for tutorial_dag to None, run_after=None
[2023-12-04T15:54:41.169+0000] {processor.py:179} INFO - Processing /home/airflow/.local/lib/python3.8/site-packages/airflow/example_dags/tutorial_dag.py took 0.106 seconds
[2023-12-04T15:55:11.976+0000] {processor.py:157} INFO - Started process (PID=168) to work on /home/airflow/.local/lib/python3.8/site-packages/airflow/example_dags/tutorial_dag.py
[2023-12-04T15:55:11.978+0000] {processor.py:829} INFO - Processing file /home/airflow/.local/lib/python3.8/site-packages/airflow/example_dags/tutorial_dag.py for tasks to queue
[2023-12-04T15:55:11.983+0000] {logging_mixin.py:154} INFO - [2023-12-04T15:55:11.983+0000] {dagbag.py:536} INFO - Filling up the DagBag from /home/airflow/.local/lib/python3.8/site-packages/airflow/example_dags/tutorial_dag.py
[2023-12-04T15:55:11.998+0000] {processor.py:839} INFO - DAG(s) dict_keys(['tutorial_dag']) retrieved from /home/airflow/.local/lib/python3.8/site-packages/airflow/example_dags/tutorial_dag.py
[2023-12-04T15:55:12.056+0000] {logging_mixin.py:154} INFO - [2023-12-04T15:55:12.056+0000] {dag.py:2941} INFO - Sync 1 DAGs
[2023-12-04T15:55:12.089+0000] {logging_mixin.py:154} INFO - [2023-12-04T15:55:12.089+0000] {dag.py:3722} INFO - Setting next_dagrun for tutorial_dag to None, run_after=None
[2023-12-04T15:55:12.124+0000] {processor.py:179} INFO - Processing /home/airflow/.local/lib/python3.8/site-packages/airflow/example_dags/tutorial_dag.py took 0.155 seconds
