[2023-12-04T15:54:15.230+0000] {processor.py:157} INFO - Started process (PID=76) to work on /home/airflow/.local/lib/python3.8/site-packages/airflow/example_dags/tutorial.py
[2023-12-04T15:54:15.232+0000] {processor.py:829} INFO - Processing file /home/airflow/.local/lib/python3.8/site-packages/airflow/example_dags/tutorial.py for tasks to queue
[2023-12-04T15:54:15.251+0000] {logging_mixin.py:154} INFO - [2023-12-04T15:54:15.250+0000] {dagbag.py:536} INFO - Filling up the DagBag from /home/airflow/.local/lib/python3.8/site-packages/airflow/example_dags/tutorial.py
[2023-12-04T15:54:15.304+0000] {processor.py:839} INFO - DAG(s) dict_keys(['tutorial']) retrieved from /home/airflow/.local/lib/python3.8/site-packages/airflow/example_dags/tutorial.py
[2023-12-04T15:54:15.395+0000] {logging_mixin.py:154} INFO - [2023-12-04T15:54:15.394+0000] {dag.py:2941} INFO - Sync 1 DAGs
[2023-12-04T15:54:15.448+0000] {logging_mixin.py:154} INFO - [2023-12-04T15:54:15.448+0000] {dag.py:3722} INFO - Setting next_dagrun for tutorial to 2023-12-03T15:54:15.448310+00:00, run_after=2023-12-04T15:54:15.448310+00:00
[2023-12-04T15:54:15.562+0000] {processor.py:179} INFO - Processing /home/airflow/.local/lib/python3.8/site-packages/airflow/example_dags/tutorial.py took 0.356 seconds
[2023-12-04T15:54:45.882+0000] {processor.py:157} INFO - Started process (PID=130) to work on /home/airflow/.local/lib/python3.8/site-packages/airflow/example_dags/tutorial.py
[2023-12-04T15:54:45.885+0000] {processor.py:829} INFO - Processing file /home/airflow/.local/lib/python3.8/site-packages/airflow/example_dags/tutorial.py for tasks to queue
[2023-12-04T15:54:45.892+0000] {logging_mixin.py:154} INFO - [2023-12-04T15:54:45.890+0000] {dagbag.py:536} INFO - Filling up the DagBag from /home/airflow/.local/lib/python3.8/site-packages/airflow/example_dags/tutorial.py
[2023-12-04T15:54:45.902+0000] {processor.py:839} INFO - DAG(s) dict_keys(['tutorial']) retrieved from /home/airflow/.local/lib/python3.8/site-packages/airflow/example_dags/tutorial.py
[2023-12-04T15:54:45.944+0000] {logging_mixin.py:154} INFO - [2023-12-04T15:54:45.944+0000] {dag.py:2941} INFO - Sync 1 DAGs
[2023-12-04T15:54:45.987+0000] {logging_mixin.py:154} INFO - [2023-12-04T15:54:45.987+0000] {dag.py:3722} INFO - Setting next_dagrun for tutorial to 2023-12-03T15:54:45.986949+00:00, run_after=2023-12-04T15:54:45.986949+00:00
[2023-12-04T15:54:46.029+0000] {processor.py:179} INFO - Processing /home/airflow/.local/lib/python3.8/site-packages/airflow/example_dags/tutorial.py took 0.153 seconds
[2023-12-04T15:55:16.984+0000] {processor.py:157} INFO - Started process (PID=184) to work on /home/airflow/.local/lib/python3.8/site-packages/airflow/example_dags/tutorial.py
[2023-12-04T15:55:16.987+0000] {processor.py:829} INFO - Processing file /home/airflow/.local/lib/python3.8/site-packages/airflow/example_dags/tutorial.py for tasks to queue
[2023-12-04T15:55:16.994+0000] {logging_mixin.py:154} INFO - [2023-12-04T15:55:16.993+0000] {dagbag.py:536} INFO - Filling up the DagBag from /home/airflow/.local/lib/python3.8/site-packages/airflow/example_dags/tutorial.py
[2023-12-04T15:55:17.014+0000] {processor.py:839} INFO - DAG(s) dict_keys(['tutorial']) retrieved from /home/airflow/.local/lib/python3.8/site-packages/airflow/example_dags/tutorial.py
[2023-12-04T15:55:17.065+0000] {logging_mixin.py:154} INFO - [2023-12-04T15:55:17.064+0000] {dag.py:2941} INFO - Sync 1 DAGs
[2023-12-04T15:55:17.115+0000] {logging_mixin.py:154} INFO - [2023-12-04T15:55:17.114+0000] {dag.py:3722} INFO - Setting next_dagrun for tutorial to 2023-12-03T15:55:17.113984+00:00, run_after=2023-12-04T15:55:17.113984+00:00
[2023-12-04T15:55:17.165+0000] {processor.py:179} INFO - Processing /home/airflow/.local/lib/python3.8/site-packages/airflow/example_dags/tutorial.py took 0.188 seconds
