[2023-12-10T15:33:11.195+0000] {processor.py:157} INFO - Started process (PID=37) to work on /opt/airflow/dags/etl_local_to_psql.py
[2023-12-10T15:33:11.206+0000] {processor.py:829} INFO - Processing file /opt/airflow/dags/etl_local_to_psql.py for tasks to queue
[2023-12-10T15:33:11.217+0000] {logging_mixin.py:154} INFO - [2023-12-10T15:33:11.216+0000] {dagbag.py:536} INFO - Filling up the DagBag from /opt/airflow/dags/etl_local_to_psql.py
[2023-12-10T15:33:11.275+0000] {processor.py:839} INFO - DAG(s) dict_keys(['etl_local_to_psql']) retrieved from /opt/airflow/dags/etl_local_to_psql.py
[2023-12-10T15:33:11.640+0000] {logging_mixin.py:154} INFO - [2023-12-10T15:33:11.640+0000] {dag.py:2941} INFO - Sync 1 DAGs
[2023-12-10T15:33:11.681+0000] {logging_mixin.py:154} INFO - [2023-12-10T15:33:11.680+0000] {dag.py:3722} INFO - Setting next_dagrun for etl_local_to_psql to None, run_after=None
[2023-12-10T15:33:11.757+0000] {processor.py:179} INFO - Processing /opt/airflow/dags/etl_local_to_psql.py took 0.584 seconds
[2023-12-10T15:33:41.906+0000] {processor.py:157} INFO - Started process (PID=47) to work on /opt/airflow/dags/etl_local_to_psql.py
[2023-12-10T15:33:41.908+0000] {processor.py:829} INFO - Processing file /opt/airflow/dags/etl_local_to_psql.py for tasks to queue
[2023-12-10T15:33:41.914+0000] {logging_mixin.py:154} INFO - [2023-12-10T15:33:41.913+0000] {dagbag.py:536} INFO - Filling up the DagBag from /opt/airflow/dags/etl_local_to_psql.py
[2023-12-10T15:33:41.934+0000] {processor.py:839} INFO - DAG(s) dict_keys(['etl_local_to_psql']) retrieved from /opt/airflow/dags/etl_local_to_psql.py
[2023-12-10T15:33:41.978+0000] {logging_mixin.py:154} INFO - [2023-12-10T15:33:41.978+0000] {dag.py:2941} INFO - Sync 1 DAGs
[2023-12-10T15:33:42.003+0000] {logging_mixin.py:154} INFO - [2023-12-10T15:33:42.003+0000] {dag.py:3722} INFO - Setting next_dagrun for etl_local_to_psql to None, run_after=None
[2023-12-10T15:33:42.086+0000] {processor.py:179} INFO - Processing /opt/airflow/dags/etl_local_to_psql.py took 0.185 seconds
[2023-12-10T15:34:13.344+0000] {processor.py:157} INFO - Started process (PID=57) to work on /opt/airflow/dags/etl_local_to_psql.py
[2023-12-10T15:34:13.350+0000] {processor.py:829} INFO - Processing file /opt/airflow/dags/etl_local_to_psql.py for tasks to queue
[2023-12-10T15:34:13.369+0000] {logging_mixin.py:154} INFO - [2023-12-10T15:34:13.369+0000] {dagbag.py:536} INFO - Filling up the DagBag from /opt/airflow/dags/etl_local_to_psql.py
[2023-12-10T15:34:13.514+0000] {processor.py:839} INFO - DAG(s) dict_keys(['etl_local_to_psql']) retrieved from /opt/airflow/dags/etl_local_to_psql.py
[2023-12-10T15:34:13.709+0000] {logging_mixin.py:154} INFO - [2023-12-10T15:34:13.708+0000] {dag.py:2941} INFO - Sync 1 DAGs
[2023-12-10T15:34:13.766+0000] {logging_mixin.py:154} INFO - [2023-12-10T15:34:13.766+0000] {dag.py:3722} INFO - Setting next_dagrun for etl_local_to_psql to None, run_after=None
[2023-12-10T15:34:14.155+0000] {processor.py:179} INFO - Processing /opt/airflow/dags/etl_local_to_psql.py took 0.819 seconds
[2023-12-10T15:34:45.001+0000] {processor.py:157} INFO - Started process (PID=67) to work on /opt/airflow/dags/etl_local_to_psql.py
[2023-12-10T15:34:45.003+0000] {processor.py:829} INFO - Processing file /opt/airflow/dags/etl_local_to_psql.py for tasks to queue
[2023-12-10T15:34:45.007+0000] {logging_mixin.py:154} INFO - [2023-12-10T15:34:45.007+0000] {dagbag.py:536} INFO - Filling up the DagBag from /opt/airflow/dags/etl_local_to_psql.py
[2023-12-10T15:34:45.027+0000] {processor.py:839} INFO - DAG(s) dict_keys(['etl_local_to_psql']) retrieved from /opt/airflow/dags/etl_local_to_psql.py
[2023-12-10T15:34:45.063+0000] {logging_mixin.py:154} INFO - [2023-12-10T15:34:45.063+0000] {dag.py:2941} INFO - Sync 1 DAGs
[2023-12-10T15:34:45.089+0000] {logging_mixin.py:154} INFO - [2023-12-10T15:34:45.088+0000] {dag.py:3722} INFO - Setting next_dagrun for etl_local_to_psql to None, run_after=None
[2023-12-10T15:34:45.121+0000] {processor.py:179} INFO - Processing /opt/airflow/dags/etl_local_to_psql.py took 0.125 seconds
[2023-12-10T15:35:15.859+0000] {processor.py:157} INFO - Started process (PID=77) to work on /opt/airflow/dags/etl_local_to_psql.py
[2023-12-10T15:35:15.861+0000] {processor.py:829} INFO - Processing file /opt/airflow/dags/etl_local_to_psql.py for tasks to queue
[2023-12-10T15:35:15.866+0000] {logging_mixin.py:154} INFO - [2023-12-10T15:35:15.865+0000] {dagbag.py:536} INFO - Filling up the DagBag from /opt/airflow/dags/etl_local_to_psql.py
[2023-12-10T15:35:15.894+0000] {processor.py:839} INFO - DAG(s) dict_keys(['etl_local_to_psql']) retrieved from /opt/airflow/dags/etl_local_to_psql.py
[2023-12-10T15:35:15.942+0000] {logging_mixin.py:154} INFO - [2023-12-10T15:35:15.942+0000] {dag.py:2941} INFO - Sync 1 DAGs
[2023-12-10T15:35:15.969+0000] {logging_mixin.py:154} INFO - [2023-12-10T15:35:15.969+0000] {dag.py:3722} INFO - Setting next_dagrun for etl_local_to_psql to None, run_after=None
[2023-12-10T15:35:16.011+0000] {processor.py:179} INFO - Processing /opt/airflow/dags/etl_local_to_psql.py took 0.159 seconds
[2023-12-10T15:35:46.366+0000] {processor.py:157} INFO - Started process (PID=87) to work on /opt/airflow/dags/etl_local_to_psql.py
[2023-12-10T15:35:46.370+0000] {processor.py:829} INFO - Processing file /opt/airflow/dags/etl_local_to_psql.py for tasks to queue
[2023-12-10T15:35:46.374+0000] {logging_mixin.py:154} INFO - [2023-12-10T15:35:46.374+0000] {dagbag.py:536} INFO - Filling up the DagBag from /opt/airflow/dags/etl_local_to_psql.py
[2023-12-10T15:35:46.403+0000] {processor.py:839} INFO - DAG(s) dict_keys(['etl_local_to_psql']) retrieved from /opt/airflow/dags/etl_local_to_psql.py
[2023-12-10T15:35:46.432+0000] {logging_mixin.py:154} INFO - [2023-12-10T15:35:46.432+0000] {dag.py:2941} INFO - Sync 1 DAGs
[2023-12-10T15:35:46.451+0000] {logging_mixin.py:154} INFO - [2023-12-10T15:35:46.450+0000] {dag.py:3722} INFO - Setting next_dagrun for etl_local_to_psql to None, run_after=None
[2023-12-10T15:35:46.476+0000] {processor.py:179} INFO - Processing /opt/airflow/dags/etl_local_to_psql.py took 0.118 seconds
[2023-12-10T15:36:16.880+0000] {processor.py:157} INFO - Started process (PID=97) to work on /opt/airflow/dags/etl_local_to_psql.py
[2023-12-10T15:36:16.882+0000] {processor.py:829} INFO - Processing file /opt/airflow/dags/etl_local_to_psql.py for tasks to queue
[2023-12-10T15:36:16.888+0000] {logging_mixin.py:154} INFO - [2023-12-10T15:36:16.887+0000] {dagbag.py:536} INFO - Filling up the DagBag from /opt/airflow/dags/etl_local_to_psql.py
[2023-12-10T15:36:16.912+0000] {processor.py:839} INFO - DAG(s) dict_keys(['etl_local_to_psql']) retrieved from /opt/airflow/dags/etl_local_to_psql.py
[2023-12-10T15:36:16.965+0000] {logging_mixin.py:154} INFO - [2023-12-10T15:36:16.965+0000] {dag.py:2941} INFO - Sync 1 DAGs
[2023-12-10T15:36:16.991+0000] {logging_mixin.py:154} INFO - [2023-12-10T15:36:16.991+0000] {dag.py:3722} INFO - Setting next_dagrun for etl_local_to_psql to None, run_after=None
[2023-12-10T15:36:17.294+0000] {processor.py:179} INFO - Processing /opt/airflow/dags/etl_local_to_psql.py took 0.419 seconds
[2023-12-10T15:36:48.086+0000] {processor.py:157} INFO - Started process (PID=107) to work on /opt/airflow/dags/etl_local_to_psql.py
[2023-12-10T15:36:48.088+0000] {processor.py:829} INFO - Processing file /opt/airflow/dags/etl_local_to_psql.py for tasks to queue
[2023-12-10T15:36:48.093+0000] {logging_mixin.py:154} INFO - [2023-12-10T15:36:48.092+0000] {dagbag.py:536} INFO - Filling up the DagBag from /opt/airflow/dags/etl_local_to_psql.py
[2023-12-10T15:36:48.127+0000] {processor.py:839} INFO - DAG(s) dict_keys(['etl_local_to_psql']) retrieved from /opt/airflow/dags/etl_local_to_psql.py
[2023-12-10T15:36:48.183+0000] {logging_mixin.py:154} INFO - [2023-12-10T15:36:48.183+0000] {dag.py:2941} INFO - Sync 1 DAGs
[2023-12-10T15:36:48.206+0000] {logging_mixin.py:154} INFO - [2023-12-10T15:36:48.206+0000] {dag.py:3722} INFO - Setting next_dagrun for etl_local_to_psql to None, run_after=None
[2023-12-10T15:36:48.243+0000] {processor.py:179} INFO - Processing /opt/airflow/dags/etl_local_to_psql.py took 0.160 seconds
[2023-12-10T15:37:18.595+0000] {processor.py:157} INFO - Started process (PID=117) to work on /opt/airflow/dags/etl_local_to_psql.py
[2023-12-10T15:37:18.597+0000] {processor.py:829} INFO - Processing file /opt/airflow/dags/etl_local_to_psql.py for tasks to queue
[2023-12-10T15:37:18.604+0000] {logging_mixin.py:154} INFO - [2023-12-10T15:37:18.603+0000] {dagbag.py:536} INFO - Filling up the DagBag from /opt/airflow/dags/etl_local_to_psql.py
[2023-12-10T15:37:18.623+0000] {processor.py:839} INFO - DAG(s) dict_keys(['etl_local_to_psql']) retrieved from /opt/airflow/dags/etl_local_to_psql.py
[2023-12-10T15:37:18.655+0000] {logging_mixin.py:154} INFO - [2023-12-10T15:37:18.654+0000] {dag.py:2941} INFO - Sync 1 DAGs
[2023-12-10T15:37:18.676+0000] {logging_mixin.py:154} INFO - [2023-12-10T15:37:18.676+0000] {dag.py:3722} INFO - Setting next_dagrun for etl_local_to_psql to None, run_after=None
[2023-12-10T15:37:18.710+0000] {processor.py:179} INFO - Processing /opt/airflow/dags/etl_local_to_psql.py took 0.120 seconds
[2023-12-10T15:37:49.275+0000] {processor.py:157} INFO - Started process (PID=127) to work on /opt/airflow/dags/etl_local_to_psql.py
[2023-12-10T15:37:49.280+0000] {processor.py:829} INFO - Processing file /opt/airflow/dags/etl_local_to_psql.py for tasks to queue
[2023-12-10T15:37:49.303+0000] {logging_mixin.py:154} INFO - [2023-12-10T15:37:49.302+0000] {dagbag.py:536} INFO - Filling up the DagBag from /opt/airflow/dags/etl_local_to_psql.py
[2023-12-10T15:37:49.337+0000] {processor.py:839} INFO - DAG(s) dict_keys(['etl_local_to_psql']) retrieved from /opt/airflow/dags/etl_local_to_psql.py
[2023-12-10T15:37:49.383+0000] {logging_mixin.py:154} INFO - [2023-12-10T15:37:49.382+0000] {dag.py:2941} INFO - Sync 1 DAGs
[2023-12-10T15:37:49.400+0000] {logging_mixin.py:154} INFO - [2023-12-10T15:37:49.400+0000] {dag.py:3722} INFO - Setting next_dagrun for etl_local_to_psql to None, run_after=None
[2023-12-10T15:37:49.425+0000] {processor.py:179} INFO - Processing /opt/airflow/dags/etl_local_to_psql.py took 0.161 seconds
[2023-12-10T15:48:46.960+0000] {processor.py:157} INFO - Started process (PID=39) to work on /opt/airflow/dags/etl_local_to_psql.py
[2023-12-10T15:48:46.974+0000] {processor.py:829} INFO - Processing file /opt/airflow/dags/etl_local_to_psql.py for tasks to queue
[2023-12-10T15:48:46.984+0000] {logging_mixin.py:154} INFO - [2023-12-10T15:48:46.983+0000] {dagbag.py:536} INFO - Filling up the DagBag from /opt/airflow/dags/etl_local_to_psql.py
[2023-12-10T15:48:47.131+0000] {processor.py:839} INFO - DAG(s) dict_keys(['etl_local_to_psql']) retrieved from /opt/airflow/dags/etl_local_to_psql.py
[2023-12-10T15:48:48.059+0000] {logging_mixin.py:154} INFO - [2023-12-10T15:48:48.058+0000] {dag.py:2941} INFO - Sync 1 DAGs
[2023-12-10T15:48:48.095+0000] {logging_mixin.py:154} INFO - [2023-12-10T15:48:48.095+0000] {dag.py:3722} INFO - Setting next_dagrun for etl_local_to_psql to None, run_after=None
[2023-12-10T15:48:48.329+0000] {processor.py:179} INFO - Processing /opt/airflow/dags/etl_local_to_psql.py took 1.387 seconds
[2023-12-10T15:49:18.430+0000] {processor.py:157} INFO - Started process (PID=48) to work on /opt/airflow/dags/etl_local_to_psql.py
[2023-12-10T15:49:18.432+0000] {processor.py:829} INFO - Processing file /opt/airflow/dags/etl_local_to_psql.py for tasks to queue
[2023-12-10T15:49:18.438+0000] {logging_mixin.py:154} INFO - [2023-12-10T15:49:18.437+0000] {dagbag.py:536} INFO - Filling up the DagBag from /opt/airflow/dags/etl_local_to_psql.py
[2023-12-10T15:49:18.460+0000] {processor.py:839} INFO - DAG(s) dict_keys(['etl_local_to_psql']) retrieved from /opt/airflow/dags/etl_local_to_psql.py
[2023-12-10T15:49:18.490+0000] {logging_mixin.py:154} INFO - [2023-12-10T15:49:18.490+0000] {dag.py:2941} INFO - Sync 1 DAGs
[2023-12-10T15:49:18.517+0000] {logging_mixin.py:154} INFO - [2023-12-10T15:49:18.516+0000] {dag.py:3722} INFO - Setting next_dagrun for etl_local_to_psql to None, run_after=None
[2023-12-10T15:49:18.549+0000] {processor.py:179} INFO - Processing /opt/airflow/dags/etl_local_to_psql.py took 0.127 seconds
[2023-12-10T15:49:48.908+0000] {processor.py:157} INFO - Started process (PID=58) to work on /opt/airflow/dags/etl_local_to_psql.py
[2023-12-10T15:49:48.914+0000] {processor.py:829} INFO - Processing file /opt/airflow/dags/etl_local_to_psql.py for tasks to queue
[2023-12-10T15:49:48.922+0000] {logging_mixin.py:154} INFO - [2023-12-10T15:49:48.921+0000] {dagbag.py:536} INFO - Filling up the DagBag from /opt/airflow/dags/etl_local_to_psql.py
[2023-12-10T15:49:48.954+0000] {processor.py:839} INFO - DAG(s) dict_keys(['etl_local_to_psql']) retrieved from /opt/airflow/dags/etl_local_to_psql.py
[2023-12-10T15:49:49.030+0000] {logging_mixin.py:154} INFO - [2023-12-10T15:49:49.029+0000] {dag.py:2941} INFO - Sync 1 DAGs
[2023-12-10T15:49:49.074+0000] {logging_mixin.py:154} INFO - [2023-12-10T15:49:49.074+0000] {dag.py:3722} INFO - Setting next_dagrun for etl_local_to_psql to None, run_after=None
[2023-12-10T15:49:49.150+0000] {processor.py:179} INFO - Processing /opt/airflow/dags/etl_local_to_psql.py took 0.262 seconds
[2023-12-10T15:50:19.600+0000] {processor.py:157} INFO - Started process (PID=68) to work on /opt/airflow/dags/etl_local_to_psql.py
[2023-12-10T15:50:19.604+0000] {processor.py:829} INFO - Processing file /opt/airflow/dags/etl_local_to_psql.py for tasks to queue
[2023-12-10T15:50:19.610+0000] {logging_mixin.py:154} INFO - [2023-12-10T15:50:19.610+0000] {dagbag.py:536} INFO - Filling up the DagBag from /opt/airflow/dags/etl_local_to_psql.py
[2023-12-10T15:50:19.633+0000] {processor.py:839} INFO - DAG(s) dict_keys(['etl_local_to_psql']) retrieved from /opt/airflow/dags/etl_local_to_psql.py
[2023-12-10T15:50:19.674+0000] {logging_mixin.py:154} INFO - [2023-12-10T15:50:19.674+0000] {dag.py:2941} INFO - Sync 1 DAGs
[2023-12-10T15:50:19.701+0000] {logging_mixin.py:154} INFO - [2023-12-10T15:50:19.701+0000] {dag.py:3722} INFO - Setting next_dagrun for etl_local_to_psql to None, run_after=None
[2023-12-10T15:50:19.732+0000] {processor.py:179} INFO - Processing /opt/airflow/dags/etl_local_to_psql.py took 0.138 seconds
[2023-12-10T15:50:50.104+0000] {processor.py:157} INFO - Started process (PID=77) to work on /opt/airflow/dags/etl_local_to_psql.py
[2023-12-10T15:50:50.109+0000] {processor.py:829} INFO - Processing file /opt/airflow/dags/etl_local_to_psql.py for tasks to queue
[2023-12-10T15:50:50.116+0000] {logging_mixin.py:154} INFO - [2023-12-10T15:50:50.116+0000] {dagbag.py:536} INFO - Filling up the DagBag from /opt/airflow/dags/etl_local_to_psql.py
[2023-12-10T15:50:50.154+0000] {processor.py:839} INFO - DAG(s) dict_keys(['etl_local_to_psql']) retrieved from /opt/airflow/dags/etl_local_to_psql.py
[2023-12-10T15:50:50.220+0000] {logging_mixin.py:154} INFO - [2023-12-10T15:50:50.220+0000] {dag.py:2941} INFO - Sync 1 DAGs
[2023-12-10T15:50:50.278+0000] {logging_mixin.py:154} INFO - [2023-12-10T15:50:50.278+0000] {dag.py:3722} INFO - Setting next_dagrun for etl_local_to_psql to None, run_after=None
[2023-12-10T15:50:50.865+0000] {processor.py:179} INFO - Processing /opt/airflow/dags/etl_local_to_psql.py took 0.770 seconds
[2023-12-10T15:51:21.385+0000] {processor.py:157} INFO - Started process (PID=87) to work on /opt/airflow/dags/etl_local_to_psql.py
[2023-12-10T15:51:21.387+0000] {processor.py:829} INFO - Processing file /opt/airflow/dags/etl_local_to_psql.py for tasks to queue
[2023-12-10T15:51:21.393+0000] {logging_mixin.py:154} INFO - [2023-12-10T15:51:21.392+0000] {dagbag.py:536} INFO - Filling up the DagBag from /opt/airflow/dags/etl_local_to_psql.py
[2023-12-10T15:51:21.420+0000] {processor.py:839} INFO - DAG(s) dict_keys(['etl_local_to_psql']) retrieved from /opt/airflow/dags/etl_local_to_psql.py
[2023-12-10T15:51:21.464+0000] {logging_mixin.py:154} INFO - [2023-12-10T15:51:21.464+0000] {dag.py:2941} INFO - Sync 1 DAGs
[2023-12-10T15:51:21.490+0000] {logging_mixin.py:154} INFO - [2023-12-10T15:51:21.490+0000] {dag.py:3722} INFO - Setting next_dagrun for etl_local_to_psql to None, run_after=None
[2023-12-10T15:51:21.527+0000] {processor.py:179} INFO - Processing /opt/airflow/dags/etl_local_to_psql.py took 0.149 seconds
[2023-12-10T15:51:52.005+0000] {processor.py:157} INFO - Started process (PID=97) to work on /opt/airflow/dags/etl_local_to_psql.py
[2023-12-10T15:51:52.008+0000] {processor.py:829} INFO - Processing file /opt/airflow/dags/etl_local_to_psql.py for tasks to queue
[2023-12-10T15:51:52.017+0000] {logging_mixin.py:154} INFO - [2023-12-10T15:51:52.016+0000] {dagbag.py:536} INFO - Filling up the DagBag from /opt/airflow/dags/etl_local_to_psql.py
[2023-12-10T15:51:52.053+0000] {processor.py:839} INFO - DAG(s) dict_keys(['etl_local_to_psql']) retrieved from /opt/airflow/dags/etl_local_to_psql.py
[2023-12-10T15:51:52.115+0000] {logging_mixin.py:154} INFO - [2023-12-10T15:51:52.115+0000] {dag.py:2941} INFO - Sync 1 DAGs
[2023-12-10T15:51:52.156+0000] {logging_mixin.py:154} INFO - [2023-12-10T15:51:52.155+0000] {dag.py:3722} INFO - Setting next_dagrun for etl_local_to_psql to None, run_after=None
[2023-12-10T15:51:52.210+0000] {processor.py:179} INFO - Processing /opt/airflow/dags/etl_local_to_psql.py took 0.212 seconds
[2023-12-10T15:52:22.539+0000] {processor.py:157} INFO - Started process (PID=107) to work on /opt/airflow/dags/etl_local_to_psql.py
[2023-12-10T15:52:22.541+0000] {processor.py:829} INFO - Processing file /opt/airflow/dags/etl_local_to_psql.py for tasks to queue
[2023-12-10T15:52:22.548+0000] {logging_mixin.py:154} INFO - [2023-12-10T15:52:22.547+0000] {dagbag.py:536} INFO - Filling up the DagBag from /opt/airflow/dags/etl_local_to_psql.py
[2023-12-10T15:52:22.572+0000] {processor.py:839} INFO - DAG(s) dict_keys(['etl_local_to_psql']) retrieved from /opt/airflow/dags/etl_local_to_psql.py
[2023-12-10T15:52:22.622+0000] {logging_mixin.py:154} INFO - [2023-12-10T15:52:22.621+0000] {dag.py:2941} INFO - Sync 1 DAGs
[2023-12-10T15:52:22.647+0000] {logging_mixin.py:154} INFO - [2023-12-10T15:52:22.647+0000] {dag.py:3722} INFO - Setting next_dagrun for etl_local_to_psql to None, run_after=None
[2023-12-10T15:52:22.681+0000] {processor.py:179} INFO - Processing /opt/airflow/dags/etl_local_to_psql.py took 0.148 seconds
