[2023-12-10T15:33:09.436+0000] {processor.py:157} INFO - Started process (PID=35) to work on /opt/airflow/dags/etl_gcs_to_bq_api.py
[2023-12-10T15:33:09.447+0000] {processor.py:829} INFO - Processing file /opt/airflow/dags/etl_gcs_to_bq_api.py for tasks to queue
[2023-12-10T15:33:09.467+0000] {logging_mixin.py:154} INFO - [2023-12-10T15:33:09.461+0000] {dagbag.py:536} INFO - Filling up the DagBag from /opt/airflow/dags/etl_gcs_to_bq_api.py
[2023-12-10T15:33:09.793+0000] {processor.py:839} INFO - DAG(s) dict_keys(['etl_local_to_gcs_to_bigquery_api']) retrieved from /opt/airflow/dags/etl_gcs_to_bq_api.py
[2023-12-10T15:33:10.636+0000] {logging_mixin.py:154} INFO - [2023-12-10T15:33:10.635+0000] {dag.py:2941} INFO - Sync 1 DAGs
[2023-12-10T15:33:10.827+0000] {logging_mixin.py:154} INFO - [2023-12-10T15:33:10.827+0000] {dag.py:3722} INFO - Setting next_dagrun for etl_local_to_gcs_to_bigquery_api to 2023-12-09T00:00:00+00:00, run_after=2023-12-10T00:00:00+00:00
[2023-12-10T15:33:11.024+0000] {processor.py:179} INFO - Processing /opt/airflow/dags/etl_gcs_to_bq_api.py took 1.613 seconds
[2023-12-10T15:33:41.432+0000] {processor.py:157} INFO - Started process (PID=45) to work on /opt/airflow/dags/etl_gcs_to_bq_api.py
[2023-12-10T15:33:41.442+0000] {processor.py:829} INFO - Processing file /opt/airflow/dags/etl_gcs_to_bq_api.py for tasks to queue
[2023-12-10T15:33:41.456+0000] {logging_mixin.py:154} INFO - [2023-12-10T15:33:41.455+0000] {dagbag.py:536} INFO - Filling up the DagBag from /opt/airflow/dags/etl_gcs_to_bq_api.py
[2023-12-10T15:33:41.552+0000] {processor.py:839} INFO - DAG(s) dict_keys(['etl_local_to_gcs_to_bigquery_api']) retrieved from /opt/airflow/dags/etl_gcs_to_bq_api.py
[2023-12-10T15:33:41.641+0000] {logging_mixin.py:154} INFO - [2023-12-10T15:33:41.640+0000] {dag.py:2941} INFO - Sync 1 DAGs
[2023-12-10T15:33:41.708+0000] {logging_mixin.py:154} INFO - [2023-12-10T15:33:41.707+0000] {dag.py:3722} INFO - Setting next_dagrun for etl_local_to_gcs_to_bigquery_api to 2023-12-09T00:00:00+00:00, run_after=2023-12-10T00:00:00+00:00
[2023-12-10T15:33:41.859+0000] {processor.py:179} INFO - Processing /opt/airflow/dags/etl_gcs_to_bq_api.py took 0.441 seconds
[2023-12-10T15:34:12.224+0000] {processor.py:157} INFO - Started process (PID=55) to work on /opt/airflow/dags/etl_gcs_to_bq_api.py
[2023-12-10T15:34:12.247+0000] {processor.py:829} INFO - Processing file /opt/airflow/dags/etl_gcs_to_bq_api.py for tasks to queue
[2023-12-10T15:34:12.273+0000] {logging_mixin.py:154} INFO - [2023-12-10T15:34:12.272+0000] {dagbag.py:536} INFO - Filling up the DagBag from /opt/airflow/dags/etl_gcs_to_bq_api.py
[2023-12-10T15:34:12.478+0000] {processor.py:839} INFO - DAG(s) dict_keys(['etl_local_to_gcs_to_bigquery_api']) retrieved from /opt/airflow/dags/etl_gcs_to_bq_api.py
[2023-12-10T15:34:12.709+0000] {logging_mixin.py:154} INFO - [2023-12-10T15:34:12.708+0000] {dag.py:2941} INFO - Sync 1 DAGs
[2023-12-10T15:34:12.787+0000] {logging_mixin.py:154} INFO - [2023-12-10T15:34:12.782+0000] {dag.py:3722} INFO - Setting next_dagrun for etl_local_to_gcs_to_bigquery_api to 2023-12-10T00:00:00+00:00, run_after=2023-12-11T00:00:00+00:00
[2023-12-10T15:34:13.173+0000] {processor.py:179} INFO - Processing /opt/airflow/dags/etl_gcs_to_bq_api.py took 0.985 seconds
[2023-12-10T15:34:43.497+0000] {processor.py:157} INFO - Started process (PID=65) to work on /opt/airflow/dags/etl_gcs_to_bq_api.py
[2023-12-10T15:34:43.502+0000] {processor.py:829} INFO - Processing file /opt/airflow/dags/etl_gcs_to_bq_api.py for tasks to queue
[2023-12-10T15:34:43.511+0000] {logging_mixin.py:154} INFO - [2023-12-10T15:34:43.509+0000] {dagbag.py:536} INFO - Filling up the DagBag from /opt/airflow/dags/etl_gcs_to_bq_api.py
[2023-12-10T15:34:43.565+0000] {processor.py:839} INFO - DAG(s) dict_keys(['etl_local_to_gcs_to_bigquery_api']) retrieved from /opt/airflow/dags/etl_gcs_to_bq_api.py
[2023-12-10T15:34:43.644+0000] {logging_mixin.py:154} INFO - [2023-12-10T15:34:43.643+0000] {dag.py:2941} INFO - Sync 1 DAGs
[2023-12-10T15:34:44.079+0000] {logging_mixin.py:154} INFO - [2023-12-10T15:34:44.079+0000] {dag.py:3722} INFO - Setting next_dagrun for etl_local_to_gcs_to_bigquery_api to 2023-12-10T00:00:00+00:00, run_after=2023-12-11T00:00:00+00:00
[2023-12-10T15:34:44.115+0000] {processor.py:179} INFO - Processing /opt/airflow/dags/etl_gcs_to_bq_api.py took 0.627 seconds
[2023-12-10T15:35:14.315+0000] {processor.py:157} INFO - Started process (PID=75) to work on /opt/airflow/dags/etl_gcs_to_bq_api.py
[2023-12-10T15:35:14.321+0000] {processor.py:829} INFO - Processing file /opt/airflow/dags/etl_gcs_to_bq_api.py for tasks to queue
[2023-12-10T15:35:14.335+0000] {logging_mixin.py:154} INFO - [2023-12-10T15:35:14.334+0000] {dagbag.py:536} INFO - Filling up the DagBag from /opt/airflow/dags/etl_gcs_to_bq_api.py
[2023-12-10T15:35:14.370+0000] {processor.py:839} INFO - DAG(s) dict_keys(['etl_local_to_gcs_to_bigquery_api']) retrieved from /opt/airflow/dags/etl_gcs_to_bq_api.py
[2023-12-10T15:35:14.468+0000] {logging_mixin.py:154} INFO - [2023-12-10T15:35:14.467+0000] {dag.py:2941} INFO - Sync 1 DAGs
[2023-12-10T15:35:14.663+0000] {logging_mixin.py:154} INFO - [2023-12-10T15:35:14.662+0000] {dag.py:3722} INFO - Setting next_dagrun for etl_local_to_gcs_to_bigquery_api to 2023-12-10T00:00:00+00:00, run_after=2023-12-11T00:00:00+00:00
[2023-12-10T15:35:14.764+0000] {processor.py:179} INFO - Processing /opt/airflow/dags/etl_gcs_to_bq_api.py took 0.456 seconds
[2023-12-10T15:35:45.112+0000] {processor.py:157} INFO - Started process (PID=85) to work on /opt/airflow/dags/etl_gcs_to_bq_api.py
[2023-12-10T15:35:45.115+0000] {processor.py:829} INFO - Processing file /opt/airflow/dags/etl_gcs_to_bq_api.py for tasks to queue
[2023-12-10T15:35:45.121+0000] {logging_mixin.py:154} INFO - [2023-12-10T15:35:45.120+0000] {dagbag.py:536} INFO - Filling up the DagBag from /opt/airflow/dags/etl_gcs_to_bq_api.py
[2023-12-10T15:35:45.155+0000] {processor.py:839} INFO - DAG(s) dict_keys(['etl_local_to_gcs_to_bigquery_api']) retrieved from /opt/airflow/dags/etl_gcs_to_bq_api.py
[2023-12-10T15:35:45.203+0000] {logging_mixin.py:154} INFO - [2023-12-10T15:35:45.202+0000] {dag.py:2941} INFO - Sync 1 DAGs
[2023-12-10T15:35:45.261+0000] {logging_mixin.py:154} INFO - [2023-12-10T15:35:45.260+0000] {dag.py:3722} INFO - Setting next_dagrun for etl_local_to_gcs_to_bigquery_api to 2023-12-10T00:00:00+00:00, run_after=2023-12-11T00:00:00+00:00
[2023-12-10T15:35:45.305+0000] {processor.py:179} INFO - Processing /opt/airflow/dags/etl_gcs_to_bq_api.py took 0.199 seconds
[2023-12-10T15:36:15.616+0000] {processor.py:157} INFO - Started process (PID=95) to work on /opt/airflow/dags/etl_gcs_to_bq_api.py
[2023-12-10T15:36:15.618+0000] {processor.py:829} INFO - Processing file /opt/airflow/dags/etl_gcs_to_bq_api.py for tasks to queue
[2023-12-10T15:36:15.626+0000] {logging_mixin.py:154} INFO - [2023-12-10T15:36:15.625+0000] {dagbag.py:536} INFO - Filling up the DagBag from /opt/airflow/dags/etl_gcs_to_bq_api.py
[2023-12-10T15:36:15.669+0000] {processor.py:839} INFO - DAG(s) dict_keys(['etl_local_to_gcs_to_bigquery_api']) retrieved from /opt/airflow/dags/etl_gcs_to_bq_api.py
[2023-12-10T15:36:15.739+0000] {logging_mixin.py:154} INFO - [2023-12-10T15:36:15.738+0000] {dag.py:2941} INFO - Sync 1 DAGs
[2023-12-10T15:36:15.789+0000] {logging_mixin.py:154} INFO - [2023-12-10T15:36:15.788+0000] {dag.py:3722} INFO - Setting next_dagrun for etl_local_to_gcs_to_bigquery_api to 2023-12-10T00:00:00+00:00, run_after=2023-12-11T00:00:00+00:00
[2023-12-10T15:36:15.826+0000] {processor.py:179} INFO - Processing /opt/airflow/dags/etl_gcs_to_bq_api.py took 0.220 seconds
[2023-12-10T15:36:46.126+0000] {processor.py:157} INFO - Started process (PID=105) to work on /opt/airflow/dags/etl_gcs_to_bq_api.py
[2023-12-10T15:36:46.130+0000] {processor.py:829} INFO - Processing file /opt/airflow/dags/etl_gcs_to_bq_api.py for tasks to queue
[2023-12-10T15:36:46.139+0000] {logging_mixin.py:154} INFO - [2023-12-10T15:36:46.138+0000] {dagbag.py:536} INFO - Filling up the DagBag from /opt/airflow/dags/etl_gcs_to_bq_api.py
[2023-12-10T15:36:46.202+0000] {processor.py:839} INFO - DAG(s) dict_keys(['etl_local_to_gcs_to_bigquery_api']) retrieved from /opt/airflow/dags/etl_gcs_to_bq_api.py
[2023-12-10T15:36:46.298+0000] {logging_mixin.py:154} INFO - [2023-12-10T15:36:46.296+0000] {dag.py:2941} INFO - Sync 1 DAGs
[2023-12-10T15:36:46.882+0000] {logging_mixin.py:154} INFO - [2023-12-10T15:36:46.881+0000] {dag.py:3722} INFO - Setting next_dagrun for etl_local_to_gcs_to_bigquery_api to 2023-12-10T00:00:00+00:00, run_after=2023-12-11T00:00:00+00:00
[2023-12-10T15:36:46.971+0000] {processor.py:179} INFO - Processing /opt/airflow/dags/etl_gcs_to_bq_api.py took 0.860 seconds
[2023-12-10T15:37:17.321+0000] {processor.py:157} INFO - Started process (PID=115) to work on /opt/airflow/dags/etl_gcs_to_bq_api.py
[2023-12-10T15:37:17.324+0000] {processor.py:829} INFO - Processing file /opt/airflow/dags/etl_gcs_to_bq_api.py for tasks to queue
[2023-12-10T15:37:17.331+0000] {logging_mixin.py:154} INFO - [2023-12-10T15:37:17.330+0000] {dagbag.py:536} INFO - Filling up the DagBag from /opt/airflow/dags/etl_gcs_to_bq_api.py
[2023-12-10T15:37:17.377+0000] {processor.py:839} INFO - DAG(s) dict_keys(['etl_local_to_gcs_to_bigquery_api']) retrieved from /opt/airflow/dags/etl_gcs_to_bq_api.py
[2023-12-10T15:37:17.434+0000] {logging_mixin.py:154} INFO - [2023-12-10T15:37:17.433+0000] {dag.py:2941} INFO - Sync 1 DAGs
[2023-12-10T15:37:17.493+0000] {logging_mixin.py:154} INFO - [2023-12-10T15:37:17.492+0000] {dag.py:3722} INFO - Setting next_dagrun for etl_local_to_gcs_to_bigquery_api to 2023-12-10T00:00:00+00:00, run_after=2023-12-11T00:00:00+00:00
[2023-12-10T15:37:17.539+0000] {processor.py:179} INFO - Processing /opt/airflow/dags/etl_gcs_to_bq_api.py took 0.226 seconds
[2023-12-10T15:37:47.887+0000] {processor.py:157} INFO - Started process (PID=125) to work on /opt/airflow/dags/etl_gcs_to_bq_api.py
[2023-12-10T15:37:47.893+0000] {processor.py:829} INFO - Processing file /opt/airflow/dags/etl_gcs_to_bq_api.py for tasks to queue
[2023-12-10T15:37:47.908+0000] {logging_mixin.py:154} INFO - [2023-12-10T15:37:47.907+0000] {dagbag.py:536} INFO - Filling up the DagBag from /opt/airflow/dags/etl_gcs_to_bq_api.py
[2023-12-10T15:37:47.976+0000] {processor.py:839} INFO - DAG(s) dict_keys(['etl_local_to_gcs_to_bigquery_api']) retrieved from /opt/airflow/dags/etl_gcs_to_bq_api.py
[2023-12-10T15:37:48.089+0000] {logging_mixin.py:154} INFO - [2023-12-10T15:37:48.083+0000] {dag.py:2941} INFO - Sync 1 DAGs
[2023-12-10T15:37:48.219+0000] {logging_mixin.py:154} INFO - [2023-12-10T15:37:48.219+0000] {dag.py:3722} INFO - Setting next_dagrun for etl_local_to_gcs_to_bigquery_api to 2023-12-10T00:00:00+00:00, run_after=2023-12-11T00:00:00+00:00
[2023-12-10T15:37:48.263+0000] {processor.py:179} INFO - Processing /opt/airflow/dags/etl_gcs_to_bq_api.py took 0.398 seconds
[2023-12-10T15:48:45.265+0000] {processor.py:157} INFO - Started process (PID=37) to work on /opt/airflow/dags/etl_gcs_to_bq_api.py
[2023-12-10T15:48:45.277+0000] {processor.py:829} INFO - Processing file /opt/airflow/dags/etl_gcs_to_bq_api.py for tasks to queue
[2023-12-10T15:48:45.299+0000] {logging_mixin.py:154} INFO - [2023-12-10T15:48:45.298+0000] {dagbag.py:536} INFO - Filling up the DagBag from /opt/airflow/dags/etl_gcs_to_bq_api.py
[2023-12-10T15:48:45.605+0000] {processor.py:839} INFO - DAG(s) dict_keys(['etl_local_to_gcs_to_bigquery_api']) retrieved from /opt/airflow/dags/etl_gcs_to_bq_api.py
[2023-12-10T15:48:46.557+0000] {logging_mixin.py:154} INFO - [2023-12-10T15:48:46.554+0000] {dag.py:2941} INFO - Sync 1 DAGs
[2023-12-10T15:48:47.829+0000] {logging_mixin.py:154} INFO - [2023-12-10T15:48:47.829+0000] {dag.py:3722} INFO - Setting next_dagrun for etl_local_to_gcs_to_bigquery_api to 2023-12-10T00:00:00+00:00, run_after=2023-12-11T00:00:00+00:00
[2023-12-10T15:48:47.951+0000] {processor.py:179} INFO - Processing /opt/airflow/dags/etl_gcs_to_bq_api.py took 2.711 seconds
[2023-12-10T15:49:18.274+0000] {processor.py:157} INFO - Started process (PID=47) to work on /opt/airflow/dags/etl_gcs_to_bq_api.py
[2023-12-10T15:49:18.279+0000] {processor.py:829} INFO - Processing file /opt/airflow/dags/etl_gcs_to_bq_api.py for tasks to queue
[2023-12-10T15:49:18.288+0000] {logging_mixin.py:154} INFO - [2023-12-10T15:49:18.287+0000] {dagbag.py:536} INFO - Filling up the DagBag from /opt/airflow/dags/etl_gcs_to_bq_api.py
[2023-12-10T15:49:18.312+0000] {processor.py:839} INFO - DAG(s) dict_keys(['etl_local_to_gcs_to_bigquery_api']) retrieved from /opt/airflow/dags/etl_gcs_to_bq_api.py
[2023-12-10T15:49:18.350+0000] {logging_mixin.py:154} INFO - [2023-12-10T15:49:18.349+0000] {dag.py:2941} INFO - Sync 1 DAGs
[2023-12-10T15:49:18.395+0000] {logging_mixin.py:154} INFO - [2023-12-10T15:49:18.394+0000] {dag.py:3722} INFO - Setting next_dagrun for etl_local_to_gcs_to_bigquery_api to 2023-12-10T00:00:00+00:00, run_after=2023-12-11T00:00:00+00:00
[2023-12-10T15:49:18.422+0000] {processor.py:179} INFO - Processing /opt/airflow/dags/etl_gcs_to_bq_api.py took 0.158 seconds
[2023-12-10T15:49:48.887+0000] {processor.py:157} INFO - Started process (PID=57) to work on /opt/airflow/dags/etl_gcs_to_bq_api.py
[2023-12-10T15:49:48.890+0000] {processor.py:829} INFO - Processing file /opt/airflow/dags/etl_gcs_to_bq_api.py for tasks to queue
[2023-12-10T15:49:48.899+0000] {logging_mixin.py:154} INFO - [2023-12-10T15:49:48.897+0000] {dagbag.py:536} INFO - Filling up the DagBag from /opt/airflow/dags/etl_gcs_to_bq_api.py
[2023-12-10T15:49:48.963+0000] {processor.py:839} INFO - DAG(s) dict_keys(['etl_local_to_gcs_to_bigquery_api']) retrieved from /opt/airflow/dags/etl_gcs_to_bq_api.py
[2023-12-10T15:49:49.046+0000] {logging_mixin.py:154} INFO - [2023-12-10T15:49:49.044+0000] {dag.py:2941} INFO - Sync 1 DAGs
[2023-12-10T15:49:49.117+0000] {logging_mixin.py:154} INFO - [2023-12-10T15:49:49.116+0000] {dag.py:3722} INFO - Setting next_dagrun for etl_local_to_gcs_to_bigquery_api to 2023-12-10T00:00:00+00:00, run_after=2023-12-11T00:00:00+00:00
[2023-12-10T15:49:49.166+0000] {processor.py:179} INFO - Processing /opt/airflow/dags/etl_gcs_to_bq_api.py took 0.287 seconds
[2023-12-10T15:49:53.243+0000] {processor.py:157} INFO - Started process (PID=59) to work on /opt/airflow/dags/etl_gcs_to_bq_api.py
[2023-12-10T15:49:53.244+0000] {processor.py:829} INFO - Processing file /opt/airflow/dags/etl_gcs_to_bq_api.py for tasks to queue
[2023-12-10T15:49:53.248+0000] {logging_mixin.py:154} INFO - [2023-12-10T15:49:53.248+0000] {dagbag.py:536} INFO - Filling up the DagBag from /opt/airflow/dags/etl_gcs_to_bq_api.py
[2023-12-10T15:49:53.275+0000] {processor.py:839} INFO - DAG(s) dict_keys(['etl_local_to_gcs_to_bigquery_api']) retrieved from /opt/airflow/dags/etl_gcs_to_bq_api.py
[2023-12-10T15:49:53.311+0000] {logging_mixin.py:154} INFO - [2023-12-10T15:49:53.311+0000] {dag.py:2941} INFO - Sync 1 DAGs
[2023-12-10T15:49:53.348+0000] {logging_mixin.py:154} INFO - [2023-12-10T15:49:53.348+0000] {dag.py:3722} INFO - Setting next_dagrun for etl_local_to_gcs_to_bigquery_api to 2023-12-10T00:00:00+00:00, run_after=2023-12-11T00:00:00+00:00
[2023-12-10T15:49:53.391+0000] {processor.py:179} INFO - Processing /opt/airflow/dags/etl_gcs_to_bq_api.py took 0.154 seconds
[2023-12-10T15:50:23.648+0000] {processor.py:157} INFO - Started process (PID=69) to work on /opt/airflow/dags/etl_gcs_to_bq_api.py
[2023-12-10T15:50:23.650+0000] {processor.py:829} INFO - Processing file /opt/airflow/dags/etl_gcs_to_bq_api.py for tasks to queue
[2023-12-10T15:50:23.657+0000] {logging_mixin.py:154} INFO - [2023-12-10T15:50:23.656+0000] {dagbag.py:536} INFO - Filling up the DagBag from /opt/airflow/dags/etl_gcs_to_bq_api.py
[2023-12-10T15:50:23.683+0000] {processor.py:839} INFO - DAG(s) dict_keys(['etl_local_to_gcs_to_bigquery_api']) retrieved from /opt/airflow/dags/etl_gcs_to_bq_api.py
[2023-12-10T15:50:23.753+0000] {logging_mixin.py:154} INFO - [2023-12-10T15:50:23.751+0000] {dag.py:2941} INFO - Sync 1 DAGs
[2023-12-10T15:50:23.833+0000] {logging_mixin.py:154} INFO - [2023-12-10T15:50:23.833+0000] {dag.py:3722} INFO - Setting next_dagrun for etl_local_to_gcs_to_bigquery_api to 2023-12-10T00:00:00+00:00, run_after=2023-12-11T00:00:00+00:00
[2023-12-10T15:50:23.881+0000] {processor.py:179} INFO - Processing /opt/airflow/dags/etl_gcs_to_bq_api.py took 0.238 seconds
[2023-12-10T15:50:54.004+0000] {processor.py:157} INFO - Started process (PID=78) to work on /opt/airflow/dags/etl_gcs_to_bq_api.py
[2023-12-10T15:50:54.008+0000] {processor.py:829} INFO - Processing file /opt/airflow/dags/etl_gcs_to_bq_api.py for tasks to queue
[2023-12-10T15:50:54.015+0000] {logging_mixin.py:154} INFO - [2023-12-10T15:50:54.014+0000] {dagbag.py:536} INFO - Filling up the DagBag from /opt/airflow/dags/etl_gcs_to_bq_api.py
[2023-12-10T15:50:54.058+0000] {processor.py:839} INFO - DAG(s) dict_keys(['etl_local_to_gcs_to_bigquery_api']) retrieved from /opt/airflow/dags/etl_gcs_to_bq_api.py
[2023-12-10T15:50:54.096+0000] {logging_mixin.py:154} INFO - [2023-12-10T15:50:54.095+0000] {dag.py:2941} INFO - Sync 1 DAGs
[2023-12-10T15:50:54.130+0000] {logging_mixin.py:154} INFO - [2023-12-10T15:50:54.130+0000] {dag.py:3722} INFO - Setting next_dagrun for etl_local_to_gcs_to_bigquery_api to 2023-12-10T00:00:00+00:00, run_after=2023-12-11T00:00:00+00:00
[2023-12-10T15:50:54.159+0000] {processor.py:179} INFO - Processing /opt/airflow/dags/etl_gcs_to_bq_api.py took 0.164 seconds
[2023-12-10T15:51:24.433+0000] {processor.py:157} INFO - Started process (PID=88) to work on /opt/airflow/dags/etl_gcs_to_bq_api.py
[2023-12-10T15:51:24.435+0000] {processor.py:829} INFO - Processing file /opt/airflow/dags/etl_gcs_to_bq_api.py for tasks to queue
[2023-12-10T15:51:24.447+0000] {logging_mixin.py:154} INFO - [2023-12-10T15:51:24.447+0000] {dagbag.py:536} INFO - Filling up the DagBag from /opt/airflow/dags/etl_gcs_to_bq_api.py
[2023-12-10T15:51:24.482+0000] {processor.py:839} INFO - DAG(s) dict_keys(['etl_local_to_gcs_to_bigquery_api']) retrieved from /opt/airflow/dags/etl_gcs_to_bq_api.py
[2023-12-10T15:51:24.551+0000] {logging_mixin.py:154} INFO - [2023-12-10T15:51:24.550+0000] {dag.py:2941} INFO - Sync 1 DAGs
[2023-12-10T15:51:24.628+0000] {logging_mixin.py:154} INFO - [2023-12-10T15:51:24.624+0000] {dag.py:3722} INFO - Setting next_dagrun for etl_local_to_gcs_to_bigquery_api to 2023-12-10T00:00:00+00:00, run_after=2023-12-11T00:00:00+00:00
[2023-12-10T15:51:25.321+0000] {processor.py:179} INFO - Processing /opt/airflow/dags/etl_gcs_to_bq_api.py took 0.900 seconds
[2023-12-10T15:51:56.056+0000] {processor.py:157} INFO - Started process (PID=105) to work on /opt/airflow/dags/etl_gcs_to_bq_api.py
[2023-12-10T15:51:56.060+0000] {processor.py:829} INFO - Processing file /opt/airflow/dags/etl_gcs_to_bq_api.py for tasks to queue
[2023-12-10T15:51:56.068+0000] {logging_mixin.py:154} INFO - [2023-12-10T15:51:56.067+0000] {dagbag.py:536} INFO - Filling up the DagBag from /opt/airflow/dags/etl_gcs_to_bq_api.py
[2023-12-10T15:51:56.100+0000] {processor.py:839} INFO - DAG(s) dict_keys(['etl_local_to_gcs_to_bigquery_api']) retrieved from /opt/airflow/dags/etl_gcs_to_bq_api.py
[2023-12-10T15:51:56.158+0000] {logging_mixin.py:154} INFO - [2023-12-10T15:51:56.156+0000] {dag.py:2941} INFO - Sync 1 DAGs
[2023-12-10T15:51:56.218+0000] {logging_mixin.py:154} INFO - [2023-12-10T15:51:56.217+0000] {dag.py:3722} INFO - Setting next_dagrun for etl_local_to_gcs_to_bigquery_api to 2023-12-10T00:00:00+00:00, run_after=2023-12-11T00:00:00+00:00
[2023-12-10T15:51:56.273+0000] {processor.py:179} INFO - Processing /opt/airflow/dags/etl_gcs_to_bq_api.py took 0.224 seconds
[2023-12-10T15:52:26.593+0000] {processor.py:157} INFO - Started process (PID=115) to work on /opt/airflow/dags/etl_gcs_to_bq_api.py
[2023-12-10T15:52:26.594+0000] {processor.py:829} INFO - Processing file /opt/airflow/dags/etl_gcs_to_bq_api.py for tasks to queue
[2023-12-10T15:52:26.600+0000] {logging_mixin.py:154} INFO - [2023-12-10T15:52:26.599+0000] {dagbag.py:536} INFO - Filling up the DagBag from /opt/airflow/dags/etl_gcs_to_bq_api.py
[2023-12-10T15:52:26.619+0000] {processor.py:839} INFO - DAG(s) dict_keys(['etl_local_to_gcs_to_bigquery_api']) retrieved from /opt/airflow/dags/etl_gcs_to_bq_api.py
[2023-12-10T15:52:26.669+0000] {logging_mixin.py:154} INFO - [2023-12-10T15:52:26.668+0000] {dag.py:2941} INFO - Sync 1 DAGs
[2023-12-10T15:52:26.703+0000] {logging_mixin.py:154} INFO - [2023-12-10T15:52:26.703+0000] {dag.py:3722} INFO - Setting next_dagrun for etl_local_to_gcs_to_bigquery_api to 2023-12-10T00:00:00+00:00, run_after=2023-12-11T00:00:00+00:00
[2023-12-10T15:52:26.734+0000] {processor.py:179} INFO - Processing /opt/airflow/dags/etl_gcs_to_bq_api.py took 0.148 seconds
