[2023-12-04T18:26:53.252+0000] {taskinstance.py:1159} INFO - Dependencies all met for dep_context=non-requeueable deps ti=<TaskInstance: etl_local_to_psql.ingest_task scheduled__2023-09-02T06:00:00+00:00 [queued]>
[2023-12-04T18:26:53.370+0000] {taskinstance.py:1159} INFO - Dependencies all met for dep_context=requeueable deps ti=<TaskInstance: etl_local_to_psql.ingest_task scheduled__2023-09-02T06:00:00+00:00 [queued]>
[2023-12-04T18:26:53.371+0000] {taskinstance.py:1361} INFO - Starting attempt 1 of 1
[2023-12-04T18:26:53.508+0000] {taskinstance.py:1382} INFO - Executing <Task(BashOperator): ingest_task> on 2023-09-02 06:00:00+00:00
[2023-12-04T18:26:53.566+0000] {standard_task_runner.py:57} INFO - Started process 1427 to run task
[2023-12-04T18:26:53.597+0000] {standard_task_runner.py:84} INFO - Running: ['***', 'tasks', 'run', 'etl_local_to_psql', 'ingest_task', 'scheduled__2023-09-02T06:00:00+00:00', '--job-id', '36', '--raw', '--subdir', 'DAGS_FOLDER/etl_local_to_psql.py', '--cfg-path', '/tmp/tmpt_8xpjxl']
[2023-12-04T18:26:53.609+0000] {standard_task_runner.py:85} INFO - Job 36: Subtask ingest_task
[2023-12-04T18:26:54.086+0000] {task_command.py:416} INFO - Running <TaskInstance: etl_local_to_psql.ingest_task scheduled__2023-09-02T06:00:00+00:00 [running]> on host 9ac898278c26
[2023-12-04T18:26:54.608+0000] {taskinstance.py:1662} INFO - Exporting env vars: AIRFLOW_CTX_DAG_OWNER='***' AIRFLOW_CTX_DAG_ID='etl_local_to_psql' AIRFLOW_CTX_TASK_ID='ingest_task' AIRFLOW_CTX_EXECUTION_DATE='2023-09-02T06:00:00+00:00' AIRFLOW_CTX_TRY_NUMBER='1' AIRFLOW_CTX_DAG_RUN_ID='scheduled__2023-09-02T06:00:00+00:00'
[2023-12-04T18:26:54.621+0000] {subprocess.py:63} INFO - Tmp dir root location: /tmp
[2023-12-04T18:26:54.648+0000] {subprocess.py:75} INFO - Running command: ['/bin/bash', '-c', 'ls /opt/***']
[2023-12-04T18:26:54.744+0000] {subprocess.py:86} INFO - Output:
[2023-12-04T18:26:54.784+0000] {subprocess.py:93} INFO - ***-worker.pid
[2023-12-04T18:26:54.786+0000] {subprocess.py:93} INFO - ***.cfg
[2023-12-04T18:26:54.789+0000] {subprocess.py:93} INFO - dags
[2023-12-04T18:26:54.791+0000] {subprocess.py:93} INFO - dataset
[2023-12-04T18:26:54.793+0000] {subprocess.py:93} INFO - logs
[2023-12-04T18:26:54.794+0000] {subprocess.py:93} INFO - output.parquet
[2023-12-04T18:26:54.797+0000] {subprocess.py:93} INFO - plugins
[2023-12-04T18:26:54.800+0000] {subprocess.py:93} INFO - requirements.txt
[2023-12-04T18:26:54.808+0000] {subprocess.py:93} INFO - scripts
[2023-12-04T18:26:54.809+0000] {subprocess.py:93} INFO - webserver_config.py
[2023-12-04T18:26:54.813+0000] {subprocess.py:97} INFO - Command exited with return code 0
[2023-12-04T18:26:54.926+0000] {taskinstance.py:1400} INFO - Marking task as SUCCESS. dag_id=etl_local_to_psql, task_id=ingest_task, execution_date=20230902T060000, start_date=20231204T182653, end_date=20231204T182654
[2023-12-04T18:26:55.060+0000] {local_task_job_runner.py:228} INFO - Task exited with return code 0
[2023-12-04T18:26:55.183+0000] {taskinstance.py:2778} INFO - 0 downstream tasks scheduled from follow-on schedule check
