[2023-12-04T18:26:45.555+0000] {taskinstance.py:1159} INFO - Dependencies all met for dep_context=non-requeueable deps ti=<TaskInstance: etl_local_to_psql.ingest_task scheduled__2023-01-02T06:00:00+00:00 [queued]>
[2023-12-04T18:26:45.658+0000] {taskinstance.py:1159} INFO - Dependencies all met for dep_context=requeueable deps ti=<TaskInstance: etl_local_to_psql.ingest_task scheduled__2023-01-02T06:00:00+00:00 [queued]>
[2023-12-04T18:26:45.667+0000] {taskinstance.py:1361} INFO - Starting attempt 1 of 1
[2023-12-04T18:26:45.838+0000] {taskinstance.py:1382} INFO - Executing <Task(BashOperator): ingest_task> on 2023-01-02 06:00:00+00:00
[2023-12-04T18:26:45.877+0000] {standard_task_runner.py:57} INFO - Started process 1407 to run task
[2023-12-04T18:26:46.155+0000] {standard_task_runner.py:84} INFO - Running: ['***', 'tasks', 'run', 'etl_local_to_psql', 'ingest_task', 'scheduled__2023-01-02T06:00:00+00:00', '--job-id', '28', '--raw', '--subdir', 'DAGS_FOLDER/etl_local_to_psql.py', '--cfg-path', '/tmp/tmpg5dyrq52']
[2023-12-04T18:26:46.169+0000] {standard_task_runner.py:85} INFO - Job 28: Subtask ingest_task
[2023-12-04T18:26:46.914+0000] {task_command.py:416} INFO - Running <TaskInstance: etl_local_to_psql.ingest_task scheduled__2023-01-02T06:00:00+00:00 [running]> on host 9ac898278c26
[2023-12-04T18:26:48.189+0000] {taskinstance.py:1662} INFO - Exporting env vars: AIRFLOW_CTX_DAG_OWNER='***' AIRFLOW_CTX_DAG_ID='etl_local_to_psql' AIRFLOW_CTX_TASK_ID='ingest_task' AIRFLOW_CTX_EXECUTION_DATE='2023-01-02T06:00:00+00:00' AIRFLOW_CTX_TRY_NUMBER='1' AIRFLOW_CTX_DAG_RUN_ID='scheduled__2023-01-02T06:00:00+00:00'
[2023-12-04T18:26:48.215+0000] {subprocess.py:63} INFO - Tmp dir root location: /tmp
[2023-12-04T18:26:48.235+0000] {subprocess.py:75} INFO - Running command: ['/bin/bash', '-c', 'ls /opt/***']
[2023-12-04T18:26:48.769+0000] {subprocess.py:86} INFO - Output:
[2023-12-04T18:26:48.934+0000] {subprocess.py:93} INFO - ***-worker.pid
[2023-12-04T18:26:48.935+0000] {subprocess.py:93} INFO - ***.cfg
[2023-12-04T18:26:48.943+0000] {subprocess.py:93} INFO - dags
[2023-12-04T18:26:48.946+0000] {subprocess.py:93} INFO - dataset
[2023-12-04T18:26:48.953+0000] {subprocess.py:93} INFO - logs
[2023-12-04T18:26:48.955+0000] {subprocess.py:93} INFO - output.parquet
[2023-12-04T18:26:48.958+0000] {subprocess.py:93} INFO - plugins
[2023-12-04T18:26:48.959+0000] {subprocess.py:93} INFO - requirements.txt
[2023-12-04T18:26:49.002+0000] {subprocess.py:93} INFO - scripts
[2023-12-04T18:26:49.008+0000] {subprocess.py:93} INFO - webserver_config.py
[2023-12-04T18:26:49.037+0000] {subprocess.py:97} INFO - Command exited with return code 0
[2023-12-04T18:26:49.497+0000] {taskinstance.py:1400} INFO - Marking task as SUCCESS. dag_id=etl_local_to_psql, task_id=ingest_task, execution_date=20230102T060000, start_date=20231204T182645, end_date=20231204T182649
[2023-12-04T18:26:49.849+0000] {local_task_job_runner.py:228} INFO - Task exited with return code 0
[2023-12-04T18:26:50.204+0000] {taskinstance.py:2778} INFO - 0 downstream tasks scheduled from follow-on schedule check
