[2023-12-04T18:26:53.453+0000] {taskinstance.py:1159} INFO - Dependencies all met for dep_context=non-requeueable deps ti=<TaskInstance: etl_local_to_psql.ingest_task scheduled__2023-11-02T06:00:00+00:00 [queued]>
[2023-12-04T18:26:53.568+0000] {taskinstance.py:1159} INFO - Dependencies all met for dep_context=requeueable deps ti=<TaskInstance: etl_local_to_psql.ingest_task scheduled__2023-11-02T06:00:00+00:00 [queued]>
[2023-12-04T18:26:53.575+0000] {taskinstance.py:1361} INFO - Starting attempt 1 of 1
[2023-12-04T18:26:53.680+0000] {taskinstance.py:1382} INFO - Executing <Task(BashOperator): ingest_task> on 2023-11-02 06:00:00+00:00
[2023-12-04T18:26:53.726+0000] {standard_task_runner.py:57} INFO - Started process 1428 to run task
[2023-12-04T18:26:53.771+0000] {standard_task_runner.py:84} INFO - Running: ['***', 'tasks', 'run', 'etl_local_to_psql', 'ingest_task', 'scheduled__2023-11-02T06:00:00+00:00', '--job-id', '38', '--raw', '--subdir', 'DAGS_FOLDER/etl_local_to_psql.py', '--cfg-path', '/tmp/tmpotw86hn5']
[2023-12-04T18:26:53.784+0000] {standard_task_runner.py:85} INFO - Job 38: Subtask ingest_task
[2023-12-04T18:26:54.145+0000] {task_command.py:416} INFO - Running <TaskInstance: etl_local_to_psql.ingest_task scheduled__2023-11-02T06:00:00+00:00 [running]> on host 9ac898278c26
[2023-12-04T18:26:54.681+0000] {taskinstance.py:1662} INFO - Exporting env vars: AIRFLOW_CTX_DAG_OWNER='***' AIRFLOW_CTX_DAG_ID='etl_local_to_psql' AIRFLOW_CTX_TASK_ID='ingest_task' AIRFLOW_CTX_EXECUTION_DATE='2023-11-02T06:00:00+00:00' AIRFLOW_CTX_TRY_NUMBER='1' AIRFLOW_CTX_DAG_RUN_ID='scheduled__2023-11-02T06:00:00+00:00'
[2023-12-04T18:26:54.693+0000] {subprocess.py:63} INFO - Tmp dir root location: /tmp
[2023-12-04T18:26:54.696+0000] {subprocess.py:75} INFO - Running command: ['/bin/bash', '-c', 'ls /opt/***']
[2023-12-04T18:26:54.826+0000] {subprocess.py:86} INFO - Output:
[2023-12-04T18:26:54.836+0000] {subprocess.py:93} INFO - ***-worker.pid
[2023-12-04T18:26:54.837+0000] {subprocess.py:93} INFO - ***.cfg
[2023-12-04T18:26:54.843+0000] {subprocess.py:93} INFO - dags
[2023-12-04T18:26:54.843+0000] {subprocess.py:93} INFO - dataset
[2023-12-04T18:26:54.846+0000] {subprocess.py:93} INFO - logs
[2023-12-04T18:26:54.848+0000] {subprocess.py:93} INFO - output.parquet
[2023-12-04T18:26:54.849+0000] {subprocess.py:93} INFO - plugins
[2023-12-04T18:26:54.858+0000] {subprocess.py:93} INFO - requirements.txt
[2023-12-04T18:26:54.862+0000] {subprocess.py:93} INFO - scripts
[2023-12-04T18:26:54.864+0000] {subprocess.py:93} INFO - webserver_config.py
[2023-12-04T18:26:54.866+0000] {subprocess.py:97} INFO - Command exited with return code 0
[2023-12-04T18:26:54.946+0000] {taskinstance.py:1400} INFO - Marking task as SUCCESS. dag_id=etl_local_to_psql, task_id=ingest_task, execution_date=20231102T060000, start_date=20231204T182653, end_date=20231204T182654
[2023-12-04T18:26:55.079+0000] {local_task_job_runner.py:228} INFO - Task exited with return code 0
[2023-12-04T18:26:55.212+0000] {taskinstance.py:2778} INFO - 0 downstream tasks scheduled from follow-on schedule check
