[2023-12-14T11:04:20.823+0000] {taskinstance.py:1159} INFO - Dependencies all met for dep_context=non-requeueable deps ti=<TaskInstance: etl_local_to_gcs_to_bigquery.loads_raw_data_to_gcs.upload_raw_data_2021_to_gcs manual__2023-12-14T11:02:33.751879+00:00 [queued]>
[2023-12-14T11:04:20.846+0000] {taskinstance.py:1159} INFO - Dependencies all met for dep_context=requeueable deps ti=<TaskInstance: etl_local_to_gcs_to_bigquery.loads_raw_data_to_gcs.upload_raw_data_2021_to_gcs manual__2023-12-14T11:02:33.751879+00:00 [queued]>
[2023-12-14T11:04:20.848+0000] {taskinstance.py:1361} INFO - Starting attempt 1 of 1
[2023-12-14T11:04:20.882+0000] {taskinstance.py:1382} INFO - Executing <Task(PythonOperator): loads_raw_data_to_gcs.upload_raw_data_2021_to_gcs> on 2023-12-14 11:02:33.751879+00:00
[2023-12-14T11:04:20.892+0000] {standard_task_runner.py:57} INFO - Started process 2558 to run task
[2023-12-14T11:04:20.899+0000] {standard_task_runner.py:84} INFO - Running: ['***', 'tasks', 'run', 'etl_local_to_gcs_to_bigquery', 'loads_raw_data_to_gcs.upload_raw_data_2021_to_gcs', 'manual__2023-12-14T11:02:33.751879+00:00', '--job-id', '303', '--raw', '--subdir', 'DAGS_FOLDER/etl_gcs_to_bq.py', '--cfg-path', '/tmp/tmpxwz2_9ah']
[2023-12-14T11:04:20.903+0000] {standard_task_runner.py:85} INFO - Job 303: Subtask loads_raw_data_to_gcs.upload_raw_data_2021_to_gcs
[2023-12-14T11:04:20.967+0000] {task_command.py:416} INFO - Running <TaskInstance: etl_local_to_gcs_to_bigquery.loads_raw_data_to_gcs.upload_raw_data_2021_to_gcs manual__2023-12-14T11:02:33.751879+00:00 [running]> on host c0a30b49a736
[2023-12-14T11:04:21.082+0000] {taskinstance.py:1662} INFO - Exporting env vars: AIRFLOW_CTX_DAG_OWNER='***' AIRFLOW_CTX_DAG_ID='etl_local_to_gcs_to_bigquery' AIRFLOW_CTX_TASK_ID='loads_raw_data_to_gcs.upload_raw_data_2021_to_gcs' AIRFLOW_CTX_EXECUTION_DATE='2023-12-14T11:02:33.751879+00:00' AIRFLOW_CTX_TRY_NUMBER='1' AIRFLOW_CTX_DAG_RUN_ID='manual__2023-12-14T11:02:33.751879+00:00'
[2023-12-14T11:04:21.089+0000] {crypto.py:82} WARNING - empty cryptography key - values will not be stored encrypted.
[2023-12-14T11:04:21.091+0000] {connection.py:232} WARNING - Connection schemes (type: google_cloud_platform) shall not contain '_' according to RFC3986.
[2023-12-14T11:04:21.097+0000] {base.py:73} INFO - Using connection ID 'google_cloud_default' for task execution.
[2023-12-14T11:04:22.148+0000] {gcs.py:562} INFO - File /opt/***/dataset/raw/Indeks-Standar-Pencemar-Udara-di-SPKU-Bulan-Januari-Tahun-2021.csv uploaded to raw/Indeks-Standar-Pencemar-Udara-di-SPKU-Bulan-Januari-Tahun-2021.csv in ampun_puh_sepuh bucket
[2023-12-14T11:04:22.151+0000] {connection.py:232} WARNING - Connection schemes (type: google_cloud_platform) shall not contain '_' according to RFC3986.
[2023-12-14T11:04:22.156+0000] {base.py:73} INFO - Using connection ID 'google_cloud_default' for task execution.
[2023-12-14T11:04:23.076+0000] {gcs.py:562} INFO - File /opt/***/dataset/raw/Indeks-Standar-Pencemar-Udara-di-SPKU-Bulan-Februari-Tahun-2021.csv uploaded to raw/Indeks-Standar-Pencemar-Udara-di-SPKU-Bulan-Februari-Tahun-2021.csv in ampun_puh_sepuh bucket
[2023-12-14T11:04:23.080+0000] {connection.py:232} WARNING - Connection schemes (type: google_cloud_platform) shall not contain '_' according to RFC3986.
[2023-12-14T11:04:23.084+0000] {base.py:73} INFO - Using connection ID 'google_cloud_default' for task execution.
[2023-12-14T11:04:24.032+0000] {gcs.py:562} INFO - File /opt/***/dataset/raw/Indeks-Standar-Pencemar-Udara-di-SPKU-Bulan-Maret-Tahun-2021.csv uploaded to raw/Indeks-Standar-Pencemar-Udara-di-SPKU-Bulan-Maret-Tahun-2021.csv in ampun_puh_sepuh bucket
[2023-12-14T11:04:24.036+0000] {connection.py:232} WARNING - Connection schemes (type: google_cloud_platform) shall not contain '_' according to RFC3986.
[2023-12-14T11:04:24.038+0000] {base.py:73} INFO - Using connection ID 'google_cloud_default' for task execution.
[2023-12-14T11:04:25.225+0000] {gcs.py:562} INFO - File /opt/***/dataset/raw/Indeks-Standar-Pencemar-Udara-di-SPKU-Bulan-April-Tahun-2021.csv uploaded to raw/Indeks-Standar-Pencemar-Udara-di-SPKU-Bulan-April-Tahun-2021.csv in ampun_puh_sepuh bucket
[2023-12-14T11:04:25.230+0000] {connection.py:232} WARNING - Connection schemes (type: google_cloud_platform) shall not contain '_' according to RFC3986.
[2023-12-14T11:04:25.232+0000] {base.py:73} INFO - Using connection ID 'google_cloud_default' for task execution.
[2023-12-14T11:04:26.352+0000] {gcs.py:562} INFO - File /opt/***/dataset/raw/Indeks-Standar-Pencemar-Udara-di-SPKU-Bulan-Mei-Tahun-2021.csv uploaded to raw/Indeks-Standar-Pencemar-Udara-di-SPKU-Bulan-Mei-Tahun-2021.csv in ampun_puh_sepuh bucket
[2023-12-14T11:04:26.357+0000] {connection.py:232} WARNING - Connection schemes (type: google_cloud_platform) shall not contain '_' according to RFC3986.
[2023-12-14T11:04:26.358+0000] {base.py:73} INFO - Using connection ID 'google_cloud_default' for task execution.
[2023-12-14T11:04:27.260+0000] {gcs.py:562} INFO - File /opt/***/dataset/raw/Indeks-Standar-Pencemar-Udara-di-SPKU-Bulan-Juni-Tahun-2021.csv uploaded to raw/Indeks-Standar-Pencemar-Udara-di-SPKU-Bulan-Juni-Tahun-2021.csv in ampun_puh_sepuh bucket
[2023-12-14T11:04:27.264+0000] {connection.py:232} WARNING - Connection schemes (type: google_cloud_platform) shall not contain '_' according to RFC3986.
[2023-12-14T11:04:27.267+0000] {base.py:73} INFO - Using connection ID 'google_cloud_default' for task execution.
[2023-12-14T11:04:28.189+0000] {gcs.py:562} INFO - File /opt/***/dataset/raw/Indeks-Standar-Pencemar-Udara-di-SPKU-Bulan-Juli-Tahun-2021.csv uploaded to raw/Indeks-Standar-Pencemar-Udara-di-SPKU-Bulan-Juli-Tahun-2021.csv in ampun_puh_sepuh bucket
[2023-12-14T11:04:28.192+0000] {connection.py:232} WARNING - Connection schemes (type: google_cloud_platform) shall not contain '_' according to RFC3986.
[2023-12-14T11:04:28.194+0000] {base.py:73} INFO - Using connection ID 'google_cloud_default' for task execution.
[2023-12-14T11:04:29.316+0000] {gcs.py:562} INFO - File /opt/***/dataset/raw/Indeks-Standar-Pencemar-Udara-di-SPKU-Bulan-Agustus-Tahun-2021.csv uploaded to raw/Indeks-Standar-Pencemar-Udara-di-SPKU-Bulan-Agustus-Tahun-2021.csv in ampun_puh_sepuh bucket
[2023-12-14T11:04:29.320+0000] {connection.py:232} WARNING - Connection schemes (type: google_cloud_platform) shall not contain '_' according to RFC3986.
[2023-12-14T11:04:29.321+0000] {base.py:73} INFO - Using connection ID 'google_cloud_default' for task execution.
[2023-12-14T11:04:30.237+0000] {gcs.py:562} INFO - File /opt/***/dataset/raw/Indeks-Standar-Pencemar-Udara-di-SPKU-Bulan-September-Tahun-2021.csv uploaded to raw/Indeks-Standar-Pencemar-Udara-di-SPKU-Bulan-September-Tahun-2021.csv in ampun_puh_sepuh bucket
[2023-12-14T11:04:30.241+0000] {connection.py:232} WARNING - Connection schemes (type: google_cloud_platform) shall not contain '_' according to RFC3986.
[2023-12-14T11:04:30.244+0000] {base.py:73} INFO - Using connection ID 'google_cloud_default' for task execution.
[2023-12-14T11:04:31.165+0000] {gcs.py:562} INFO - File /opt/***/dataset/raw/Indeks-Standar-Pencemar-Udara-di-SPKU-Bulan-Oktober-Tahun-2021.csv uploaded to raw/Indeks-Standar-Pencemar-Udara-di-SPKU-Bulan-Oktober-Tahun-2021.csv in ampun_puh_sepuh bucket
[2023-12-14T11:04:31.171+0000] {connection.py:232} WARNING - Connection schemes (type: google_cloud_platform) shall not contain '_' according to RFC3986.
[2023-12-14T11:04:31.174+0000] {base.py:73} INFO - Using connection ID 'google_cloud_default' for task execution.
[2023-12-14T11:04:32.392+0000] {gcs.py:562} INFO - File /opt/***/dataset/raw/Indeks-Standar-Pencemar-Udara-di-SPKU-Bulan-November-Tahun-2021.csv uploaded to raw/Indeks-Standar-Pencemar-Udara-di-SPKU-Bulan-November-Tahun-2021.csv in ampun_puh_sepuh bucket
[2023-12-14T11:04:32.399+0000] {connection.py:232} WARNING - Connection schemes (type: google_cloud_platform) shall not contain '_' according to RFC3986.
[2023-12-14T11:04:32.404+0000] {base.py:73} INFO - Using connection ID 'google_cloud_default' for task execution.
[2023-12-14T11:04:33.411+0000] {gcs.py:562} INFO - File /opt/***/dataset/raw/Indeks-Standar-Pencemar-Udara-di-SPKU-Bulan-Desember-Tahun-2021.csv uploaded to raw/Indeks-Standar-Pencemar-Udara-di-SPKU-Bulan-Desember-Tahun-2021.csv in ampun_puh_sepuh bucket
[2023-12-14T11:04:33.413+0000] {python.py:194} INFO - Done. Returned value was: None
[2023-12-14T11:04:33.447+0000] {taskinstance.py:1400} INFO - Marking task as SUCCESS. dag_id=etl_local_to_gcs_to_bigquery, task_id=loads_raw_data_to_gcs.upload_raw_data_2021_to_gcs, execution_date=20231214T110233, start_date=20231214T110420, end_date=20231214T110433
[2023-12-14T11:04:33.505+0000] {local_task_job_runner.py:228} INFO - Task exited with return code 0
[2023-12-14T11:04:33.614+0000] {taskinstance.py:2778} INFO - 1 downstream tasks scheduled from follow-on schedule check
