[2023-12-07T16:52:36.136+0000] {taskinstance.py:1159} INFO - Dependencies all met for dep_context=non-requeueable deps ti=<TaskInstance: etl_local_to_gcs_to_bigquery.loads_raw_data_to_gcs.upload_raw_data_2016_to_gcs manual__2023-12-07T16:23:04.448993+00:00 [queued]>
[2023-12-07T16:52:36.154+0000] {taskinstance.py:1159} INFO - Dependencies all met for dep_context=requeueable deps ti=<TaskInstance: etl_local_to_gcs_to_bigquery.loads_raw_data_to_gcs.upload_raw_data_2016_to_gcs manual__2023-12-07T16:23:04.448993+00:00 [queued]>
[2023-12-07T16:52:36.154+0000] {taskinstance.py:1361} INFO - Starting attempt 1 of 1
[2023-12-07T16:52:36.176+0000] {taskinstance.py:1382} INFO - Executing <Task(PythonOperator): loads_raw_data_to_gcs.upload_raw_data_2016_to_gcs> on 2023-12-07 16:23:04.448993+00:00
[2023-12-07T16:52:36.188+0000] {standard_task_runner.py:57} INFO - Started process 5970 to run task
[2023-12-07T16:52:36.193+0000] {standard_task_runner.py:84} INFO - Running: ['***', 'tasks', 'run', 'etl_local_to_gcs_to_bigquery', 'loads_raw_data_to_gcs.upload_raw_data_2016_to_gcs', 'manual__2023-12-07T16:23:04.448993+00:00', '--job-id', '178', '--raw', '--subdir', 'DAGS_FOLDER/etl_gcs_to_bq.py', '--cfg-path', '/tmp/tmprgods2xz']
[2023-12-07T16:52:36.198+0000] {standard_task_runner.py:85} INFO - Job 178: Subtask loads_raw_data_to_gcs.upload_raw_data_2016_to_gcs
[2023-12-07T16:52:36.265+0000] {task_command.py:416} INFO - Running <TaskInstance: etl_local_to_gcs_to_bigquery.loads_raw_data_to_gcs.upload_raw_data_2016_to_gcs manual__2023-12-07T16:23:04.448993+00:00 [running]> on host f19d185ad9e6
[2023-12-07T16:52:36.402+0000] {taskinstance.py:1662} INFO - Exporting env vars: AIRFLOW_CTX_DAG_OWNER='***' AIRFLOW_CTX_DAG_ID='etl_local_to_gcs_to_bigquery' AIRFLOW_CTX_TASK_ID='loads_raw_data_to_gcs.upload_raw_data_2016_to_gcs' AIRFLOW_CTX_EXECUTION_DATE='2023-12-07T16:23:04.448993+00:00' AIRFLOW_CTX_TRY_NUMBER='1' AIRFLOW_CTX_DAG_RUN_ID='manual__2023-12-07T16:23:04.448993+00:00'
[2023-12-07T16:52:36.408+0000] {crypto.py:82} WARNING - empty cryptography key - values will not be stored encrypted.
[2023-12-07T16:52:36.409+0000] {connection.py:232} WARNING - Connection schemes (type: google_cloud_platform) shall not contain '_' according to RFC3986.
[2023-12-07T16:52:36.411+0000] {base.py:73} INFO - Using connection ID 'google_cloud_default' for task execution.
[2023-12-07T16:52:37.377+0000] {gcs.py:562} INFO - File /opt/***/dataset/raw/Indeks-Standar-Pencemar-Udara-di-SPKU-Bulan-Januari-Tahun-2016.csv uploaded to raw/Indeks-Standar-Pencemar-Udara-di-SPKU-Bulan-Januari-Tahun-2016.csv in ampun_puh_sepuh bucket
[2023-12-07T16:52:37.380+0000] {connection.py:232} WARNING - Connection schemes (type: google_cloud_platform) shall not contain '_' according to RFC3986.
[2023-12-07T16:52:37.381+0000] {base.py:73} INFO - Using connection ID 'google_cloud_default' for task execution.
[2023-12-07T16:52:38.402+0000] {gcs.py:562} INFO - File /opt/***/dataset/raw/Indeks-Standar-Pencemar-Udara-di-SPKU-Bulan-Februari-Tahun-2016.csv uploaded to raw/Indeks-Standar-Pencemar-Udara-di-SPKU-Bulan-Februari-Tahun-2016.csv in ampun_puh_sepuh bucket
[2023-12-07T16:52:38.407+0000] {connection.py:232} WARNING - Connection schemes (type: google_cloud_platform) shall not contain '_' according to RFC3986.
[2023-12-07T16:52:38.409+0000] {base.py:73} INFO - Using connection ID 'google_cloud_default' for task execution.
[2023-12-07T16:52:39.425+0000] {gcs.py:562} INFO - File /opt/***/dataset/raw/Indeks-Standar-Pencemar-Udara-di-SPKU-Bulan-Maret-Tahun-2016.csv uploaded to raw/Indeks-Standar-Pencemar-Udara-di-SPKU-Bulan-Maret-Tahun-2016.csv in ampun_puh_sepuh bucket
[2023-12-07T16:52:39.428+0000] {connection.py:232} WARNING - Connection schemes (type: google_cloud_platform) shall not contain '_' according to RFC3986.
[2023-12-07T16:52:39.430+0000] {base.py:73} INFO - Using connection ID 'google_cloud_default' for task execution.
[2023-12-07T16:52:40.434+0000] {gcs.py:562} INFO - File /opt/***/dataset/raw/Indeks-Standar-Pencemar-Udara-di-SPKU-Bulan-April-Tahun-2016.csv uploaded to raw/Indeks-Standar-Pencemar-Udara-di-SPKU-Bulan-April-Tahun-2016.csv in ampun_puh_sepuh bucket
[2023-12-07T16:52:40.438+0000] {connection.py:232} WARNING - Connection schemes (type: google_cloud_platform) shall not contain '_' according to RFC3986.
[2023-12-07T16:52:40.441+0000] {base.py:73} INFO - Using connection ID 'google_cloud_default' for task execution.
[2023-12-07T16:52:41.268+0000] {gcs.py:562} INFO - File /opt/***/dataset/raw/Indeks-Standar-Pencemar-Udara-di-SPKU-Bulan-Mei-Tahun-2016.csv uploaded to raw/Indeks-Standar-Pencemar-Udara-di-SPKU-Bulan-Mei-Tahun-2016.csv in ampun_puh_sepuh bucket
[2023-12-07T16:52:41.273+0000] {connection.py:232} WARNING - Connection schemes (type: google_cloud_platform) shall not contain '_' according to RFC3986.
[2023-12-07T16:52:41.277+0000] {base.py:73} INFO - Using connection ID 'google_cloud_default' for task execution.
[2023-12-07T16:52:42.090+0000] {gcs.py:562} INFO - File /opt/***/dataset/raw/Indeks-Standar-Pencemar-Udara-di-SPKU-Bulan-Juni-Tahun-2016.csv uploaded to raw/Indeks-Standar-Pencemar-Udara-di-SPKU-Bulan-Juni-Tahun-2016.csv in ampun_puh_sepuh bucket
[2023-12-07T16:52:42.093+0000] {connection.py:232} WARNING - Connection schemes (type: google_cloud_platform) shall not contain '_' according to RFC3986.
[2023-12-07T16:52:42.096+0000] {base.py:73} INFO - Using connection ID 'google_cloud_default' for task execution.
[2023-12-07T16:52:42.909+0000] {gcs.py:562} INFO - File /opt/***/dataset/raw/Indeks-Standar-Pencemar-Udara-di-SPKU-Bulan-Juli-Tahun-2016.csv uploaded to raw/Indeks-Standar-Pencemar-Udara-di-SPKU-Bulan-Juli-Tahun-2016.csv in ampun_puh_sepuh bucket
[2023-12-07T16:52:42.914+0000] {connection.py:232} WARNING - Connection schemes (type: google_cloud_platform) shall not contain '_' according to RFC3986.
[2023-12-07T16:52:42.916+0000] {base.py:73} INFO - Using connection ID 'google_cloud_default' for task execution.
[2023-12-07T16:52:43.931+0000] {gcs.py:562} INFO - File /opt/***/dataset/raw/Indeks-Standar-Pencemar-Udara-di-SPKU-Bulan-Agustus-Tahun-2016.csv uploaded to raw/Indeks-Standar-Pencemar-Udara-di-SPKU-Bulan-Agustus-Tahun-2016.csv in ampun_puh_sepuh bucket
[2023-12-07T16:52:43.936+0000] {connection.py:232} WARNING - Connection schemes (type: google_cloud_platform) shall not contain '_' according to RFC3986.
[2023-12-07T16:52:43.938+0000] {base.py:73} INFO - Using connection ID 'google_cloud_default' for task execution.
[2023-12-07T16:52:44.954+0000] {gcs.py:562} INFO - File /opt/***/dataset/raw/Indeks-Standar-Pencemar-Udara-di-SPKU-Bulan-September-Tahun-2016.csv uploaded to raw/Indeks-Standar-Pencemar-Udara-di-SPKU-Bulan-September-Tahun-2016.csv in ampun_puh_sepuh bucket
[2023-12-07T16:52:44.957+0000] {connection.py:232} WARNING - Connection schemes (type: google_cloud_platform) shall not contain '_' according to RFC3986.
[2023-12-07T16:52:44.960+0000] {base.py:73} INFO - Using connection ID 'google_cloud_default' for task execution.
[2023-12-07T16:52:45.876+0000] {gcs.py:562} INFO - File /opt/***/dataset/raw/Indeks-Standar-Pencemar-Udara-di-SPKU-Bulan-Oktober-Tahun-2016.csv uploaded to raw/Indeks-Standar-Pencemar-Udara-di-SPKU-Bulan-Oktober-Tahun-2016.csv in ampun_puh_sepuh bucket
[2023-12-07T16:52:45.880+0000] {connection.py:232} WARNING - Connection schemes (type: google_cloud_platform) shall not contain '_' according to RFC3986.
[2023-12-07T16:52:45.884+0000] {base.py:73} INFO - Using connection ID 'google_cloud_default' for task execution.
[2023-12-07T16:52:46.798+0000] {gcs.py:562} INFO - File /opt/***/dataset/raw/Indeks-Standar-Pencemar-Udara-di-SPKU-Bulan-November-Tahun-2016.csv uploaded to raw/Indeks-Standar-Pencemar-Udara-di-SPKU-Bulan-November-Tahun-2016.csv in ampun_puh_sepuh bucket
[2023-12-07T16:52:46.804+0000] {connection.py:232} WARNING - Connection schemes (type: google_cloud_platform) shall not contain '_' according to RFC3986.
[2023-12-07T16:52:46.806+0000] {base.py:73} INFO - Using connection ID 'google_cloud_default' for task execution.
[2023-12-07T16:52:47.821+0000] {gcs.py:562} INFO - File /opt/***/dataset/raw/Indeks-Standar-Pencemar-Udara-di-SPKU-Bulan-Desember-Tahun-2016.csv uploaded to raw/Indeks-Standar-Pencemar-Udara-di-SPKU-Bulan-Desember-Tahun-2016.csv in ampun_puh_sepuh bucket
[2023-12-07T16:52:47.825+0000] {python.py:194} INFO - Done. Returned value was: None
[2023-12-07T16:52:47.851+0000] {taskinstance.py:1400} INFO - Marking task as SUCCESS. dag_id=etl_local_to_gcs_to_bigquery, task_id=loads_raw_data_to_gcs.upload_raw_data_2016_to_gcs, execution_date=20231207T162304, start_date=20231207T165236, end_date=20231207T165247
[2023-12-07T16:52:47.943+0000] {local_task_job_runner.py:228} INFO - Task exited with return code 0
[2023-12-07T16:52:47.998+0000] {taskinstance.py:2778} INFO - 1 downstream tasks scheduled from follow-on schedule check
